running develop
running egg_info
creating semubot_bringup.egg-info
writing semubot_bringup.egg-info/PKG-INFO
writing dependency_links to semubot_bringup.egg-info/dependency_links.txt
writing requirements to semubot_bringup.egg-info/requires.txt
writing top-level names to semubot_bringup.egg-info/top_level.txt
writing manifest file 'semubot_bringup.egg-info/SOURCES.txt'
reading manifest file 'semubot_bringup.egg-info/SOURCES.txt'
writing manifest file 'semubot_bringup.egg-info/SOURCES.txt'
running build_ext
Creating /home/mykyta-nesterenko/Nesterenko-thesis-2026-ROS-stack/install/semubot_bringup/lib/python3.12/site-packages/semubot-bringup.egg-link (link to .)

Installed /home/mykyta-nesterenko/Nesterenko-thesis-2026-ROS-stack/build/semubot_bringup
running symlink_data
creating /home/mykyta-nesterenko/Nesterenko-thesis-2026-ROS-stack/install/semubot_bringup/share/ament_index
creating /home/mykyta-nesterenko/Nesterenko-thesis-2026-ROS-stack/install/semubot_bringup/share/ament_index/resource_index
creating /home/mykyta-nesterenko/Nesterenko-thesis-2026-ROS-stack/install/semubot_bringup/share/ament_index/resource_index/packages
symbolically linking /home/mykyta-nesterenko/Nesterenko-thesis-2026-ROS-stack/build/semubot_bringup/resource/semubot_bringup -> /home/mykyta-nesterenko/Nesterenko-thesis-2026-ROS-stack/install/semubot_bringup/share/ament_index/resource_index/packages
symbolically linking /home/mykyta-nesterenko/Nesterenko-thesis-2026-ROS-stack/build/semubot_bringup/package.xml -> /home/mykyta-nesterenko/Nesterenko-thesis-2026-ROS-stack/install/semubot_bringup/share/semubot_bringup
creating /home/mykyta-nesterenko/Nesterenko-thesis-2026-ROS-stack/install/semubot_bringup/share/semubot_bringup/launch
symbolically linking /home/mykyta-nesterenko/Nesterenko-thesis-2026-ROS-stack/build/semubot_bringup/launch/agent.launch.py -> /home/mykyta-nesterenko/Nesterenko-thesis-2026-ROS-stack/install/semubot_bringup/share/semubot_bringup/launch
