[1.002s] Invoking command in '/home/mykyta-nesterenko/Nesterenko-thesis-2026-ROS-stack/build/semubot_bringup': DEBUGINFOD_URLS=https://debuginfod.ubuntu.com PYTHONPATH=/home/mykyta-nesterenko/Nesterenko-thesis-2026-ROS-stack/build/semubot_bringup/prefix_override:/usr/lib/python3/dist-packages/colcon_core/task/python/colcon_distutils_commands:/home/mykyta-nesterenko/Nesterenko-thesis-2026-ROS-stack/install/semubot_bringup/lib/python3.12/site-packages:${PYTHONPATH} /usr/bin/python3 -W ignore:setup.py install is deprecated -W ignore:easy_install command is deprecated setup.py develop --editable --build-directory /home/mykyta-nesterenko/Nesterenko-thesis-2026-ROS-stack/build/semubot_bringup/build --no-deps symlink_data
[1.255s] running develop
[1.426s] running egg_info
[1.426s] creating semubot_bringup.egg-info
[1.442s] writing semubot_bringup.egg-info/PKG-INFO
[1.442s] writing dependency_links to semubot_bringup.egg-info/dependency_links.txt
[1.443s] writing requirements to semubot_bringup.egg-info/requires.txt
[1.443s] writing top-level names to semubot_bringup.egg-info/top_level.txt
[1.443s] writing manifest file 'semubot_bringup.egg-info/SOURCES.txt'
[1.493s] reading manifest file 'semubot_bringup.egg-info/SOURCES.txt'
[1.494s] writing manifest file 'semubot_bringup.egg-info/SOURCES.txt'
[1.519s] running build_ext
[1.519s] Creating /home/mykyta-nesterenko/Nesterenko-thesis-2026-ROS-stack/install/semubot_bringup/lib/python3.12/site-packages/semubot-bringup.egg-link (link to .)
[1.520s] 
[1.520s] Installed /home/mykyta-nesterenko/Nesterenko-thesis-2026-ROS-stack/build/semubot_bringup
[1.521s] running symlink_data
[1.521s] creating /home/mykyta-nesterenko/Nesterenko-thesis-2026-ROS-stack/install/semubot_bringup/share/ament_index
[1.521s] creating /home/mykyta-nesterenko/Nesterenko-thesis-2026-ROS-stack/install/semubot_bringup/share/ament_index/resource_index
[1.521s] creating /home/mykyta-nesterenko/Nesterenko-thesis-2026-ROS-stack/install/semubot_bringup/share/ament_index/resource_index/packages
[1.521s] symbolically linking /home/mykyta-nesterenko/Nesterenko-thesis-2026-ROS-stack/build/semubot_bringup/resource/semubot_bringup -> /home/mykyta-nesterenko/Nesterenko-thesis-2026-ROS-stack/install/semubot_bringup/share/ament_index/resource_index/packages
[1.521s] symbolically linking /home/mykyta-nesterenko/Nesterenko-thesis-2026-ROS-stack/build/semubot_bringup/package.xml -> /home/mykyta-nesterenko/Nesterenko-thesis-2026-ROS-stack/install/semubot_bringup/share/semubot_bringup
[1.521s] creating /home/mykyta-nesterenko/Nesterenko-thesis-2026-ROS-stack/install/semubot_bringup/share/semubot_bringup/launch
[1.521s] symbolically linking /home/mykyta-nesterenko/Nesterenko-thesis-2026-ROS-stack/build/semubot_bringup/launch/agent.launch.py -> /home/mykyta-nesterenko/Nesterenko-thesis-2026-ROS-stack/install/semubot_bringup/share/semubot_bringup/launch
[1.565s] Invoked command in '/home/mykyta-nesterenko/Nesterenko-thesis-2026-ROS-stack/build/semubot_bringup' returned '0': DEBUGINFOD_URLS=https://debuginfod.ubuntu.com PYTHONPATH=/home/mykyta-nesterenko/Nesterenko-thesis-2026-ROS-stack/build/semubot_bringup/prefix_override:/usr/lib/python3/dist-packages/colcon_core/task/python/colcon_distutils_commands:/home/mykyta-nesterenko/Nesterenko-thesis-2026-ROS-stack/install/semubot_bringup/lib/python3.12/site-packages:${PYTHONPATH} /usr/bin/python3 -W ignore:setup.py install is deprecated -W ignore:easy_install command is deprecated setup.py develop --editable --build-directory /home/mykyta-nesterenko/Nesterenko-thesis-2026-ROS-stack/build/semubot_bringup/build --no-deps symlink_data
