[1.015s] Invoking command in '/home/mykyta-nesterenko/Nesterenko-thesis-2026-ROS-stack/build/respeaker_ros': DEBUGINFOD_URLS=https://debuginfod.ubuntu.com PYTHONPATH=/home/mykyta-nesterenko/Nesterenko-thesis-2026-ROS-stack/build/respeaker_ros/prefix_override:/usr/lib/python3/dist-packages/colcon_core/task/python/colcon_distutils_commands:/home/mykyta-nesterenko/Nesterenko-thesis-2026-ROS-stack/install/respeaker_ros/lib/python3.12/site-packages:${PYTHONPATH} /usr/bin/python3 -W ignore:setup.py install is deprecated -W ignore:easy_install command is deprecated setup.py develop --editable --build-directory /home/mykyta-nesterenko/Nesterenko-thesis-2026-ROS-stack/build/respeaker_ros/build --no-deps symlink_data
[1.250s] running develop
[1.419s] running egg_info
[1.419s] creating respeaker_ros.egg-info
[1.439s] writing respeaker_ros.egg-info/PKG-INFO
[1.439s] writing dependency_links to respeaker_ros.egg-info/dependency_links.txt
[1.439s] writing entry points to respeaker_ros.egg-info/entry_points.txt
[1.440s] writing requirements to respeaker_ros.egg-info/requires.txt
[1.440s] writing top-level names to respeaker_ros.egg-info/top_level.txt
[1.440s] writing manifest file 'respeaker_ros.egg-info/SOURCES.txt'
[1.469s] reading manifest file 'respeaker_ros.egg-info/SOURCES.txt'
[1.470s] writing manifest file 'respeaker_ros.egg-info/SOURCES.txt'
[1.485s] running build_ext
[1.485s] Creating /home/mykyta-nesterenko/Nesterenko-thesis-2026-ROS-stack/install/respeaker_ros/lib/python3.12/site-packages/respeaker-ros.egg-link (link to .)
[1.486s] Installing respeaker_node script to /home/mykyta-nesterenko/Nesterenko-thesis-2026-ROS-stack/install/respeaker_ros/lib/respeaker_ros
[1.486s] 
[1.486s] Installed /home/mykyta-nesterenko/Nesterenko-thesis-2026-ROS-stack/build/respeaker_ros
[1.486s] running symlink_data
[1.486s] symbolically linking /home/mykyta-nesterenko/Nesterenko-thesis-2026-ROS-stack/build/respeaker_ros/package.xml -> /home/mykyta-nesterenko/Nesterenko-thesis-2026-ROS-stack/install/respeaker_ros/share/respeaker_ros
[1.486s] creating /home/mykyta-nesterenko/Nesterenko-thesis-2026-ROS-stack/install/respeaker_ros/share/ament_index
[1.486s] creating /home/mykyta-nesterenko/Nesterenko-thesis-2026-ROS-stack/install/respeaker_ros/share/ament_index/resource_index
[1.487s] creating /home/mykyta-nesterenko/Nesterenko-thesis-2026-ROS-stack/install/respeaker_ros/share/ament_index/resource_index/packages
[1.487s] symbolically linking /home/mykyta-nesterenko/Nesterenko-thesis-2026-ROS-stack/build/respeaker_ros/resource/respeaker_ros -> /home/mykyta-nesterenko/Nesterenko-thesis-2026-ROS-stack/install/respeaker_ros/share/ament_index/resource_index/packages
[1.515s] Invoked command in '/home/mykyta-nesterenko/Nesterenko-thesis-2026-ROS-stack/build/respeaker_ros' returned '0': DEBUGINFOD_URLS=https://debuginfod.ubuntu.com PYTHONPATH=/home/mykyta-nesterenko/Nesterenko-thesis-2026-ROS-stack/build/respeaker_ros/prefix_override:/usr/lib/python3/dist-packages/colcon_core/task/python/colcon_distutils_commands:/home/mykyta-nesterenko/Nesterenko-thesis-2026-ROS-stack/install/respeaker_ros/lib/python3.12/site-packages:${PYTHONPATH} /usr/bin/python3 -W ignore:setup.py install is deprecated -W ignore:easy_install command is deprecated setup.py develop --editable --build-directory /home/mykyta-nesterenko/Nesterenko-thesis-2026-ROS-stack/build/respeaker_ros/build --no-deps symlink_data
