[0.596s] Invoking command in '/home/mykyta-nesterenko/Nesterenko-thesis-2026-ROS-stack/build/semubot_ros_control': DEBUGINFOD_URLS=https://debuginfod.ubuntu.com /usr/bin/cmake /home/mykyta-nesterenko/Nesterenko-thesis-2026-ROS-stack/src/semubot_ros_control -DAMENT_CMAKE_SYMLINK_INSTALL=1 -DCMAKE_INSTALL_PREFIX=/home/mykyta-nesterenko/Nesterenko-thesis-2026-ROS-stack/install/semubot_ros_control
[0.667s] -- The C compiler identification is GNU 13.3.0
[0.795s] -- The CXX compiler identification is GNU 13.3.0
[0.813s] -- Detecting C compiler ABI info
[0.885s] -- Detecting C compiler ABI info - done
[0.891s] -- Check for working C compiler: /usr/bin/cc - skipped
[0.891s] -- Detecting C compile features
[0.892s] -- Detecting C compile features - done
[0.898s] -- Detecting CXX compiler ABI info
[0.960s] -- Detecting CXX compiler ABI info - done
[0.981s] -- Check for working CXX compiler: /usr/bin/c++ - skipped
[0.981s] -- Detecting CXX compile features
[0.982s] -- Detecting CXX compile features - done
[1.004s] -- Configuring incomplete, errors occurred!
[1.004s] [31mCMake Error at CMakeLists.txt:24 (find_package):
[1.004s]   By not providing "Findament_cmake.cmake" in CMAKE_MODULE_PATH this project
[1.004s]   has asked CMake to find a package configuration file provided by
[1.004s]   "ament_cmake", but CMake did not find one.
[1.005s] 
[1.005s]   Could not find a package configuration file provided by "ament_cmake" with
[1.005s]   any of the following names:
[1.005s] 
[1.005s]     ament_cmakeConfig.cmake
[1.005s]     ament_cmake-config.cmake
[1.005s] 
[1.005s]   Add the installation prefix of "ament_cmake" to CMAKE_PREFIX_PATH or set
[1.005s]   "ament_cmake_DIR" to a directory containing one of the above files.  If
[1.006s]   "ament_cmake" provides a separate development package or SDK, be sure it
[1.006s]   has been installed.
[1.006s] 
[1.006s] [0m
[1.009s] Invoked command in '/home/mykyta-nesterenko/Nesterenko-thesis-2026-ROS-stack/build/semubot_ros_control' returned '1': DEBUGINFOD_URLS=https://debuginfod.ubuntu.com /usr/bin/cmake /home/mykyta-nesterenko/Nesterenko-thesis-2026-ROS-stack/src/semubot_ros_control -DAMENT_CMAKE_SYMLINK_INSTALL=1 -DCMAKE_INSTALL_PREFIX=/home/mykyta-nesterenko/Nesterenko-thesis-2026-ROS-stack/install/semubot_ros_control
