-- Install configuration: ""
-- Up-to-date: /home/mykyta-nesterenko/Nesterenko-thesis-2026-ROS-stack/install/semubot_description/share/semubot_description/launch
-- Up-to-date: /home/mykyta-nesterenko/Nesterenko-thesis-2026-ROS-stack/install/semubot_description/share/semubot_description/launch/display_robot.launch.py
-- Up-to-date: /home/mykyta-nesterenko/Nesterenko-thesis-2026-ROS-stack/install/semubot_description/share/semubot_description/meshes
-- Up-to-date: /home/mykyta-nesterenko/Nesterenko-thesis-2026-ROS-stack/install/semubot_description/share/semubot_description/meshes/head_base.stl
-- Up-to-date: /home/mykyta-nesterenko/Nesterenko-thesis-2026-ROS-stack/install/semubot_description/share/semubot_description/meshes/head_scalp.stl
-- Up-to-date: /home/mykyta-nesterenko/Nesterenko-thesis-2026-ROS-stack/install/semubot_description/share/semubot_description/meshes/right_hand.stl
-- Up-to-date: /home/mykyta-nesterenko/Nesterenko-thesis-2026-ROS-stack/install/semubot_description/share/semubot_description/meshes/movement_frame.stl
-- Up-to-date: /home/mykyta-nesterenko/Nesterenko-thesis-2026-ROS-stack/install/semubot_description/share/semubot_description/meshes/left_hand.stl
-- Up-to-date: /home/mykyta-nesterenko/Nesterenko-thesis-2026-ROS-stack/install/semubot_description/share/semubot_description/meshes/body.stl
-- Up-to-date: /home/mykyta-nesterenko/Nesterenko-thesis-2026-ROS-stack/install/semubot_description/share/semubot_description/meshes/omni_ball.stl
-- Up-to-date: /home/mykyta-nesterenko/Nesterenko-thesis-2026-ROS-stack/install/semubot_description/share/semubot_description/meshes/head_screen.stl
-- Up-to-date: /home/mykyta-nesterenko/Nesterenko-thesis-2026-ROS-stack/install/semubot_description/share/semubot_description/urdf
-- Up-to-date: /home/mykyta-nesterenko/Nesterenko-thesis-2026-ROS-stack/install/semubot_description/share/semubot_description/urdf/semubot.urdf.xacro
-- Up-to-date: /home/mykyta-nesterenko/Nesterenko-thesis-2026-ROS-stack/install/semubot_description/share/semubot_description/urdf/head.urdf.xacro
-- Up-to-date: /home/mykyta-nesterenko/Nesterenko-thesis-2026-ROS-stack/install/semubot_description/share/semubot_description/config
-- Up-to-date: /home/mykyta-nesterenko/Nesterenko-thesis-2026-ROS-stack/install/semubot_description/share/semubot_description/config/semubot_description.rviz
-- Up-to-date: /home/mykyta-nesterenko/Nesterenko-thesis-2026-ROS-stack/install/semubot_description/share/ament_index/resource_index/package_run_dependencies/semubot_description
-- Up-to-date: /home/mykyta-nesterenko/Nesterenko-thesis-2026-ROS-stack/install/semubot_description/share/ament_index/resource_index/parent_prefix_path/semubot_description
-- Up-to-date: /home/mykyta-nesterenko/Nesterenko-thesis-2026-ROS-stack/install/semubot_description/share/semubot_description/environment/ament_prefix_path.sh
-- Up-to-date: /home/mykyta-nesterenko/Nesterenko-thesis-2026-ROS-stack/install/semubot_description/share/semubot_description/environment/ament_prefix_path.dsv
-- Up-to-date: /home/mykyta-nesterenko/Nesterenko-thesis-2026-ROS-stack/install/semubot_description/share/semubot_description/environment/path.sh
-- Up-to-date: /home/mykyta-nesterenko/Nesterenko-thesis-2026-ROS-stack/install/semubot_description/share/semubot_description/environment/path.dsv
-- Up-to-date: /home/mykyta-nesterenko/Nesterenko-thesis-2026-ROS-stack/install/semubot_description/share/semubot_description/local_setup.bash
-- Up-to-date: /home/mykyta-nesterenko/Nesterenko-thesis-2026-ROS-stack/install/semubot_description/share/semubot_description/local_setup.sh
-- Up-to-date: /home/mykyta-nesterenko/Nesterenko-thesis-2026-ROS-stack/install/semubot_description/share/semubot_description/local_setup.zsh
-- Up-to-date: /home/mykyta-nesterenko/Nesterenko-thesis-2026-ROS-stack/install/semubot_description/share/semubot_description/local_setup.dsv
-- Up-to-date: /home/mykyta-nesterenko/Nesterenko-thesis-2026-ROS-stack/install/semubot_description/share/semubot_description/package.dsv
-- Up-to-date: /home/mykyta-nesterenko/Nesterenko-thesis-2026-ROS-stack/install/semubot_description/share/ament_index/resource_index/packages/semubot_description
-- Up-to-date: /home/mykyta-nesterenko/Nesterenko-thesis-2026-ROS-stack/install/semubot_description/share/semubot_description/cmake/semubot_descriptionConfig.cmake
-- Up-to-date: /home/mykyta-nesterenko/Nesterenko-thesis-2026-ROS-stack/install/semubot_description/share/semubot_description/cmake/semubot_descriptionConfig-version.cmake
-- Up-to-date: /home/mykyta-nesterenko/Nesterenko-thesis-2026-ROS-stack/install/semubot_description/share/semubot_description/package.xml
