[0.011s] Invoking command in '/home/mykyta-nesterenko/Nesterenko-thesis-2026-ROS-stack/build/semubot_description': CMAKE_PREFIX_PATH=${CMAKE_PREFIX_PATH}:/opt/ros/jazzy DEBUGINFOD_URLS=https://debuginfod.ubuntu.com /usr/bin/cmake --build /home/mykyta-nesterenko/Nesterenko-thesis-2026-ROS-stack/build/semubot_description -- -j12 -l12
[0.049s] Invoked command in '/home/mykyta-nesterenko/Nesterenko-thesis-2026-ROS-stack/build/semubot_description' returned '0': CMAKE_PREFIX_PATH=${CMAKE_PREFIX_PATH}:/opt/ros/jazzy DEBUGINFOD_URLS=https://debuginfod.ubuntu.com /usr/bin/cmake --build /home/mykyta-nesterenko/Nesterenko-thesis-2026-ROS-stack/build/semubot_description -- -j12 -l12
[0.056s] Invoking command in '/home/mykyta-nesterenko/Nesterenko-thesis-2026-ROS-stack/build/semubot_description': CMAKE_PREFIX_PATH=${CMAKE_PREFIX_PATH}:/opt/ros/jazzy DEBUGINFOD_URLS=https://debuginfod.ubuntu.com /usr/bin/cmake --install /home/mykyta-nesterenko/Nesterenko-thesis-2026-ROS-stack/build/semubot_description
[0.068s] -- Install configuration: ""
[0.071s] -- Up-to-date: /home/mykyta-nesterenko/Nesterenko-thesis-2026-ROS-stack/install/semubot_description/share/semubot_description/launch
[0.071s] -- Up-to-date: /home/mykyta-nesterenko/Nesterenko-thesis-2026-ROS-stack/install/semubot_description/share/semubot_description/launch/display_robot.launch.py
[0.071s] -- Up-to-date: /home/mykyta-nesterenko/Nesterenko-thesis-2026-ROS-stack/install/semubot_description/share/semubot_description/meshes
[0.072s] -- Up-to-date: /home/mykyta-nesterenko/Nesterenko-thesis-2026-ROS-stack/install/semubot_description/share/semubot_description/meshes/head_base.stl
[0.072s] -- Up-to-date: /home/mykyta-nesterenko/Nesterenko-thesis-2026-ROS-stack/install/semubot_description/share/semubot_description/meshes/head_scalp.stl
[0.072s] -- Up-to-date: /home/mykyta-nesterenko/Nesterenko-thesis-2026-ROS-stack/install/semubot_description/share/semubot_description/meshes/right_hand.stl
[0.072s] -- Up-to-date: /home/mykyta-nesterenko/Nesterenko-thesis-2026-ROS-stack/install/semubot_description/share/semubot_description/meshes/movement_frame.stl
[0.072s] -- Up-to-date: /home/mykyta-nesterenko/Nesterenko-thesis-2026-ROS-stack/install/semubot_description/share/semubot_description/meshes/left_hand.stl
[0.072s] -- Up-to-date: /home/mykyta-nesterenko/Nesterenko-thesis-2026-ROS-stack/install/semubot_description/share/semubot_description/meshes/body.stl
[0.072s] -- Up-to-date: /home/mykyta-nesterenko/Nesterenko-thesis-2026-ROS-stack/install/semubot_description/share/semubot_description/meshes/omni_ball.stl
[0.072s] -- Up-to-date: /home/mykyta-nesterenko/Nesterenko-thesis-2026-ROS-stack/install/semubot_description/share/semubot_description/meshes/head_screen.stl
[0.072s] -- Up-to-date: /home/mykyta-nesterenko/Nesterenko-thesis-2026-ROS-stack/install/semubot_description/share/semubot_description/urdf
[0.072s] -- Up-to-date: /home/mykyta-nesterenko/Nesterenko-thesis-2026-ROS-stack/install/semubot_description/share/semubot_description/urdf/semubot.urdf.xacro
[0.072s] -- Up-to-date: /home/mykyta-nesterenko/Nesterenko-thesis-2026-ROS-stack/install/semubot_description/share/semubot_description/urdf/head.urdf.xacro
[0.072s] -- Up-to-date: /home/mykyta-nesterenko/Nesterenko-thesis-2026-ROS-stack/install/semubot_description/share/semubot_description/config
[0.073s] -- Up-to-date: /home/mykyta-nesterenko/Nesterenko-thesis-2026-ROS-stack/install/semubot_description/share/semubot_description/config/semubot_description.rviz
[0.073s] -- Up-to-date: /home/mykyta-nesterenko/Nesterenko-thesis-2026-ROS-stack/install/semubot_description/share/ament_index/resource_index/package_run_dependencies/semubot_description
[0.073s] -- Up-to-date: /home/mykyta-nesterenko/Nesterenko-thesis-2026-ROS-stack/install/semubot_description/share/ament_index/resource_index/parent_prefix_path/semubot_description
[0.074s] -- Up-to-date: /home/mykyta-nesterenko/Nesterenko-thesis-2026-ROS-stack/install/semubot_description/share/semubot_description/environment/ament_prefix_path.sh
[0.074s] -- Up-to-date: /home/mykyta-nesterenko/Nesterenko-thesis-2026-ROS-stack/install/semubot_description/share/semubot_description/environment/ament_prefix_path.dsv
[0.074s] -- Up-to-date: /home/mykyta-nesterenko/Nesterenko-thesis-2026-ROS-stack/install/semubot_description/share/semubot_description/environment/path.sh
[0.074s] -- Up-to-date: /home/mykyta-nesterenko/Nesterenko-thesis-2026-ROS-stack/install/semubot_description/share/semubot_description/environment/path.dsv
[0.074s] -- Up-to-date: /home/mykyta-nesterenko/Nesterenko-thesis-2026-ROS-stack/install/semubot_description/share/semubot_description/local_setup.bash
[0.074s] -- Up-to-date: /home/mykyta-nesterenko/Nesterenko-thesis-2026-ROS-stack/install/semubot_description/share/semubot_description/local_setup.sh
[0.074s] -- Up-to-date: /home/mykyta-nesterenko/Nesterenko-thesis-2026-ROS-stack/install/semubot_description/share/semubot_description/local_setup.zsh
[0.074s] -- Up-to-date: /home/mykyta-nesterenko/Nesterenko-thesis-2026-ROS-stack/install/semubot_description/share/semubot_description/local_setup.dsv
[0.074s] -- Up-to-date: /home/mykyta-nesterenko/Nesterenko-thesis-2026-ROS-stack/install/semubot_description/share/semubot_description/package.dsv
[0.074s] -- Up-to-date: /home/mykyta-nesterenko/Nesterenko-thesis-2026-ROS-stack/install/semubot_description/share/ament_index/resource_index/packages/semubot_description
[0.074s] -- Up-to-date: /home/mykyta-nesterenko/Nesterenko-thesis-2026-ROS-stack/install/semubot_description/share/semubot_description/cmake/semubot_descriptionConfig.cmake
[0.074s] -- Up-to-date: /home/mykyta-nesterenko/Nesterenko-thesis-2026-ROS-stack/install/semubot_description/share/semubot_description/cmake/semubot_descriptionConfig-version.cmake
[0.074s] -- Up-to-date: /home/mykyta-nesterenko/Nesterenko-thesis-2026-ROS-stack/install/semubot_description/share/semubot_description/package.xml
[0.075s] Invoked command in '/home/mykyta-nesterenko/Nesterenko-thesis-2026-ROS-stack/build/semubot_description' returned '0': CMAKE_PREFIX_PATH=${CMAKE_PREFIX_PATH}:/opt/ros/jazzy DEBUGINFOD_URLS=https://debuginfod.ubuntu.com /usr/bin/cmake --install /home/mykyta-nesterenko/Nesterenko-thesis-2026-ROS-stack/build/semubot_description
