[0.072s] DEBUG:colcon:Command line arguments: ['/usr/bin/colcon', 'build', '--symlink-install']
[0.072s] DEBUG:colcon:Parsed command line arguments: Namespace(log_base=None, log_level=None, verb_name='build', build_base='build', install_base='install', merge_install=False, symlink_install=True, test_result_base=None, continue_on_error=False, executor='parallel', parallel_workers=12, event_handlers=None, ignore_user_meta=False, metas=['./colcon.meta'], base_paths=['.'], packages_ignore=None, packages_ignore_regex=None, paths=None, packages_up_to=None, packages_up_to_regex=None, packages_above=None, packages_above_and_dependencies=None, packages_above_depth=None, packages_select_by_dep=None, packages_skip_by_dep=None, packages_skip_up_to=None, packages_select_build_failed=False, packages_skip_build_finished=False, packages_select_test_failures=False, packages_skip_test_passed=False, packages_select=None, packages_skip=None, packages_select_regex=None, packages_skip_regex=None, packages_start=None, packages_end=None, allow_overriding=[], cmake_args=None, cmake_target=None, cmake_target_skip_unavailable=False, cmake_clean_cache=False, cmake_clean_first=False, cmake_force_configure=False, ament_cmake_args=None, catkin_cmake_args=None, catkin_skip_building_tests=False, mixin_files=None, mixin=None, verb_parser=<colcon_mixin.mixin.mixin_argument.MixinArgumentDecorator object at 0x7e38f1283ef0>, verb_extension=<colcon_core.verb.build.BuildVerb object at 0x7e38f12836e0>, main=<bound method BuildVerb.main of <colcon_core.verb.build.BuildVerb object at 0x7e38f12836e0>>, mixin_verb=('build',))
[0.096s] Level 1:colcon.colcon_core.package_discovery:discover_packages(colcon_meta) check parameters
[0.096s] Level 1:colcon.colcon_core.package_discovery:discover_packages(recursive) check parameters
[0.096s] Level 1:colcon.colcon_core.package_discovery:discover_packages(ignore) check parameters
[0.096s] Level 1:colcon.colcon_core.package_discovery:discover_packages(path) check parameters
[0.096s] Level 1:colcon.colcon_core.package_discovery:discover_packages(colcon_meta) discover
[0.096s] Level 1:colcon.colcon_core.package_discovery:discover_packages(recursive) discover
[0.096s] INFO:colcon.colcon_core.package_discovery:Crawling recursively for packages in '/home/mykyta-nesterenko/Nesterenko-thesis-2026-ROS-stack'
[0.096s] Level 1:colcon.colcon_core.package_identification:_identify(.) by extensions ['ignore', 'ignore_ament_install']
[0.096s] Level 1:colcon.colcon_core.package_identification:_identify(.) by extension 'ignore'
[0.096s] Level 1:colcon.colcon_core.package_identification:_identify(.) by extension 'ignore_ament_install'
[0.096s] Level 1:colcon.colcon_core.package_identification:_identify(.) by extensions ['colcon_pkg']
[0.096s] Level 1:colcon.colcon_core.package_identification:_identify(.) by extension 'colcon_pkg'
[0.096s] Level 1:colcon.colcon_core.package_identification:_identify(.) by extensions ['colcon_meta']
[0.096s] Level 1:colcon.colcon_core.package_identification:_identify(.) by extension 'colcon_meta'
[0.096s] Level 1:colcon.colcon_core.package_identification:_identify(.) by extensions ['ros']
[0.096s] Level 1:colcon.colcon_core.package_identification:_identify(.) by extension 'ros'
[0.112s] Level 1:colcon.colcon_core.package_identification:_identify(.) by extensions ['cmake', 'python']
[0.112s] Level 1:colcon.colcon_core.package_identification:_identify(.) by extension 'cmake'
[0.112s] Level 1:colcon.colcon_core.package_identification:_identify(.) by extension 'python'
[0.112s] Level 1:colcon.colcon_core.package_identification:_identify(.) by extensions ['python_setup_py']
[0.112s] Level 1:colcon.colcon_core.package_identification:_identify(.) by extension 'python_setup_py'
[0.112s] Level 1:colcon.colcon_core.package_identification:_identify(build) by extensions ['ignore', 'ignore_ament_install']
[0.112s] Level 1:colcon.colcon_core.package_identification:_identify(build) by extension 'ignore'
[0.112s] Level 1:colcon.colcon_core.package_identification:_identify(build) ignored
[0.112s] Level 1:colcon.colcon_core.package_identification:_identify(install) by extensions ['ignore', 'ignore_ament_install']
[0.112s] Level 1:colcon.colcon_core.package_identification:_identify(install) by extension 'ignore'
[0.112s] Level 1:colcon.colcon_core.package_identification:_identify(install) ignored
[0.112s] Level 1:colcon.colcon_core.package_identification:_identify(log) by extensions ['ignore', 'ignore_ament_install']
[0.112s] Level 1:colcon.colcon_core.package_identification:_identify(log) by extension 'ignore'
[0.112s] Level 1:colcon.colcon_core.package_identification:_identify(log) ignored
[0.112s] Level 1:colcon.colcon_core.package_identification:_identify(src) by extensions ['ignore', 'ignore_ament_install']
[0.112s] Level 1:colcon.colcon_core.package_identification:_identify(src) by extension 'ignore'
[0.113s] Level 1:colcon.colcon_core.package_identification:_identify(src) by extension 'ignore_ament_install'
[0.113s] Level 1:colcon.colcon_core.package_identification:_identify(src) by extensions ['colcon_pkg']
[0.113s] Level 1:colcon.colcon_core.package_identification:_identify(src) by extension 'colcon_pkg'
[0.113s] Level 1:colcon.colcon_core.package_identification:_identify(src) by extensions ['colcon_meta']
[0.113s] Level 1:colcon.colcon_core.package_identification:_identify(src) by extension 'colcon_meta'
[0.113s] Level 1:colcon.colcon_core.package_identification:_identify(src) by extensions ['ros']
[0.113s] Level 1:colcon.colcon_core.package_identification:_identify(src) by extension 'ros'
[0.113s] Level 1:colcon.colcon_core.package_identification:_identify(src) by extensions ['cmake', 'python']
[0.113s] Level 1:colcon.colcon_core.package_identification:_identify(src) by extension 'cmake'
[0.113s] Level 1:colcon.colcon_core.package_identification:_identify(src) by extension 'python'
[0.113s] Level 1:colcon.colcon_core.package_identification:_identify(src) by extensions ['python_setup_py']
[0.113s] Level 1:colcon.colcon_core.package_identification:_identify(src) by extension 'python_setup_py'
[0.113s] Level 1:colcon.colcon_core.package_identification:_identify(src/respeaker_ros) by extensions ['ignore', 'ignore_ament_install']
[0.113s] Level 1:colcon.colcon_core.package_identification:_identify(src/respeaker_ros) by extension 'ignore'
[0.113s] Level 1:colcon.colcon_core.package_identification:_identify(src/respeaker_ros) by extension 'ignore_ament_install'
[0.113s] Level 1:colcon.colcon_core.package_identification:_identify(src/respeaker_ros) by extensions ['colcon_pkg']
[0.113s] Level 1:colcon.colcon_core.package_identification:_identify(src/respeaker_ros) by extension 'colcon_pkg'
[0.113s] Level 1:colcon.colcon_core.package_identification:_identify(src/respeaker_ros) by extensions ['colcon_meta']
[0.113s] Level 1:colcon.colcon_core.package_identification:_identify(src/respeaker_ros) by extension 'colcon_meta'
[0.113s] Level 1:colcon.colcon_core.package_identification:_identify(src/respeaker_ros) by extensions ['ros']
[0.113s] Level 1:colcon.colcon_core.package_identification:_identify(src/respeaker_ros) by extension 'ros'
[0.115s] DEBUG:colcon.colcon_core.package_identification:Package 'src/respeaker_ros' with type 'ros.ament_python' and name 'respeaker_ros'
[0.115s] Level 1:colcon.colcon_core.package_identification:_identify(src/semubot_bringup) by extensions ['ignore', 'ignore_ament_install']
[0.115s] Level 1:colcon.colcon_core.package_identification:_identify(src/semubot_bringup) by extension 'ignore'
[0.115s] Level 1:colcon.colcon_core.package_identification:_identify(src/semubot_bringup) by extension 'ignore_ament_install'
[0.115s] Level 1:colcon.colcon_core.package_identification:_identify(src/semubot_bringup) by extensions ['colcon_pkg']
[0.115s] Level 1:colcon.colcon_core.package_identification:_identify(src/semubot_bringup) by extension 'colcon_pkg'
[0.115s] Level 1:colcon.colcon_core.package_identification:_identify(src/semubot_bringup) by extensions ['colcon_meta']
[0.115s] Level 1:colcon.colcon_core.package_identification:_identify(src/semubot_bringup) by extension 'colcon_meta'
[0.115s] Level 1:colcon.colcon_core.package_identification:_identify(src/semubot_bringup) by extensions ['ros']
[0.115s] Level 1:colcon.colcon_core.package_identification:_identify(src/semubot_bringup) by extension 'ros'
[0.115s] DEBUG:colcon.colcon_core.package_identification:Package 'src/semubot_bringup' with type 'ros.ament_python' and name 'semubot_bringup'
[0.115s] Level 1:colcon.colcon_core.package_identification:_identify(src/semubot_description) by extensions ['ignore', 'ignore_ament_install']
[0.115s] Level 1:colcon.colcon_core.package_identification:_identify(src/semubot_description) by extension 'ignore'
[0.115s] Level 1:colcon.colcon_core.package_identification:_identify(src/semubot_description) by extension 'ignore_ament_install'
[0.116s] Level 1:colcon.colcon_core.package_identification:_identify(src/semubot_description) by extensions ['colcon_pkg']
[0.116s] Level 1:colcon.colcon_core.package_identification:_identify(src/semubot_description) by extension 'colcon_pkg'
[0.116s] Level 1:colcon.colcon_core.package_identification:_identify(src/semubot_description) by extensions ['colcon_meta']
[0.116s] Level 1:colcon.colcon_core.package_identification:_identify(src/semubot_description) by extension 'colcon_meta'
[0.116s] Level 1:colcon.colcon_core.package_identification:_identify(src/semubot_description) by extensions ['ros']
[0.116s] Level 1:colcon.colcon_core.package_identification:_identify(src/semubot_description) by extension 'ros'
[0.116s] DEBUG:colcon.colcon_core.package_identification:Package 'src/semubot_description' with type 'ros.ament_cmake' and name 'semubot_description'
[0.116s] Level 1:colcon.colcon_core.package_identification:_identify(src/semubot_driver) by extensions ['ignore', 'ignore_ament_install']
[0.116s] Level 1:colcon.colcon_core.package_identification:_identify(src/semubot_driver) by extension 'ignore'
[0.116s] Level 1:colcon.colcon_core.package_identification:_identify(src/semubot_driver) by extension 'ignore_ament_install'
[0.116s] Level 1:colcon.colcon_core.package_identification:_identify(src/semubot_driver) by extensions ['colcon_pkg']
[0.116s] Level 1:colcon.colcon_core.package_identification:_identify(src/semubot_driver) by extension 'colcon_pkg'
[0.116s] Level 1:colcon.colcon_core.package_identification:_identify(src/semubot_driver) by extensions ['colcon_meta']
[0.116s] Level 1:colcon.colcon_core.package_identification:_identify(src/semubot_driver) by extension 'colcon_meta'
[0.116s] Level 1:colcon.colcon_core.package_identification:_identify(src/semubot_driver) by extensions ['ros']
[0.116s] Level 1:colcon.colcon_core.package_identification:_identify(src/semubot_driver) by extension 'ros'
[0.117s] DEBUG:colcon.colcon_core.package_identification:Package 'src/semubot_driver' with type 'ros.ament_cmake' and name 'semubot_driver'
[0.117s] Level 1:colcon.colcon_core.package_identification:_identify(src/semubot_eyes) by extensions ['ignore', 'ignore_ament_install']
[0.117s] Level 1:colcon.colcon_core.package_identification:_identify(src/semubot_eyes) by extension 'ignore'
[0.117s] Level 1:colcon.colcon_core.package_identification:_identify(src/semubot_eyes) by extension 'ignore_ament_install'
[0.117s] Level 1:colcon.colcon_core.package_identification:_identify(src/semubot_eyes) by extensions ['colcon_pkg']
[0.117s] Level 1:colcon.colcon_core.package_identification:_identify(src/semubot_eyes) by extension 'colcon_pkg'
[0.117s] Level 1:colcon.colcon_core.package_identification:_identify(src/semubot_eyes) by extensions ['colcon_meta']
[0.117s] Level 1:colcon.colcon_core.package_identification:_identify(src/semubot_eyes) by extension 'colcon_meta'
[0.117s] Level 1:colcon.colcon_core.package_identification:_identify(src/semubot_eyes) by extensions ['ros']
[0.117s] Level 1:colcon.colcon_core.package_identification:_identify(src/semubot_eyes) by extension 'ros'
[0.117s] DEBUG:colcon.colcon_core.package_identification:Package 'src/semubot_eyes' with type 'ros.ament_python' and name 'semubot_eyes'
[0.117s] Level 1:colcon.colcon_core.package_identification:_identify(src/semubot_ros_control) by extensions ['ignore', 'ignore_ament_install']
[0.117s] Level 1:colcon.colcon_core.package_identification:_identify(src/semubot_ros_control) by extension 'ignore'
[0.117s] Level 1:colcon.colcon_core.package_identification:_identify(src/semubot_ros_control) by extension 'ignore_ament_install'
[0.117s] Level 1:colcon.colcon_core.package_identification:_identify(src/semubot_ros_control) by extensions ['colcon_pkg']
[0.117s] Level 1:colcon.colcon_core.package_identification:_identify(src/semubot_ros_control) by extension 'colcon_pkg'
[0.117s] Level 1:colcon.colcon_core.package_identification:_identify(src/semubot_ros_control) by extensions ['colcon_meta']
[0.117s] Level 1:colcon.colcon_core.package_identification:_identify(src/semubot_ros_control) by extension 'colcon_meta'
[0.117s] Level 1:colcon.colcon_core.package_identification:_identify(src/semubot_ros_control) by extensions ['ros']
[0.117s] Level 1:colcon.colcon_core.package_identification:_identify(src/semubot_ros_control) by extension 'ros'
[0.118s] DEBUG:colcon.colcon_core.package_identification:Package 'src/semubot_ros_control' with type 'ros.ament_cmake' and name 'semubot_ros_control'
[0.118s] Level 1:colcon.colcon_core.package_discovery:discover_packages(recursive) using defaults
[0.118s] Level 1:colcon.colcon_core.package_discovery:discover_packages(ignore) discover
[0.118s] Level 1:colcon.colcon_core.package_discovery:discover_packages(ignore) using defaults
[0.118s] Level 1:colcon.colcon_core.package_discovery:discover_packages(path) discover
[0.118s] Level 1:colcon.colcon_core.package_discovery:discover_packages(path) using defaults
[0.130s] Level 1:colcon.colcon_core.package_discovery:discover_packages(prefix_path) check parameters
[0.130s] Level 1:colcon.colcon_core.package_discovery:discover_packages(prefix_path) discover
[0.131s] DEBUG:colcon.colcon_installed_package_information.package_discovery:Found 309 installed packages in /opt/ros/jazzy
[0.132s] Level 1:colcon.colcon_core.package_discovery:discover_packages(prefix_path) using defaults
[0.159s] Level 5:colcon.colcon_core.verb:set package 'respeaker_ros' build argument 'cmake_args' from command line to 'None'
[0.159s] Level 5:colcon.colcon_core.verb:set package 'respeaker_ros' build argument 'cmake_target' from command line to 'None'
[0.159s] Level 5:colcon.colcon_core.verb:set package 'respeaker_ros' build argument 'cmake_target_skip_unavailable' from command line to 'False'
[0.159s] Level 5:colcon.colcon_core.verb:set package 'respeaker_ros' build argument 'cmake_clean_cache' from command line to 'False'
[0.159s] Level 5:colcon.colcon_core.verb:set package 'respeaker_ros' build argument 'cmake_clean_first' from command line to 'False'
[0.159s] Level 5:colcon.colcon_core.verb:set package 'respeaker_ros' build argument 'cmake_force_configure' from command line to 'False'
[0.159s] Level 5:colcon.colcon_core.verb:set package 'respeaker_ros' build argument 'ament_cmake_args' from command line to 'None'
[0.159s] Level 5:colcon.colcon_core.verb:set package 'respeaker_ros' build argument 'catkin_cmake_args' from command line to 'None'
[0.159s] Level 5:colcon.colcon_core.verb:set package 'respeaker_ros' build argument 'catkin_skip_building_tests' from command line to 'False'
[0.159s] DEBUG:colcon.colcon_core.verb:Building package 'respeaker_ros' with the following arguments: {'ament_cmake_args': None, 'build_base': '/home/mykyta-nesterenko/Nesterenko-thesis-2026-ROS-stack/build/respeaker_ros', 'catkin_cmake_args': None, 'catkin_skip_building_tests': False, 'cmake_args': None, 'cmake_clean_cache': False, 'cmake_clean_first': False, 'cmake_force_configure': False, 'cmake_target': None, 'cmake_target_skip_unavailable': False, 'install_base': '/home/mykyta-nesterenko/Nesterenko-thesis-2026-ROS-stack/install/respeaker_ros', 'merge_install': False, 'path': '/home/mykyta-nesterenko/Nesterenko-thesis-2026-ROS-stack/src/respeaker_ros', 'symlink_install': True, 'test_result_base': None}
[0.159s] Level 5:colcon.colcon_core.verb:set package 'semubot_bringup' build argument 'cmake_args' from command line to 'None'
[0.159s] Level 5:colcon.colcon_core.verb:set package 'semubot_bringup' build argument 'cmake_target' from command line to 'None'
[0.159s] Level 5:colcon.colcon_core.verb:set package 'semubot_bringup' build argument 'cmake_target_skip_unavailable' from command line to 'False'
[0.159s] Level 5:colcon.colcon_core.verb:set package 'semubot_bringup' build argument 'cmake_clean_cache' from command line to 'False'
[0.159s] Level 5:colcon.colcon_core.verb:set package 'semubot_bringup' build argument 'cmake_clean_first' from command line to 'False'
[0.159s] Level 5:colcon.colcon_core.verb:set package 'semubot_bringup' build argument 'cmake_force_configure' from command line to 'False'
[0.159s] Level 5:colcon.colcon_core.verb:set package 'semubot_bringup' build argument 'ament_cmake_args' from command line to 'None'
[0.159s] Level 5:colcon.colcon_core.verb:set package 'semubot_bringup' build argument 'catkin_cmake_args' from command line to 'None'
[0.159s] Level 5:colcon.colcon_core.verb:set package 'semubot_bringup' build argument 'catkin_skip_building_tests' from command line to 'False'
[0.159s] DEBUG:colcon.colcon_core.verb:Building package 'semubot_bringup' with the following arguments: {'ament_cmake_args': None, 'build_base': '/home/mykyta-nesterenko/Nesterenko-thesis-2026-ROS-stack/build/semubot_bringup', 'catkin_cmake_args': None, 'catkin_skip_building_tests': False, 'cmake_args': None, 'cmake_clean_cache': False, 'cmake_clean_first': False, 'cmake_force_configure': False, 'cmake_target': None, 'cmake_target_skip_unavailable': False, 'install_base': '/home/mykyta-nesterenko/Nesterenko-thesis-2026-ROS-stack/install/semubot_bringup', 'merge_install': False, 'path': '/home/mykyta-nesterenko/Nesterenko-thesis-2026-ROS-stack/src/semubot_bringup', 'symlink_install': True, 'test_result_base': None}
[0.159s] Level 5:colcon.colcon_core.verb:set package 'semubot_description' build argument 'cmake_args' from command line to 'None'
[0.159s] Level 5:colcon.colcon_core.verb:set package 'semubot_description' build argument 'cmake_target' from command line to 'None'
[0.159s] Level 5:colcon.colcon_core.verb:set package 'semubot_description' build argument 'cmake_target_skip_unavailable' from command line to 'False'
[0.159s] Level 5:colcon.colcon_core.verb:set package 'semubot_description' build argument 'cmake_clean_cache' from command line to 'False'
[0.159s] Level 5:colcon.colcon_core.verb:set package 'semubot_description' build argument 'cmake_clean_first' from command line to 'False'
[0.159s] Level 5:colcon.colcon_core.verb:set package 'semubot_description' build argument 'cmake_force_configure' from command line to 'False'
[0.159s] Level 5:colcon.colcon_core.verb:set package 'semubot_description' build argument 'ament_cmake_args' from command line to 'None'
[0.159s] Level 5:colcon.colcon_core.verb:set package 'semubot_description' build argument 'catkin_cmake_args' from command line to 'None'
[0.159s] Level 5:colcon.colcon_core.verb:set package 'semubot_description' build argument 'catkin_skip_building_tests' from command line to 'False'
[0.159s] DEBUG:colcon.colcon_core.verb:Building package 'semubot_description' with the following arguments: {'ament_cmake_args': None, 'build_base': '/home/mykyta-nesterenko/Nesterenko-thesis-2026-ROS-stack/build/semubot_description', 'catkin_cmake_args': None, 'catkin_skip_building_tests': False, 'cmake_args': None, 'cmake_clean_cache': False, 'cmake_clean_first': False, 'cmake_force_configure': False, 'cmake_target': None, 'cmake_target_skip_unavailable': False, 'install_base': '/home/mykyta-nesterenko/Nesterenko-thesis-2026-ROS-stack/install/semubot_description', 'merge_install': False, 'path': '/home/mykyta-nesterenko/Nesterenko-thesis-2026-ROS-stack/src/semubot_description', 'symlink_install': True, 'test_result_base': None}
[0.159s] Level 5:colcon.colcon_core.verb:set package 'semubot_driver' build argument 'cmake_args' from command line to 'None'
[0.159s] Level 5:colcon.colcon_core.verb:set package 'semubot_driver' build argument 'cmake_target' from command line to 'None'
[0.159s] Level 5:colcon.colcon_core.verb:set package 'semubot_driver' build argument 'cmake_target_skip_unavailable' from command line to 'False'
[0.159s] Level 5:colcon.colcon_core.verb:set package 'semubot_driver' build argument 'cmake_clean_cache' from command line to 'False'
[0.159s] Level 5:colcon.colcon_core.verb:set package 'semubot_driver' build argument 'cmake_clean_first' from command line to 'False'
[0.160s] Level 5:colcon.colcon_core.verb:set package 'semubot_driver' build argument 'cmake_force_configure' from command line to 'False'
[0.160s] Level 5:colcon.colcon_core.verb:set package 'semubot_driver' build argument 'ament_cmake_args' from command line to 'None'
[0.160s] Level 5:colcon.colcon_core.verb:set package 'semubot_driver' build argument 'catkin_cmake_args' from command line to 'None'
[0.160s] Level 5:colcon.colcon_core.verb:set package 'semubot_driver' build argument 'catkin_skip_building_tests' from command line to 'False'
[0.160s] DEBUG:colcon.colcon_core.verb:Building package 'semubot_driver' with the following arguments: {'ament_cmake_args': None, 'build_base': '/home/mykyta-nesterenko/Nesterenko-thesis-2026-ROS-stack/build/semubot_driver', 'catkin_cmake_args': None, 'catkin_skip_building_tests': False, 'cmake_args': None, 'cmake_clean_cache': False, 'cmake_clean_first': False, 'cmake_force_configure': False, 'cmake_target': None, 'cmake_target_skip_unavailable': False, 'install_base': '/home/mykyta-nesterenko/Nesterenko-thesis-2026-ROS-stack/install/semubot_driver', 'merge_install': False, 'path': '/home/mykyta-nesterenko/Nesterenko-thesis-2026-ROS-stack/src/semubot_driver', 'symlink_install': True, 'test_result_base': None}
[0.160s] Level 5:colcon.colcon_core.verb:set package 'semubot_eyes' build argument 'cmake_args' from command line to 'None'
[0.160s] Level 5:colcon.colcon_core.verb:set package 'semubot_eyes' build argument 'cmake_target' from command line to 'None'
[0.160s] Level 5:colcon.colcon_core.verb:set package 'semubot_eyes' build argument 'cmake_target_skip_unavailable' from command line to 'False'
[0.160s] Level 5:colcon.colcon_core.verb:set package 'semubot_eyes' build argument 'cmake_clean_cache' from command line to 'False'
[0.160s] Level 5:colcon.colcon_core.verb:set package 'semubot_eyes' build argument 'cmake_clean_first' from command line to 'False'
[0.160s] Level 5:colcon.colcon_core.verb:set package 'semubot_eyes' build argument 'cmake_force_configure' from command line to 'False'
[0.160s] Level 5:colcon.colcon_core.verb:set package 'semubot_eyes' build argument 'ament_cmake_args' from command line to 'None'
[0.160s] Level 5:colcon.colcon_core.verb:set package 'semubot_eyes' build argument 'catkin_cmake_args' from command line to 'None'
[0.160s] Level 5:colcon.colcon_core.verb:set package 'semubot_eyes' build argument 'catkin_skip_building_tests' from command line to 'False'
[0.160s] DEBUG:colcon.colcon_core.verb:Building package 'semubot_eyes' with the following arguments: {'ament_cmake_args': None, 'build_base': '/home/mykyta-nesterenko/Nesterenko-thesis-2026-ROS-stack/build/semubot_eyes', 'catkin_cmake_args': None, 'catkin_skip_building_tests': False, 'cmake_args': None, 'cmake_clean_cache': False, 'cmake_clean_first': False, 'cmake_force_configure': False, 'cmake_target': None, 'cmake_target_skip_unavailable': False, 'install_base': '/home/mykyta-nesterenko/Nesterenko-thesis-2026-ROS-stack/install/semubot_eyes', 'merge_install': False, 'path': '/home/mykyta-nesterenko/Nesterenko-thesis-2026-ROS-stack/src/semubot_eyes', 'symlink_install': True, 'test_result_base': None}
[0.160s] Level 5:colcon.colcon_core.verb:set package 'semubot_ros_control' build argument 'cmake_args' from command line to 'None'
[0.160s] Level 5:colcon.colcon_core.verb:set package 'semubot_ros_control' build argument 'cmake_target' from command line to 'None'
[0.160s] Level 5:colcon.colcon_core.verb:set package 'semubot_ros_control' build argument 'cmake_target_skip_unavailable' from command line to 'False'
[0.160s] Level 5:colcon.colcon_core.verb:set package 'semubot_ros_control' build argument 'cmake_clean_cache' from command line to 'False'
[0.160s] Level 5:colcon.colcon_core.verb:set package 'semubot_ros_control' build argument 'cmake_clean_first' from command line to 'False'
[0.160s] Level 5:colcon.colcon_core.verb:set package 'semubot_ros_control' build argument 'cmake_force_configure' from command line to 'False'
[0.160s] Level 5:colcon.colcon_core.verb:set package 'semubot_ros_control' build argument 'ament_cmake_args' from command line to 'None'
[0.160s] Level 5:colcon.colcon_core.verb:set package 'semubot_ros_control' build argument 'catkin_cmake_args' from command line to 'None'
[0.160s] Level 5:colcon.colcon_core.verb:set package 'semubot_ros_control' build argument 'catkin_skip_building_tests' from command line to 'False'
[0.160s] DEBUG:colcon.colcon_core.verb:Building package 'semubot_ros_control' with the following arguments: {'ament_cmake_args': None, 'build_base': '/home/mykyta-nesterenko/Nesterenko-thesis-2026-ROS-stack/build/semubot_ros_control', 'catkin_cmake_args': None, 'catkin_skip_building_tests': False, 'cmake_args': None, 'cmake_clean_cache': False, 'cmake_clean_first': False, 'cmake_force_configure': False, 'cmake_target': None, 'cmake_target_skip_unavailable': False, 'install_base': '/home/mykyta-nesterenko/Nesterenko-thesis-2026-ROS-stack/install/semubot_ros_control', 'merge_install': False, 'path': '/home/mykyta-nesterenko/Nesterenko-thesis-2026-ROS-stack/src/semubot_ros_control', 'symlink_install': True, 'test_result_base': None}
[0.160s] INFO:colcon.colcon_core.executor:Executing jobs using 'parallel' executor
[0.161s] DEBUG:colcon.colcon_parallel_executor.executor.parallel:run_until_complete
[0.161s] INFO:colcon.colcon_ros.task.ament_python.build:Building ROS package in '/home/mykyta-nesterenko/Nesterenko-thesis-2026-ROS-stack/src/respeaker_ros' with build type 'ament_python'
[0.161s] Level 1:colcon.colcon_core.shell:create_environment_hook('respeaker_ros', 'ament_prefix_path')
[0.162s] INFO:colcon.colcon_core.plugin_system:Skipping extension 'colcon_core.shell.bat': Not used on non-Windows systems
[0.162s] INFO:colcon.colcon_core.shell:Creating environment hook '/home/mykyta-nesterenko/Nesterenko-thesis-2026-ROS-stack/install/respeaker_ros/share/respeaker_ros/hook/ament_prefix_path.ps1'
[0.163s] INFO:colcon.colcon_core.shell:Creating environment descriptor '/home/mykyta-nesterenko/Nesterenko-thesis-2026-ROS-stack/install/respeaker_ros/share/respeaker_ros/hook/ament_prefix_path.dsv'
[0.163s] INFO:colcon.colcon_core.shell:Creating environment hook '/home/mykyta-nesterenko/Nesterenko-thesis-2026-ROS-stack/install/respeaker_ros/share/respeaker_ros/hook/ament_prefix_path.sh'
[0.163s] INFO:colcon.colcon_core.shell:Skip shell extension 'powershell' for command environment: Not usable outside of PowerShell
[0.163s] DEBUG:colcon.colcon_core.shell:Skip shell extension 'dsv' for command environment
[0.165s] INFO:colcon.colcon_ros.task.ament_python.build:Building ROS package in '/home/mykyta-nesterenko/Nesterenko-thesis-2026-ROS-stack/src/semubot_bringup' with build type 'ament_python'
[0.165s] Level 1:colcon.colcon_core.shell:create_environment_hook('semubot_bringup', 'ament_prefix_path')
[0.165s] INFO:colcon.colcon_core.shell:Creating environment hook '/home/mykyta-nesterenko/Nesterenko-thesis-2026-ROS-stack/install/semubot_bringup/share/semubot_bringup/hook/ament_prefix_path.ps1'
[0.165s] INFO:colcon.colcon_core.shell:Creating environment descriptor '/home/mykyta-nesterenko/Nesterenko-thesis-2026-ROS-stack/install/semubot_bringup/share/semubot_bringup/hook/ament_prefix_path.dsv'
[0.165s] INFO:colcon.colcon_core.shell:Creating environment hook '/home/mykyta-nesterenko/Nesterenko-thesis-2026-ROS-stack/install/semubot_bringup/share/semubot_bringup/hook/ament_prefix_path.sh'
[0.166s] INFO:colcon.colcon_core.shell:Skip shell extension 'powershell' for command environment: Not usable outside of PowerShell
[0.166s] DEBUG:colcon.colcon_core.shell:Skip shell extension 'dsv' for command environment
[0.167s] INFO:colcon.colcon_ros.task.ament_cmake.build:Building ROS package in '/home/mykyta-nesterenko/Nesterenko-thesis-2026-ROS-stack/src/semubot_description' with build type 'ament_cmake'
[0.167s] INFO:colcon.colcon_cmake.task.cmake.build:Building CMake package in '/home/mykyta-nesterenko/Nesterenko-thesis-2026-ROS-stack/src/semubot_description'
[0.167s] INFO:colcon.colcon_core.shell:Skip shell extension 'powershell' for command environment: Not usable outside of PowerShell
[0.167s] DEBUG:colcon.colcon_core.shell:Skip shell extension 'dsv' for command environment
[0.169s] INFO:colcon.colcon_ros.task.ament_cmake.build:Building ROS package in '/home/mykyta-nesterenko/Nesterenko-thesis-2026-ROS-stack/src/semubot_driver' with build type 'ament_cmake'
[0.169s] INFO:colcon.colcon_cmake.task.cmake.build:Building CMake package in '/home/mykyta-nesterenko/Nesterenko-thesis-2026-ROS-stack/src/semubot_driver'
[0.169s] INFO:colcon.colcon_core.shell:Skip shell extension 'powershell' for command environment: Not usable outside of PowerShell
[0.169s] DEBUG:colcon.colcon_core.shell:Skip shell extension 'dsv' for command environment
[0.170s] INFO:colcon.colcon_ros.task.ament_python.build:Building ROS package in '/home/mykyta-nesterenko/Nesterenko-thesis-2026-ROS-stack/src/semubot_eyes' with build type 'ament_python'
[0.171s] Level 1:colcon.colcon_core.shell:create_environment_hook('semubot_eyes', 'ament_prefix_path')
[0.171s] INFO:colcon.colcon_core.shell:Creating environment hook '/home/mykyta-nesterenko/Nesterenko-thesis-2026-ROS-stack/install/semubot_eyes/share/semubot_eyes/hook/ament_prefix_path.ps1'
[0.171s] INFO:colcon.colcon_core.shell:Creating environment descriptor '/home/mykyta-nesterenko/Nesterenko-thesis-2026-ROS-stack/install/semubot_eyes/share/semubot_eyes/hook/ament_prefix_path.dsv'
[0.171s] INFO:colcon.colcon_core.shell:Creating environment hook '/home/mykyta-nesterenko/Nesterenko-thesis-2026-ROS-stack/install/semubot_eyes/share/semubot_eyes/hook/ament_prefix_path.sh'
[0.171s] INFO:colcon.colcon_core.shell:Skip shell extension 'powershell' for command environment: Not usable outside of PowerShell
[0.171s] DEBUG:colcon.colcon_core.shell:Skip shell extension 'dsv' for command environment
[0.173s] INFO:colcon.colcon_ros.task.ament_cmake.build:Building ROS package in '/home/mykyta-nesterenko/Nesterenko-thesis-2026-ROS-stack/src/semubot_ros_control' with build type 'ament_cmake'
[0.173s] INFO:colcon.colcon_cmake.task.cmake.build:Building CMake package in '/home/mykyta-nesterenko/Nesterenko-thesis-2026-ROS-stack/src/semubot_ros_control'
[0.173s] INFO:colcon.colcon_core.shell:Skip shell extension 'powershell' for command environment: Not usable outside of PowerShell
[0.173s] DEBUG:colcon.colcon_core.shell:Skip shell extension 'dsv' for command environment
[0.384s] INFO:colcon.colcon_core.task.python.build:Building Python package in '/home/mykyta-nesterenko/Nesterenko-thesis-2026-ROS-stack/src/respeaker_ros'
[0.384s] INFO:colcon.colcon_core.shell:Skip shell extension 'powershell' for command environment: Not usable outside of PowerShell
[0.384s] DEBUG:colcon.colcon_core.shell:Skip shell extension 'dsv' for command environment
[0.530s] INFO:colcon.colcon_core.task.python.build:Building Python package in '/home/mykyta-nesterenko/Nesterenko-thesis-2026-ROS-stack/src/semubot_bringup'
[0.530s] INFO:colcon.colcon_core.shell:Skip shell extension 'powershell' for command environment: Not usable outside of PowerShell
[0.530s] DEBUG:colcon.colcon_core.shell:Skip shell extension 'dsv' for command environment
[0.533s] DEBUG:colcon.colcon_core.event_handler.log_command:Invoking command in '/home/mykyta-nesterenko/Nesterenko-thesis-2026-ROS-stack/build/semubot_description': CMAKE_PREFIX_PATH=${CMAKE_PREFIX_PATH}:/opt/ros/jazzy DEBUGINFOD_URLS=https://debuginfod.ubuntu.com /usr/bin/cmake /home/mykyta-nesterenko/Nesterenko-thesis-2026-ROS-stack/src/semubot_description -DAMENT_CMAKE_SYMLINK_INSTALL=1 -DCMAKE_INSTALL_PREFIX=/home/mykyta-nesterenko/Nesterenko-thesis-2026-ROS-stack/install/semubot_description
[0.534s] DEBUG:colcon.colcon_core.event_handler.log_command:Invoking command in '/home/mykyta-nesterenko/Nesterenko-thesis-2026-ROS-stack/build/semubot_driver': CMAKE_PREFIX_PATH=${CMAKE_PREFIX_PATH}:/opt/ros/jazzy DEBUGINFOD_URLS=https://debuginfod.ubuntu.com /usr/bin/cmake /home/mykyta-nesterenko/Nesterenko-thesis-2026-ROS-stack/src/semubot_driver -DAMENT_CMAKE_SYMLINK_INSTALL=1 -DCMAKE_INSTALL_PREFIX=/home/mykyta-nesterenko/Nesterenko-thesis-2026-ROS-stack/install/semubot_driver
[0.685s] INFO:colcon.colcon_core.task.python.build:Building Python package in '/home/mykyta-nesterenko/Nesterenko-thesis-2026-ROS-stack/src/semubot_eyes'
[0.685s] INFO:colcon.colcon_core.shell:Skip shell extension 'powershell' for command environment: Not usable outside of PowerShell
[0.685s] DEBUG:colcon.colcon_core.shell:Skip shell extension 'dsv' for command environment
[0.691s] DEBUG:colcon.colcon_core.event_handler.log_command:Invoking command in '/home/mykyta-nesterenko/Nesterenko-thesis-2026-ROS-stack/build/semubot_ros_control': CMAKE_PREFIX_PATH=${CMAKE_PREFIX_PATH}:/opt/ros/jazzy DEBUGINFOD_URLS=https://debuginfod.ubuntu.com /usr/bin/cmake /home/mykyta-nesterenko/Nesterenko-thesis-2026-ROS-stack/src/semubot_ros_control -DAMENT_CMAKE_SYMLINK_INSTALL=1 -DCMAKE_INSTALL_PREFIX=/home/mykyta-nesterenko/Nesterenko-thesis-2026-ROS-stack/install/semubot_ros_control
[1.027s] DEBUG:colcon.colcon_core.event_handler.log_command:Invoked command in '/home/mykyta-nesterenko/Nesterenko-thesis-2026-ROS-stack/build/semubot_description' returned '0': CMAKE_PREFIX_PATH=${CMAKE_PREFIX_PATH}:/opt/ros/jazzy DEBUGINFOD_URLS=https://debuginfod.ubuntu.com /usr/bin/cmake /home/mykyta-nesterenko/Nesterenko-thesis-2026-ROS-stack/src/semubot_description -DAMENT_CMAKE_SYMLINK_INSTALL=1 -DCMAKE_INSTALL_PREFIX=/home/mykyta-nesterenko/Nesterenko-thesis-2026-ROS-stack/install/semubot_description
[1.028s] DEBUG:colcon.colcon_core.event_handler.log_command:Invoking command in '/home/mykyta-nesterenko/Nesterenko-thesis-2026-ROS-stack/build/semubot_description': CMAKE_PREFIX_PATH=${CMAKE_PREFIX_PATH}:/opt/ros/jazzy DEBUGINFOD_URLS=https://debuginfod.ubuntu.com /usr/bin/cmake --build /home/mykyta-nesterenko/Nesterenko-thesis-2026-ROS-stack/build/semubot_description -- -j12 -l12
[1.052s] DEBUG:colcon.colcon_core.event_handler.log_command:Invoked command in '/home/mykyta-nesterenko/Nesterenko-thesis-2026-ROS-stack/build/semubot_description' returned '0': CMAKE_PREFIX_PATH=${CMAKE_PREFIX_PATH}:/opt/ros/jazzy DEBUGINFOD_URLS=https://debuginfod.ubuntu.com /usr/bin/cmake --build /home/mykyta-nesterenko/Nesterenko-thesis-2026-ROS-stack/build/semubot_description -- -j12 -l12
[1.058s] DEBUG:colcon.colcon_core.event_handler.log_command:Invoking command in '/home/mykyta-nesterenko/Nesterenko-thesis-2026-ROS-stack/build/semubot_description': CMAKE_PREFIX_PATH=${CMAKE_PREFIX_PATH}:/opt/ros/jazzy DEBUGINFOD_URLS=https://debuginfod.ubuntu.com /usr/bin/cmake --install /home/mykyta-nesterenko/Nesterenko-thesis-2026-ROS-stack/build/semubot_description
[1.167s] DEBUG:colcon.colcon_core.event_handler.log_command:Invoking command in '/home/mykyta-nesterenko/Nesterenko-thesis-2026-ROS-stack/build/semubot_bringup': DEBUGINFOD_URLS=https://debuginfod.ubuntu.com PYTHONPATH=/home/mykyta-nesterenko/Nesterenko-thesis-2026-ROS-stack/build/semubot_bringup/prefix_override:/usr/lib/python3/dist-packages/colcon_core/task/python/colcon_distutils_commands:/home/mykyta-nesterenko/Nesterenko-thesis-2026-ROS-stack/install/semubot_bringup/lib/python3.12/site-packages:${PYTHONPATH} /usr/bin/python3 -W ignore:setup.py install is deprecated -W ignore:easy_install command is deprecated setup.py develop --editable --build-directory /home/mykyta-nesterenko/Nesterenko-thesis-2026-ROS-stack/build/semubot_bringup/build --no-deps symlink_data
[1.172s] DEBUG:colcon.colcon_core.event_handler.log_command:Invoking command in '/home/mykyta-nesterenko/Nesterenko-thesis-2026-ROS-stack/build/semubot_eyes': DEBUGINFOD_URLS=https://debuginfod.ubuntu.com PYTHONPATH=/home/mykyta-nesterenko/Nesterenko-thesis-2026-ROS-stack/build/semubot_eyes/prefix_override:/usr/lib/python3/dist-packages/colcon_core/task/python/colcon_distutils_commands:/home/mykyta-nesterenko/Nesterenko-thesis-2026-ROS-stack/install/semubot_eyes/lib/python3.12/site-packages:${PYTHONPATH} /usr/bin/python3 -W ignore:setup.py install is deprecated -W ignore:easy_install command is deprecated setup.py develop --editable --build-directory /home/mykyta-nesterenko/Nesterenko-thesis-2026-ROS-stack/build/semubot_eyes/build --no-deps symlink_data
[1.176s] DEBUG:colcon.colcon_core.event_handler.log_command:Invoking command in '/home/mykyta-nesterenko/Nesterenko-thesis-2026-ROS-stack/build/respeaker_ros': DEBUGINFOD_URLS=https://debuginfod.ubuntu.com PYTHONPATH=/home/mykyta-nesterenko/Nesterenko-thesis-2026-ROS-stack/build/respeaker_ros/prefix_override:/usr/lib/python3/dist-packages/colcon_core/task/python/colcon_distutils_commands:/home/mykyta-nesterenko/Nesterenko-thesis-2026-ROS-stack/install/respeaker_ros/lib/python3.12/site-packages:${PYTHONPATH} /usr/bin/python3 -W ignore:setup.py install is deprecated -W ignore:easy_install command is deprecated setup.py develop --editable --build-directory /home/mykyta-nesterenko/Nesterenko-thesis-2026-ROS-stack/build/respeaker_ros/build --no-deps symlink_data
[1.226s] Level 1:colcon.colcon_core.environment:create_environment_scripts_only(semubot_description)
[1.227s] DEBUG:colcon.colcon_core.event_handler.log_command:Invoked command in '/home/mykyta-nesterenko/Nesterenko-thesis-2026-ROS-stack/build/semubot_description' returned '0': CMAKE_PREFIX_PATH=${CMAKE_PREFIX_PATH}:/opt/ros/jazzy DEBUGINFOD_URLS=https://debuginfod.ubuntu.com /usr/bin/cmake --install /home/mykyta-nesterenko/Nesterenko-thesis-2026-ROS-stack/build/semubot_description
[1.229s] Level 1:colcon.colcon_core.environment:checking '/home/mykyta-nesterenko/Nesterenko-thesis-2026-ROS-stack/install/semubot_description' for CMake module files
[1.229s] Level 1:colcon.colcon_core.environment:checking '/home/mykyta-nesterenko/Nesterenko-thesis-2026-ROS-stack/install/semubot_description' for CMake config files
[1.230s] Level 1:colcon.colcon_core.shell:create_environment_hook('semubot_description', 'cmake_prefix_path')
[1.230s] INFO:colcon.colcon_core.shell:Creating environment hook '/home/mykyta-nesterenko/Nesterenko-thesis-2026-ROS-stack/install/semubot_description/share/semubot_description/hook/cmake_prefix_path.ps1'
[1.230s] INFO:colcon.colcon_core.shell:Creating environment descriptor '/home/mykyta-nesterenko/Nesterenko-thesis-2026-ROS-stack/install/semubot_description/share/semubot_description/hook/cmake_prefix_path.dsv'
[1.231s] INFO:colcon.colcon_core.shell:Creating environment hook '/home/mykyta-nesterenko/Nesterenko-thesis-2026-ROS-stack/install/semubot_description/share/semubot_description/hook/cmake_prefix_path.sh'
[1.231s] Level 1:colcon.colcon_core.environment:checking '/home/mykyta-nesterenko/Nesterenko-thesis-2026-ROS-stack/install/semubot_description/bin'
[1.231s] Level 1:colcon.colcon_core.environment:checking '/home/mykyta-nesterenko/Nesterenko-thesis-2026-ROS-stack/install/semubot_description/lib/pkgconfig/semubot_description.pc'
[1.231s] Level 1:colcon.colcon_core.environment:checking '/home/mykyta-nesterenko/Nesterenko-thesis-2026-ROS-stack/install/semubot_description/lib/python3.12/site-packages'
[1.232s] Level 1:colcon.colcon_core.environment:checking '/home/mykyta-nesterenko/Nesterenko-thesis-2026-ROS-stack/install/semubot_description/bin'
[1.232s] INFO:colcon.colcon_core.shell:Creating package script '/home/mykyta-nesterenko/Nesterenko-thesis-2026-ROS-stack/install/semubot_description/share/semubot_description/package.ps1'
[1.233s] INFO:colcon.colcon_core.shell:Creating package descriptor '/home/mykyta-nesterenko/Nesterenko-thesis-2026-ROS-stack/install/semubot_description/share/semubot_description/package.dsv'
[1.234s] INFO:colcon.colcon_core.shell:Creating package script '/home/mykyta-nesterenko/Nesterenko-thesis-2026-ROS-stack/install/semubot_description/share/semubot_description/package.sh'
[1.235s] INFO:colcon.colcon_core.shell:Creating package script '/home/mykyta-nesterenko/Nesterenko-thesis-2026-ROS-stack/install/semubot_description/share/semubot_description/package.bash'
[1.235s] INFO:colcon.colcon_core.shell:Creating package script '/home/mykyta-nesterenko/Nesterenko-thesis-2026-ROS-stack/install/semubot_description/share/semubot_description/package.zsh'
[1.236s] Level 1:colcon.colcon_core.environment:create_file_with_runtime_dependencies(/home/mykyta-nesterenko/Nesterenko-thesis-2026-ROS-stack/install/semubot_description/share/colcon-core/packages/semubot_description)
[1.236s] Level 1:colcon.colcon_core.environment:create_environment_scripts_only(semubot_description)
[1.236s] Level 1:colcon.colcon_core.environment:checking '/home/mykyta-nesterenko/Nesterenko-thesis-2026-ROS-stack/install/semubot_description' for CMake module files
[1.237s] Level 1:colcon.colcon_core.environment:checking '/home/mykyta-nesterenko/Nesterenko-thesis-2026-ROS-stack/install/semubot_description' for CMake config files
[1.237s] Level 1:colcon.colcon_core.shell:create_environment_hook('semubot_description', 'cmake_prefix_path')
[1.238s] INFO:colcon.colcon_core.shell:Creating environment hook '/home/mykyta-nesterenko/Nesterenko-thesis-2026-ROS-stack/install/semubot_description/share/semubot_description/hook/cmake_prefix_path.ps1'
[1.238s] INFO:colcon.colcon_core.shell:Creating environment descriptor '/home/mykyta-nesterenko/Nesterenko-thesis-2026-ROS-stack/install/semubot_description/share/semubot_description/hook/cmake_prefix_path.dsv'
[1.238s] INFO:colcon.colcon_core.shell:Creating environment hook '/home/mykyta-nesterenko/Nesterenko-thesis-2026-ROS-stack/install/semubot_description/share/semubot_description/hook/cmake_prefix_path.sh'
[1.239s] Level 1:colcon.colcon_core.environment:checking '/home/mykyta-nesterenko/Nesterenko-thesis-2026-ROS-stack/install/semubot_description/bin'
[1.239s] Level 1:colcon.colcon_core.environment:checking '/home/mykyta-nesterenko/Nesterenko-thesis-2026-ROS-stack/install/semubot_description/lib/pkgconfig/semubot_description.pc'
[1.239s] Level 1:colcon.colcon_core.environment:checking '/home/mykyta-nesterenko/Nesterenko-thesis-2026-ROS-stack/install/semubot_description/lib/python3.12/site-packages'
[1.239s] Level 1:colcon.colcon_core.environment:checking '/home/mykyta-nesterenko/Nesterenko-thesis-2026-ROS-stack/install/semubot_description/bin'
[1.240s] INFO:colcon.colcon_core.shell:Creating package script '/home/mykyta-nesterenko/Nesterenko-thesis-2026-ROS-stack/install/semubot_description/share/semubot_description/package.ps1'
[1.240s] INFO:colcon.colcon_core.shell:Creating package descriptor '/home/mykyta-nesterenko/Nesterenko-thesis-2026-ROS-stack/install/semubot_description/share/semubot_description/package.dsv'
[1.241s] INFO:colcon.colcon_core.shell:Creating package script '/home/mykyta-nesterenko/Nesterenko-thesis-2026-ROS-stack/install/semubot_description/share/semubot_description/package.sh'
[1.241s] INFO:colcon.colcon_core.shell:Creating package script '/home/mykyta-nesterenko/Nesterenko-thesis-2026-ROS-stack/install/semubot_description/share/semubot_description/package.bash'
[1.241s] INFO:colcon.colcon_core.shell:Creating package script '/home/mykyta-nesterenko/Nesterenko-thesis-2026-ROS-stack/install/semubot_description/share/semubot_description/package.zsh'
[1.242s] Level 1:colcon.colcon_core.environment:create_file_with_runtime_dependencies(/home/mykyta-nesterenko/Nesterenko-thesis-2026-ROS-stack/install/semubot_description/share/colcon-core/packages/semubot_description)
[1.346s] DEBUG:colcon.colcon_core.event_handler.log_command:Invoked command in '/home/mykyta-nesterenko/Nesterenko-thesis-2026-ROS-stack/build/semubot_driver' returned '0': CMAKE_PREFIX_PATH=${CMAKE_PREFIX_PATH}:/opt/ros/jazzy DEBUGINFOD_URLS=https://debuginfod.ubuntu.com /usr/bin/cmake /home/mykyta-nesterenko/Nesterenko-thesis-2026-ROS-stack/src/semubot_driver -DAMENT_CMAKE_SYMLINK_INSTALL=1 -DCMAKE_INSTALL_PREFIX=/home/mykyta-nesterenko/Nesterenko-thesis-2026-ROS-stack/install/semubot_driver
[1.347s] DEBUG:colcon.colcon_core.event_handler.log_command:Invoking command in '/home/mykyta-nesterenko/Nesterenko-thesis-2026-ROS-stack/build/semubot_driver': CMAKE_PREFIX_PATH=${CMAKE_PREFIX_PATH}:/opt/ros/jazzy DEBUGINFOD_URLS=https://debuginfod.ubuntu.com /usr/bin/cmake --build /home/mykyta-nesterenko/Nesterenko-thesis-2026-ROS-stack/build/semubot_driver -- -j12 -l12
[1.676s] Level 1:colcon.colcon_core.shell:create_environment_hook('respeaker_ros', 'pythonpath_develop')
[1.676s] INFO:colcon.colcon_core.shell:Creating environment hook '/home/mykyta-nesterenko/Nesterenko-thesis-2026-ROS-stack/build/respeaker_ros/share/respeaker_ros/hook/pythonpath_develop.ps1'
[1.676s] DEBUG:colcon.colcon_core.event_handler.log_command:Invoked command in '/home/mykyta-nesterenko/Nesterenko-thesis-2026-ROS-stack/build/respeaker_ros' returned '0': DEBUGINFOD_URLS=https://debuginfod.ubuntu.com PYTHONPATH=/home/mykyta-nesterenko/Nesterenko-thesis-2026-ROS-stack/build/respeaker_ros/prefix_override:/usr/lib/python3/dist-packages/colcon_core/task/python/colcon_distutils_commands:/home/mykyta-nesterenko/Nesterenko-thesis-2026-ROS-stack/install/respeaker_ros/lib/python3.12/site-packages:${PYTHONPATH} /usr/bin/python3 -W ignore:setup.py install is deprecated -W ignore:easy_install command is deprecated setup.py develop --editable --build-directory /home/mykyta-nesterenko/Nesterenko-thesis-2026-ROS-stack/build/respeaker_ros/build --no-deps symlink_data
[1.677s] INFO:colcon.colcon_core.shell:Creating environment descriptor '/home/mykyta-nesterenko/Nesterenko-thesis-2026-ROS-stack/build/respeaker_ros/share/respeaker_ros/hook/pythonpath_develop.dsv'
[1.677s] INFO:colcon.colcon_core.shell:Creating environment hook '/home/mykyta-nesterenko/Nesterenko-thesis-2026-ROS-stack/build/respeaker_ros/share/respeaker_ros/hook/pythonpath_develop.sh'
[1.677s] Level 1:colcon.colcon_core.environment:checking '/home/mykyta-nesterenko/Nesterenko-thesis-2026-ROS-stack/install/respeaker_ros' for CMake module files
[1.678s] Level 1:colcon.colcon_core.environment:checking '/home/mykyta-nesterenko/Nesterenko-thesis-2026-ROS-stack/install/respeaker_ros' for CMake config files
[1.678s] Level 1:colcon.colcon_core.environment:checking '/home/mykyta-nesterenko/Nesterenko-thesis-2026-ROS-stack/install/respeaker_ros/lib'
[1.679s] Level 1:colcon.colcon_core.environment:checking '/home/mykyta-nesterenko/Nesterenko-thesis-2026-ROS-stack/install/respeaker_ros/bin'
[1.679s] Level 1:colcon.colcon_core.environment:checking '/home/mykyta-nesterenko/Nesterenko-thesis-2026-ROS-stack/install/respeaker_ros/lib/pkgconfig/respeaker_ros.pc'
[1.679s] Level 1:colcon.colcon_core.environment:checking '/home/mykyta-nesterenko/Nesterenko-thesis-2026-ROS-stack/install/respeaker_ros/lib/python3.12/site-packages'
[1.679s] Level 1:colcon.colcon_core.shell:create_environment_hook('respeaker_ros', 'pythonpath')
[1.679s] INFO:colcon.colcon_core.shell:Creating environment hook '/home/mykyta-nesterenko/Nesterenko-thesis-2026-ROS-stack/install/respeaker_ros/share/respeaker_ros/hook/pythonpath.ps1'
[1.680s] INFO:colcon.colcon_core.shell:Creating environment descriptor '/home/mykyta-nesterenko/Nesterenko-thesis-2026-ROS-stack/install/respeaker_ros/share/respeaker_ros/hook/pythonpath.dsv'
[1.680s] INFO:colcon.colcon_core.shell:Creating environment hook '/home/mykyta-nesterenko/Nesterenko-thesis-2026-ROS-stack/install/respeaker_ros/share/respeaker_ros/hook/pythonpath.sh'
[1.681s] Level 1:colcon.colcon_core.environment:checking '/home/mykyta-nesterenko/Nesterenko-thesis-2026-ROS-stack/install/respeaker_ros/bin'
[1.681s] Level 1:colcon.colcon_core.environment:create_environment_scripts_only(respeaker_ros)
[1.681s] INFO:colcon.colcon_core.shell:Creating package script '/home/mykyta-nesterenko/Nesterenko-thesis-2026-ROS-stack/install/respeaker_ros/share/respeaker_ros/package.ps1'
[1.682s] INFO:colcon.colcon_core.shell:Creating package descriptor '/home/mykyta-nesterenko/Nesterenko-thesis-2026-ROS-stack/install/respeaker_ros/share/respeaker_ros/package.dsv'
[1.683s] INFO:colcon.colcon_core.shell:Creating package script '/home/mykyta-nesterenko/Nesterenko-thesis-2026-ROS-stack/install/respeaker_ros/share/respeaker_ros/package.sh'
[1.683s] INFO:colcon.colcon_core.shell:Creating package script '/home/mykyta-nesterenko/Nesterenko-thesis-2026-ROS-stack/install/respeaker_ros/share/respeaker_ros/package.bash'
[1.684s] INFO:colcon.colcon_core.shell:Creating package script '/home/mykyta-nesterenko/Nesterenko-thesis-2026-ROS-stack/install/respeaker_ros/share/respeaker_ros/package.zsh'
[1.684s] Level 1:colcon.colcon_core.environment:create_file_with_runtime_dependencies(/home/mykyta-nesterenko/Nesterenko-thesis-2026-ROS-stack/install/respeaker_ros/share/colcon-core/packages/respeaker_ros)
[1.730s] Level 1:colcon.colcon_core.shell:create_environment_hook('semubot_bringup', 'pythonpath_develop')
[1.730s] INFO:colcon.colcon_core.shell:Creating environment hook '/home/mykyta-nesterenko/Nesterenko-thesis-2026-ROS-stack/build/semubot_bringup/share/semubot_bringup/hook/pythonpath_develop.ps1'
[1.730s] DEBUG:colcon.colcon_core.event_handler.log_command:Invoked command in '/home/mykyta-nesterenko/Nesterenko-thesis-2026-ROS-stack/build/semubot_bringup' returned '0': DEBUGINFOD_URLS=https://debuginfod.ubuntu.com PYTHONPATH=/home/mykyta-nesterenko/Nesterenko-thesis-2026-ROS-stack/build/semubot_bringup/prefix_override:/usr/lib/python3/dist-packages/colcon_core/task/python/colcon_distutils_commands:/home/mykyta-nesterenko/Nesterenko-thesis-2026-ROS-stack/install/semubot_bringup/lib/python3.12/site-packages:${PYTHONPATH} /usr/bin/python3 -W ignore:setup.py install is deprecated -W ignore:easy_install command is deprecated setup.py develop --editable --build-directory /home/mykyta-nesterenko/Nesterenko-thesis-2026-ROS-stack/build/semubot_bringup/build --no-deps symlink_data
[1.731s] INFO:colcon.colcon_core.shell:Creating environment descriptor '/home/mykyta-nesterenko/Nesterenko-thesis-2026-ROS-stack/build/semubot_bringup/share/semubot_bringup/hook/pythonpath_develop.dsv'
[1.731s] INFO:colcon.colcon_core.shell:Creating environment hook '/home/mykyta-nesterenko/Nesterenko-thesis-2026-ROS-stack/build/semubot_bringup/share/semubot_bringup/hook/pythonpath_develop.sh'
[1.732s] Level 1:colcon.colcon_core.environment:checking '/home/mykyta-nesterenko/Nesterenko-thesis-2026-ROS-stack/install/semubot_bringup' for CMake module files
[1.733s] Level 1:colcon.colcon_core.environment:checking '/home/mykyta-nesterenko/Nesterenko-thesis-2026-ROS-stack/install/semubot_bringup' for CMake config files
[1.734s] Level 1:colcon.colcon_core.environment:checking '/home/mykyta-nesterenko/Nesterenko-thesis-2026-ROS-stack/install/semubot_bringup/lib'
[1.735s] Level 1:colcon.colcon_core.environment:checking '/home/mykyta-nesterenko/Nesterenko-thesis-2026-ROS-stack/install/semubot_bringup/bin'
[1.735s] Level 1:colcon.colcon_core.environment:checking '/home/mykyta-nesterenko/Nesterenko-thesis-2026-ROS-stack/install/semubot_bringup/lib/pkgconfig/semubot_bringup.pc'
[1.737s] Level 1:colcon.colcon_core.environment:checking '/home/mykyta-nesterenko/Nesterenko-thesis-2026-ROS-stack/install/semubot_bringup/lib/python3.12/site-packages'
[1.737s] Level 1:colcon.colcon_core.shell:create_environment_hook('semubot_bringup', 'pythonpath')
[1.738s] INFO:colcon.colcon_core.shell:Creating environment hook '/home/mykyta-nesterenko/Nesterenko-thesis-2026-ROS-stack/install/semubot_bringup/share/semubot_bringup/hook/pythonpath.ps1'
[1.738s] INFO:colcon.colcon_core.shell:Creating environment descriptor '/home/mykyta-nesterenko/Nesterenko-thesis-2026-ROS-stack/install/semubot_bringup/share/semubot_bringup/hook/pythonpath.dsv'
[1.739s] INFO:colcon.colcon_core.shell:Creating environment hook '/home/mykyta-nesterenko/Nesterenko-thesis-2026-ROS-stack/install/semubot_bringup/share/semubot_bringup/hook/pythonpath.sh'
[1.739s] Level 1:colcon.colcon_core.environment:checking '/home/mykyta-nesterenko/Nesterenko-thesis-2026-ROS-stack/install/semubot_bringup/bin'
[1.739s] Level 1:colcon.colcon_core.environment:create_environment_scripts_only(semubot_bringup)
[1.740s] INFO:colcon.colcon_core.shell:Creating package script '/home/mykyta-nesterenko/Nesterenko-thesis-2026-ROS-stack/install/semubot_bringup/share/semubot_bringup/package.ps1'
[1.740s] INFO:colcon.colcon_core.shell:Creating package descriptor '/home/mykyta-nesterenko/Nesterenko-thesis-2026-ROS-stack/install/semubot_bringup/share/semubot_bringup/package.dsv'
[1.741s] INFO:colcon.colcon_core.shell:Creating package script '/home/mykyta-nesterenko/Nesterenko-thesis-2026-ROS-stack/install/semubot_bringup/share/semubot_bringup/package.sh'
[1.741s] INFO:colcon.colcon_core.shell:Creating package script '/home/mykyta-nesterenko/Nesterenko-thesis-2026-ROS-stack/install/semubot_bringup/share/semubot_bringup/package.bash'
[1.742s] INFO:colcon.colcon_core.shell:Creating package script '/home/mykyta-nesterenko/Nesterenko-thesis-2026-ROS-stack/install/semubot_bringup/share/semubot_bringup/package.zsh'
[1.742s] Level 1:colcon.colcon_core.environment:create_file_with_runtime_dependencies(/home/mykyta-nesterenko/Nesterenko-thesis-2026-ROS-stack/install/semubot_bringup/share/colcon-core/packages/semubot_bringup)
[1.766s] Level 1:colcon.colcon_core.shell:create_environment_hook('semubot_eyes', 'pythonpath_develop')
[1.766s] INFO:colcon.colcon_core.shell:Creating environment hook '/home/mykyta-nesterenko/Nesterenko-thesis-2026-ROS-stack/build/semubot_eyes/share/semubot_eyes/hook/pythonpath_develop.ps1'
[1.767s] DEBUG:colcon.colcon_core.event_handler.log_command:Invoked command in '/home/mykyta-nesterenko/Nesterenko-thesis-2026-ROS-stack/build/semubot_eyes' returned '0': DEBUGINFOD_URLS=https://debuginfod.ubuntu.com PYTHONPATH=/home/mykyta-nesterenko/Nesterenko-thesis-2026-ROS-stack/build/semubot_eyes/prefix_override:/usr/lib/python3/dist-packages/colcon_core/task/python/colcon_distutils_commands:/home/mykyta-nesterenko/Nesterenko-thesis-2026-ROS-stack/install/semubot_eyes/lib/python3.12/site-packages:${PYTHONPATH} /usr/bin/python3 -W ignore:setup.py install is deprecated -W ignore:easy_install command is deprecated setup.py develop --editable --build-directory /home/mykyta-nesterenko/Nesterenko-thesis-2026-ROS-stack/build/semubot_eyes/build --no-deps symlink_data
[1.767s] INFO:colcon.colcon_core.shell:Creating environment descriptor '/home/mykyta-nesterenko/Nesterenko-thesis-2026-ROS-stack/build/semubot_eyes/share/semubot_eyes/hook/pythonpath_develop.dsv'
[1.767s] INFO:colcon.colcon_core.shell:Creating environment hook '/home/mykyta-nesterenko/Nesterenko-thesis-2026-ROS-stack/build/semubot_eyes/share/semubot_eyes/hook/pythonpath_develop.sh'
[1.768s] Level 1:colcon.colcon_core.environment:checking '/home/mykyta-nesterenko/Nesterenko-thesis-2026-ROS-stack/install/semubot_eyes' for CMake module files
[1.768s] Level 1:colcon.colcon_core.environment:checking '/home/mykyta-nesterenko/Nesterenko-thesis-2026-ROS-stack/install/semubot_eyes' for CMake config files
[1.769s] Level 1:colcon.colcon_core.environment:checking '/home/mykyta-nesterenko/Nesterenko-thesis-2026-ROS-stack/install/semubot_eyes/lib'
[1.769s] Level 1:colcon.colcon_core.environment:checking '/home/mykyta-nesterenko/Nesterenko-thesis-2026-ROS-stack/install/semubot_eyes/bin'
[1.769s] Level 1:colcon.colcon_core.environment:checking '/home/mykyta-nesterenko/Nesterenko-thesis-2026-ROS-stack/install/semubot_eyes/lib/pkgconfig/semubot_eyes.pc'
[1.769s] Level 1:colcon.colcon_core.environment:checking '/home/mykyta-nesterenko/Nesterenko-thesis-2026-ROS-stack/install/semubot_eyes/lib/python3.12/site-packages'
[1.769s] Level 1:colcon.colcon_core.shell:create_environment_hook('semubot_eyes', 'pythonpath')
[1.770s] INFO:colcon.colcon_core.shell:Creating environment hook '/home/mykyta-nesterenko/Nesterenko-thesis-2026-ROS-stack/install/semubot_eyes/share/semubot_eyes/hook/pythonpath.ps1'
[1.770s] INFO:colcon.colcon_core.shell:Creating environment descriptor '/home/mykyta-nesterenko/Nesterenko-thesis-2026-ROS-stack/install/semubot_eyes/share/semubot_eyes/hook/pythonpath.dsv'
[1.770s] INFO:colcon.colcon_core.shell:Creating environment hook '/home/mykyta-nesterenko/Nesterenko-thesis-2026-ROS-stack/install/semubot_eyes/share/semubot_eyes/hook/pythonpath.sh'
[1.771s] Level 1:colcon.colcon_core.environment:checking '/home/mykyta-nesterenko/Nesterenko-thesis-2026-ROS-stack/install/semubot_eyes/bin'
[1.771s] Level 1:colcon.colcon_core.environment:create_environment_scripts_only(semubot_eyes)
[1.771s] INFO:colcon.colcon_core.shell:Creating package script '/home/mykyta-nesterenko/Nesterenko-thesis-2026-ROS-stack/install/semubot_eyes/share/semubot_eyes/package.ps1'
[1.772s] INFO:colcon.colcon_core.shell:Creating package descriptor '/home/mykyta-nesterenko/Nesterenko-thesis-2026-ROS-stack/install/semubot_eyes/share/semubot_eyes/package.dsv'
[1.772s] INFO:colcon.colcon_core.shell:Creating package script '/home/mykyta-nesterenko/Nesterenko-thesis-2026-ROS-stack/install/semubot_eyes/share/semubot_eyes/package.sh'
[1.773s] INFO:colcon.colcon_core.shell:Creating package script '/home/mykyta-nesterenko/Nesterenko-thesis-2026-ROS-stack/install/semubot_eyes/share/semubot_eyes/package.bash'
[1.773s] INFO:colcon.colcon_core.shell:Creating package script '/home/mykyta-nesterenko/Nesterenko-thesis-2026-ROS-stack/install/semubot_eyes/share/semubot_eyes/package.zsh'
[1.773s] Level 1:colcon.colcon_core.environment:create_file_with_runtime_dependencies(/home/mykyta-nesterenko/Nesterenko-thesis-2026-ROS-stack/install/semubot_eyes/share/colcon-core/packages/semubot_eyes)
[1.850s] DEBUG:colcon.colcon_core.event_handler.log_command:Invoked command in '/home/mykyta-nesterenko/Nesterenko-thesis-2026-ROS-stack/build/semubot_ros_control' returned '0': CMAKE_PREFIX_PATH=${CMAKE_PREFIX_PATH}:/opt/ros/jazzy DEBUGINFOD_URLS=https://debuginfod.ubuntu.com /usr/bin/cmake /home/mykyta-nesterenko/Nesterenko-thesis-2026-ROS-stack/src/semubot_ros_control -DAMENT_CMAKE_SYMLINK_INSTALL=1 -DCMAKE_INSTALL_PREFIX=/home/mykyta-nesterenko/Nesterenko-thesis-2026-ROS-stack/install/semubot_ros_control
[1.851s] DEBUG:colcon.colcon_core.event_handler.log_command:Invoking command in '/home/mykyta-nesterenko/Nesterenko-thesis-2026-ROS-stack/build/semubot_ros_control': CMAKE_PREFIX_PATH=${CMAKE_PREFIX_PATH}:/opt/ros/jazzy DEBUGINFOD_URLS=https://debuginfod.ubuntu.com /usr/bin/cmake --build /home/mykyta-nesterenko/Nesterenko-thesis-2026-ROS-stack/build/semubot_ros_control -- -j12 -l12
[8.351s] DEBUG:colcon.colcon_core.event_handler.log_command:Invoked command in '/home/mykyta-nesterenko/Nesterenko-thesis-2026-ROS-stack/build/semubot_driver' returned '0': CMAKE_PREFIX_PATH=${CMAKE_PREFIX_PATH}:/opt/ros/jazzy DEBUGINFOD_URLS=https://debuginfod.ubuntu.com /usr/bin/cmake --build /home/mykyta-nesterenko/Nesterenko-thesis-2026-ROS-stack/build/semubot_driver -- -j12 -l12
[8.352s] DEBUG:colcon.colcon_core.event_handler.log_command:Invoking command in '/home/mykyta-nesterenko/Nesterenko-thesis-2026-ROS-stack/build/semubot_driver': CMAKE_PREFIX_PATH=${CMAKE_PREFIX_PATH}:/opt/ros/jazzy DEBUGINFOD_URLS=https://debuginfod.ubuntu.com /usr/bin/cmake --install /home/mykyta-nesterenko/Nesterenko-thesis-2026-ROS-stack/build/semubot_driver
[8.486s] Level 1:colcon.colcon_core.environment:create_environment_scripts_only(semubot_driver)
[8.486s] Level 1:colcon.colcon_core.environment:checking '/home/mykyta-nesterenko/Nesterenko-thesis-2026-ROS-stack/install/semubot_driver' for CMake module files
[8.487s] DEBUG:colcon.colcon_core.event_handler.log_command:Invoked command in '/home/mykyta-nesterenko/Nesterenko-thesis-2026-ROS-stack/build/semubot_driver' returned '0': CMAKE_PREFIX_PATH=${CMAKE_PREFIX_PATH}:/opt/ros/jazzy DEBUGINFOD_URLS=https://debuginfod.ubuntu.com /usr/bin/cmake --install /home/mykyta-nesterenko/Nesterenko-thesis-2026-ROS-stack/build/semubot_driver
[8.487s] Level 1:colcon.colcon_core.environment:checking '/home/mykyta-nesterenko/Nesterenko-thesis-2026-ROS-stack/install/semubot_driver' for CMake config files
[8.487s] Level 1:colcon.colcon_core.shell:create_environment_hook('semubot_driver', 'cmake_prefix_path')
[8.487s] INFO:colcon.colcon_core.shell:Creating environment hook '/home/mykyta-nesterenko/Nesterenko-thesis-2026-ROS-stack/install/semubot_driver/share/semubot_driver/hook/cmake_prefix_path.ps1'
[8.488s] INFO:colcon.colcon_core.shell:Creating environment descriptor '/home/mykyta-nesterenko/Nesterenko-thesis-2026-ROS-stack/install/semubot_driver/share/semubot_driver/hook/cmake_prefix_path.dsv'
[8.488s] INFO:colcon.colcon_core.shell:Creating environment hook '/home/mykyta-nesterenko/Nesterenko-thesis-2026-ROS-stack/install/semubot_driver/share/semubot_driver/hook/cmake_prefix_path.sh'
[8.488s] Level 1:colcon.colcon_core.environment:checking '/home/mykyta-nesterenko/Nesterenko-thesis-2026-ROS-stack/install/semubot_driver/lib'
[8.488s] Level 1:colcon.colcon_core.environment:checking '/home/mykyta-nesterenko/Nesterenko-thesis-2026-ROS-stack/install/semubot_driver/bin'
[8.488s] Level 1:colcon.colcon_core.environment:checking '/home/mykyta-nesterenko/Nesterenko-thesis-2026-ROS-stack/install/semubot_driver/lib/pkgconfig/semubot_driver.pc'
[8.489s] Level 1:colcon.colcon_core.environment:checking '/home/mykyta-nesterenko/Nesterenko-thesis-2026-ROS-stack/install/semubot_driver/lib/python3.12/site-packages'
[8.489s] Level 1:colcon.colcon_core.environment:checking '/home/mykyta-nesterenko/Nesterenko-thesis-2026-ROS-stack/install/semubot_driver/bin'
[8.489s] INFO:colcon.colcon_core.shell:Creating package script '/home/mykyta-nesterenko/Nesterenko-thesis-2026-ROS-stack/install/semubot_driver/share/semubot_driver/package.ps1'
[8.489s] INFO:colcon.colcon_core.shell:Creating package descriptor '/home/mykyta-nesterenko/Nesterenko-thesis-2026-ROS-stack/install/semubot_driver/share/semubot_driver/package.dsv'
[8.489s] INFO:colcon.colcon_core.shell:Creating package script '/home/mykyta-nesterenko/Nesterenko-thesis-2026-ROS-stack/install/semubot_driver/share/semubot_driver/package.sh'
[8.490s] INFO:colcon.colcon_core.shell:Creating package script '/home/mykyta-nesterenko/Nesterenko-thesis-2026-ROS-stack/install/semubot_driver/share/semubot_driver/package.bash'
[8.490s] INFO:colcon.colcon_core.shell:Creating package script '/home/mykyta-nesterenko/Nesterenko-thesis-2026-ROS-stack/install/semubot_driver/share/semubot_driver/package.zsh'
[8.490s] Level 1:colcon.colcon_core.environment:create_file_with_runtime_dependencies(/home/mykyta-nesterenko/Nesterenko-thesis-2026-ROS-stack/install/semubot_driver/share/colcon-core/packages/semubot_driver)
[8.490s] Level 1:colcon.colcon_core.environment:create_environment_scripts_only(semubot_driver)
[8.490s] Level 1:colcon.colcon_core.environment:checking '/home/mykyta-nesterenko/Nesterenko-thesis-2026-ROS-stack/install/semubot_driver' for CMake module files
[8.491s] Level 1:colcon.colcon_core.environment:checking '/home/mykyta-nesterenko/Nesterenko-thesis-2026-ROS-stack/install/semubot_driver' for CMake config files
[8.491s] Level 1:colcon.colcon_core.shell:create_environment_hook('semubot_driver', 'cmake_prefix_path')
[8.491s] INFO:colcon.colcon_core.shell:Creating environment hook '/home/mykyta-nesterenko/Nesterenko-thesis-2026-ROS-stack/install/semubot_driver/share/semubot_driver/hook/cmake_prefix_path.ps1'
[8.491s] INFO:colcon.colcon_core.shell:Creating environment descriptor '/home/mykyta-nesterenko/Nesterenko-thesis-2026-ROS-stack/install/semubot_driver/share/semubot_driver/hook/cmake_prefix_path.dsv'
[8.492s] INFO:colcon.colcon_core.shell:Creating environment hook '/home/mykyta-nesterenko/Nesterenko-thesis-2026-ROS-stack/install/semubot_driver/share/semubot_driver/hook/cmake_prefix_path.sh'
[8.492s] Level 1:colcon.colcon_core.environment:checking '/home/mykyta-nesterenko/Nesterenko-thesis-2026-ROS-stack/install/semubot_driver/lib'
[8.492s] Level 1:colcon.colcon_core.environment:checking '/home/mykyta-nesterenko/Nesterenko-thesis-2026-ROS-stack/install/semubot_driver/bin'
[8.492s] Level 1:colcon.colcon_core.environment:checking '/home/mykyta-nesterenko/Nesterenko-thesis-2026-ROS-stack/install/semubot_driver/lib/pkgconfig/semubot_driver.pc'
[8.492s] Level 1:colcon.colcon_core.environment:checking '/home/mykyta-nesterenko/Nesterenko-thesis-2026-ROS-stack/install/semubot_driver/lib/python3.12/site-packages'
[8.492s] Level 1:colcon.colcon_core.environment:checking '/home/mykyta-nesterenko/Nesterenko-thesis-2026-ROS-stack/install/semubot_driver/bin'
[8.493s] INFO:colcon.colcon_core.shell:Creating package script '/home/mykyta-nesterenko/Nesterenko-thesis-2026-ROS-stack/install/semubot_driver/share/semubot_driver/package.ps1'
[8.493s] INFO:colcon.colcon_core.shell:Creating package descriptor '/home/mykyta-nesterenko/Nesterenko-thesis-2026-ROS-stack/install/semubot_driver/share/semubot_driver/package.dsv'
[8.493s] INFO:colcon.colcon_core.shell:Creating package script '/home/mykyta-nesterenko/Nesterenko-thesis-2026-ROS-stack/install/semubot_driver/share/semubot_driver/package.sh'
[8.494s] INFO:colcon.colcon_core.shell:Creating package script '/home/mykyta-nesterenko/Nesterenko-thesis-2026-ROS-stack/install/semubot_driver/share/semubot_driver/package.bash'
[8.494s] INFO:colcon.colcon_core.shell:Creating package script '/home/mykyta-nesterenko/Nesterenko-thesis-2026-ROS-stack/install/semubot_driver/share/semubot_driver/package.zsh'
[8.494s] Level 1:colcon.colcon_core.environment:create_file_with_runtime_dependencies(/home/mykyta-nesterenko/Nesterenko-thesis-2026-ROS-stack/install/semubot_driver/share/colcon-core/packages/semubot_driver)
[12.751s] DEBUG:colcon.colcon_core.event_handler.log_command:Invoked command in '/home/mykyta-nesterenko/Nesterenko-thesis-2026-ROS-stack/build/semubot_ros_control' returned '0': CMAKE_PREFIX_PATH=${CMAKE_PREFIX_PATH}:/opt/ros/jazzy DEBUGINFOD_URLS=https://debuginfod.ubuntu.com /usr/bin/cmake --build /home/mykyta-nesterenko/Nesterenko-thesis-2026-ROS-stack/build/semubot_ros_control -- -j12 -l12
[12.752s] DEBUG:colcon.colcon_core.event_handler.log_command:Invoking command in '/home/mykyta-nesterenko/Nesterenko-thesis-2026-ROS-stack/build/semubot_ros_control': CMAKE_PREFIX_PATH=${CMAKE_PREFIX_PATH}:/opt/ros/jazzy DEBUGINFOD_URLS=https://debuginfod.ubuntu.com /usr/bin/cmake --install /home/mykyta-nesterenko/Nesterenko-thesis-2026-ROS-stack/build/semubot_ros_control
[13.378s] Level 1:colcon.colcon_core.environment:create_environment_scripts_only(semubot_ros_control)
[13.379s] Level 1:colcon.colcon_core.environment:checking '/home/mykyta-nesterenko/Nesterenko-thesis-2026-ROS-stack/install/semubot_ros_control' for CMake module files
[13.380s] DEBUG:colcon.colcon_core.event_handler.log_command:Invoked command in '/home/mykyta-nesterenko/Nesterenko-thesis-2026-ROS-stack/build/semubot_ros_control' returned '0': CMAKE_PREFIX_PATH=${CMAKE_PREFIX_PATH}:/opt/ros/jazzy DEBUGINFOD_URLS=https://debuginfod.ubuntu.com /usr/bin/cmake --install /home/mykyta-nesterenko/Nesterenko-thesis-2026-ROS-stack/build/semubot_ros_control
[13.382s] Level 1:colcon.colcon_core.environment:checking '/home/mykyta-nesterenko/Nesterenko-thesis-2026-ROS-stack/install/semubot_ros_control' for CMake config files
[13.383s] Level 1:colcon.colcon_core.shell:create_environment_hook('semubot_ros_control', 'cmake_prefix_path')
[13.383s] INFO:colcon.colcon_core.shell:Creating environment hook '/home/mykyta-nesterenko/Nesterenko-thesis-2026-ROS-stack/install/semubot_ros_control/share/semubot_ros_control/hook/cmake_prefix_path.ps1'
[13.385s] INFO:colcon.colcon_core.shell:Creating environment descriptor '/home/mykyta-nesterenko/Nesterenko-thesis-2026-ROS-stack/install/semubot_ros_control/share/semubot_ros_control/hook/cmake_prefix_path.dsv'
[13.386s] INFO:colcon.colcon_core.shell:Creating environment hook '/home/mykyta-nesterenko/Nesterenko-thesis-2026-ROS-stack/install/semubot_ros_control/share/semubot_ros_control/hook/cmake_prefix_path.sh'
[13.387s] Level 1:colcon.colcon_core.environment:checking '/home/mykyta-nesterenko/Nesterenko-thesis-2026-ROS-stack/install/semubot_ros_control/lib'
[13.388s] Level 1:colcon.colcon_core.shell:create_environment_hook('semubot_ros_control', 'ld_library_path_lib')
[13.388s] INFO:colcon.colcon_core.shell:Creating environment hook '/home/mykyta-nesterenko/Nesterenko-thesis-2026-ROS-stack/install/semubot_ros_control/share/semubot_ros_control/hook/ld_library_path_lib.ps1'
[13.389s] INFO:colcon.colcon_core.shell:Creating environment descriptor '/home/mykyta-nesterenko/Nesterenko-thesis-2026-ROS-stack/install/semubot_ros_control/share/semubot_ros_control/hook/ld_library_path_lib.dsv'
[13.391s] INFO:colcon.colcon_core.shell:Creating environment hook '/home/mykyta-nesterenko/Nesterenko-thesis-2026-ROS-stack/install/semubot_ros_control/share/semubot_ros_control/hook/ld_library_path_lib.sh'
[13.392s] Level 1:colcon.colcon_core.environment:checking '/home/mykyta-nesterenko/Nesterenko-thesis-2026-ROS-stack/install/semubot_ros_control/bin'
[13.392s] Level 1:colcon.colcon_core.environment:checking '/home/mykyta-nesterenko/Nesterenko-thesis-2026-ROS-stack/install/semubot_ros_control/lib/pkgconfig/semubot_ros_control.pc'
[13.393s] Level 1:colcon.colcon_core.environment:checking '/home/mykyta-nesterenko/Nesterenko-thesis-2026-ROS-stack/install/semubot_ros_control/lib/python3.12/site-packages'
[13.394s] Level 1:colcon.colcon_core.environment:checking '/home/mykyta-nesterenko/Nesterenko-thesis-2026-ROS-stack/install/semubot_ros_control/bin'
[13.395s] INFO:colcon.colcon_core.shell:Creating package script '/home/mykyta-nesterenko/Nesterenko-thesis-2026-ROS-stack/install/semubot_ros_control/share/semubot_ros_control/package.ps1'
[13.397s] INFO:colcon.colcon_core.shell:Creating package descriptor '/home/mykyta-nesterenko/Nesterenko-thesis-2026-ROS-stack/install/semubot_ros_control/share/semubot_ros_control/package.dsv'
[13.398s] INFO:colcon.colcon_core.shell:Creating package script '/home/mykyta-nesterenko/Nesterenko-thesis-2026-ROS-stack/install/semubot_ros_control/share/semubot_ros_control/package.sh'
[13.399s] INFO:colcon.colcon_core.shell:Creating package script '/home/mykyta-nesterenko/Nesterenko-thesis-2026-ROS-stack/install/semubot_ros_control/share/semubot_ros_control/package.bash'
[13.400s] INFO:colcon.colcon_core.shell:Creating package script '/home/mykyta-nesterenko/Nesterenko-thesis-2026-ROS-stack/install/semubot_ros_control/share/semubot_ros_control/package.zsh'
[13.401s] Level 1:colcon.colcon_core.environment:create_file_with_runtime_dependencies(/home/mykyta-nesterenko/Nesterenko-thesis-2026-ROS-stack/install/semubot_ros_control/share/colcon-core/packages/semubot_ros_control)
[13.403s] Level 1:colcon.colcon_core.environment:create_environment_scripts_only(semubot_ros_control)
[13.403s] Level 1:colcon.colcon_core.environment:checking '/home/mykyta-nesterenko/Nesterenko-thesis-2026-ROS-stack/install/semubot_ros_control' for CMake module files
[13.405s] Level 1:colcon.colcon_core.environment:checking '/home/mykyta-nesterenko/Nesterenko-thesis-2026-ROS-stack/install/semubot_ros_control' for CMake config files
[13.406s] Level 1:colcon.colcon_core.shell:create_environment_hook('semubot_ros_control', 'cmake_prefix_path')
[13.406s] INFO:colcon.colcon_core.shell:Creating environment hook '/home/mykyta-nesterenko/Nesterenko-thesis-2026-ROS-stack/install/semubot_ros_control/share/semubot_ros_control/hook/cmake_prefix_path.ps1'
[13.408s] INFO:colcon.colcon_core.shell:Creating environment descriptor '/home/mykyta-nesterenko/Nesterenko-thesis-2026-ROS-stack/install/semubot_ros_control/share/semubot_ros_control/hook/cmake_prefix_path.dsv'
[13.409s] INFO:colcon.colcon_core.shell:Creating environment hook '/home/mykyta-nesterenko/Nesterenko-thesis-2026-ROS-stack/install/semubot_ros_control/share/semubot_ros_control/hook/cmake_prefix_path.sh'
[13.410s] Level 1:colcon.colcon_core.environment:checking '/home/mykyta-nesterenko/Nesterenko-thesis-2026-ROS-stack/install/semubot_ros_control/lib'
[13.410s] Level 1:colcon.colcon_core.shell:create_environment_hook('semubot_ros_control', 'ld_library_path_lib')
[13.411s] INFO:colcon.colcon_core.shell:Creating environment hook '/home/mykyta-nesterenko/Nesterenko-thesis-2026-ROS-stack/install/semubot_ros_control/share/semubot_ros_control/hook/ld_library_path_lib.ps1'
[13.412s] INFO:colcon.colcon_core.shell:Creating environment descriptor '/home/mykyta-nesterenko/Nesterenko-thesis-2026-ROS-stack/install/semubot_ros_control/share/semubot_ros_control/hook/ld_library_path_lib.dsv'
[13.413s] INFO:colcon.colcon_core.shell:Creating environment hook '/home/mykyta-nesterenko/Nesterenko-thesis-2026-ROS-stack/install/semubot_ros_control/share/semubot_ros_control/hook/ld_library_path_lib.sh'
[13.414s] Level 1:colcon.colcon_core.environment:checking '/home/mykyta-nesterenko/Nesterenko-thesis-2026-ROS-stack/install/semubot_ros_control/bin'
[13.414s] Level 1:colcon.colcon_core.environment:checking '/home/mykyta-nesterenko/Nesterenko-thesis-2026-ROS-stack/install/semubot_ros_control/lib/pkgconfig/semubot_ros_control.pc'
[13.415s] Level 1:colcon.colcon_core.environment:checking '/home/mykyta-nesterenko/Nesterenko-thesis-2026-ROS-stack/install/semubot_ros_control/lib/python3.12/site-packages'
[13.416s] Level 1:colcon.colcon_core.environment:checking '/home/mykyta-nesterenko/Nesterenko-thesis-2026-ROS-stack/install/semubot_ros_control/bin'
[13.417s] INFO:colcon.colcon_core.shell:Creating package script '/home/mykyta-nesterenko/Nesterenko-thesis-2026-ROS-stack/install/semubot_ros_control/share/semubot_ros_control/package.ps1'
[13.419s] INFO:colcon.colcon_core.shell:Creating package descriptor '/home/mykyta-nesterenko/Nesterenko-thesis-2026-ROS-stack/install/semubot_ros_control/share/semubot_ros_control/package.dsv'
[13.421s] INFO:colcon.colcon_core.shell:Creating package script '/home/mykyta-nesterenko/Nesterenko-thesis-2026-ROS-stack/install/semubot_ros_control/share/semubot_ros_control/package.sh'
[13.422s] INFO:colcon.colcon_core.shell:Creating package script '/home/mykyta-nesterenko/Nesterenko-thesis-2026-ROS-stack/install/semubot_ros_control/share/semubot_ros_control/package.bash'
[13.423s] INFO:colcon.colcon_core.shell:Creating package script '/home/mykyta-nesterenko/Nesterenko-thesis-2026-ROS-stack/install/semubot_ros_control/share/semubot_ros_control/package.zsh'
[13.424s] Level 1:colcon.colcon_core.environment:create_file_with_runtime_dependencies(/home/mykyta-nesterenko/Nesterenko-thesis-2026-ROS-stack/install/semubot_ros_control/share/colcon-core/packages/semubot_ros_control)
[13.425s] DEBUG:colcon.colcon_parallel_executor.executor.parallel:closing loop
[13.426s] DEBUG:colcon.colcon_parallel_executor.executor.parallel:loop closed
[13.426s] DEBUG:colcon.colcon_parallel_executor.executor.parallel:run_until_complete finished with '0'
[13.427s] DEBUG:colcon.colcon_core.event_reactor:joining thread
[13.443s] INFO:colcon.colcon_core.plugin_system:Skipping extension 'colcon_notification.desktop_notification.terminal_notifier': Not used on non-Darwin systems
[13.443s] INFO:colcon.colcon_core.plugin_system:Skipping extension 'colcon_notification.desktop_notification.win32': Not used on non-Windows systems
[13.443s] INFO:colcon.colcon_notification.desktop_notification:Sending desktop notification using 'notify2'
[13.451s] DEBUG:colcon.colcon_core.event_reactor:joined thread
[13.452s] INFO:colcon.colcon_core.shell:Creating prefix script '/home/mykyta-nesterenko/Nesterenko-thesis-2026-ROS-stack/install/local_setup.ps1'
[13.452s] INFO:colcon.colcon_core.shell:Creating prefix util module '/home/mykyta-nesterenko/Nesterenko-thesis-2026-ROS-stack/install/_local_setup_util_ps1.py'
[13.453s] INFO:colcon.colcon_core.shell:Creating prefix chain script '/home/mykyta-nesterenko/Nesterenko-thesis-2026-ROS-stack/install/setup.ps1'
[13.453s] INFO:colcon.colcon_core.shell:Creating prefix script '/home/mykyta-nesterenko/Nesterenko-thesis-2026-ROS-stack/install/local_setup.sh'
[13.453s] INFO:colcon.colcon_core.shell:Creating prefix util module '/home/mykyta-nesterenko/Nesterenko-thesis-2026-ROS-stack/install/_local_setup_util_sh.py'
[13.454s] INFO:colcon.colcon_core.shell:Creating prefix chain script '/home/mykyta-nesterenko/Nesterenko-thesis-2026-ROS-stack/install/setup.sh'
[13.454s] INFO:colcon.colcon_core.shell:Creating prefix script '/home/mykyta-nesterenko/Nesterenko-thesis-2026-ROS-stack/install/local_setup.bash'
[13.454s] INFO:colcon.colcon_core.shell:Creating prefix chain script '/home/mykyta-nesterenko/Nesterenko-thesis-2026-ROS-stack/install/setup.bash'
[13.455s] INFO:colcon.colcon_core.shell:Creating prefix script '/home/mykyta-nesterenko/Nesterenko-thesis-2026-ROS-stack/install/local_setup.zsh'
[13.455s] INFO:colcon.colcon_core.shell:Creating prefix chain script '/home/mykyta-nesterenko/Nesterenko-thesis-2026-ROS-stack/install/setup.zsh'
