[0.491s] DEBUG:colcon:Command line arguments: ['/usr/bin/colcon', 'build', '--symlink-install']
[0.491s] DEBUG:colcon:Parsed command line arguments: Namespace(log_base=None, log_level=None, verb_name='build', build_base='build', install_base='install', merge_install=False, symlink_install=True, test_result_base=None, continue_on_error=False, executor='parallel', parallel_workers=12, event_handlers=None, ignore_user_meta=False, metas=['./colcon.meta'], base_paths=['.'], packages_ignore=None, packages_ignore_regex=None, paths=None, packages_up_to=None, packages_up_to_regex=None, packages_above=None, packages_above_and_dependencies=None, packages_above_depth=None, packages_select_by_dep=None, packages_skip_by_dep=None, packages_skip_up_to=None, packages_select_build_failed=False, packages_skip_build_finished=False, packages_select_test_failures=False, packages_skip_test_passed=False, packages_select=None, packages_skip=None, packages_select_regex=None, packages_skip_regex=None, packages_start=None, packages_end=None, allow_overriding=[], cmake_args=None, cmake_target=None, cmake_target_skip_unavailable=False, cmake_clean_cache=False, cmake_clean_first=False, cmake_force_configure=False, ament_cmake_args=None, catkin_cmake_args=None, catkin_skip_building_tests=False, mixin_files=None, mixin=None, verb_parser=<colcon_mixin.mixin.mixin_argument.MixinArgumentDecorator object at 0x7ea77982e840>, verb_extension=<colcon_core.verb.build.BuildVerb object at 0x7ea77982e180>, main=<bound method BuildVerb.main of <colcon_core.verb.build.BuildVerb object at 0x7ea77982e180>>, mixin_verb=('build',))
[0.594s] Level 1:colcon.colcon_core.package_discovery:discover_packages(colcon_meta) check parameters
[0.594s] Level 1:colcon.colcon_core.package_discovery:discover_packages(recursive) check parameters
[0.594s] Level 1:colcon.colcon_core.package_discovery:discover_packages(ignore) check parameters
[0.594s] Level 1:colcon.colcon_core.package_discovery:discover_packages(path) check parameters
[0.594s] Level 1:colcon.colcon_core.package_discovery:discover_packages(colcon_meta) discover
[0.594s] Level 1:colcon.colcon_core.package_discovery:discover_packages(recursive) discover
[0.595s] INFO:colcon.colcon_core.package_discovery:Crawling recursively for packages in '/home/mykyta-nesterenko/Nesterenko-thesis-2026-ROS-stack'
[0.595s] Level 1:colcon.colcon_core.package_identification:_identify(.) by extensions ['ignore', 'ignore_ament_install']
[0.595s] Level 1:colcon.colcon_core.package_identification:_identify(.) by extension 'ignore'
[0.595s] Level 1:colcon.colcon_core.package_identification:_identify(.) by extension 'ignore_ament_install'
[0.595s] Level 1:colcon.colcon_core.package_identification:_identify(.) by extensions ['colcon_pkg']
[0.595s] Level 1:colcon.colcon_core.package_identification:_identify(.) by extension 'colcon_pkg'
[0.595s] Level 1:colcon.colcon_core.package_identification:_identify(.) by extensions ['colcon_meta']
[0.595s] Level 1:colcon.colcon_core.package_identification:_identify(.) by extension 'colcon_meta'
[0.595s] Level 1:colcon.colcon_core.package_identification:_identify(.) by extensions ['ros']
[0.595s] Level 1:colcon.colcon_core.package_identification:_identify(.) by extension 'ros'
[0.613s] Level 1:colcon.colcon_core.package_identification:_identify(.) by extensions ['cmake', 'python']
[0.613s] Level 1:colcon.colcon_core.package_identification:_identify(.) by extension 'cmake'
[0.613s] Level 1:colcon.colcon_core.package_identification:_identify(.) by extension 'python'
[0.613s] Level 1:colcon.colcon_core.package_identification:_identify(.) by extensions ['python_setup_py']
[0.613s] Level 1:colcon.colcon_core.package_identification:_identify(.) by extension 'python_setup_py'
[0.613s] Level 1:colcon.colcon_core.package_identification:_identify(build) by extensions ['ignore', 'ignore_ament_install']
[0.614s] Level 1:colcon.colcon_core.package_identification:_identify(build) by extension 'ignore'
[0.614s] Level 1:colcon.colcon_core.package_identification:_identify(build) ignored
[0.614s] Level 1:colcon.colcon_core.package_identification:_identify(install) by extensions ['ignore', 'ignore_ament_install']
[0.614s] Level 1:colcon.colcon_core.package_identification:_identify(install) by extension 'ignore'
[0.614s] Level 1:colcon.colcon_core.package_identification:_identify(install) ignored
[0.614s] Level 1:colcon.colcon_core.package_identification:_identify(log) by extensions ['ignore', 'ignore_ament_install']
[0.614s] Level 1:colcon.colcon_core.package_identification:_identify(log) by extension 'ignore'
[0.614s] Level 1:colcon.colcon_core.package_identification:_identify(log) ignored
[0.614s] Level 1:colcon.colcon_core.package_identification:_identify(src) by extensions ['ignore', 'ignore_ament_install']
[0.614s] Level 1:colcon.colcon_core.package_identification:_identify(src) by extension 'ignore'
[0.614s] Level 1:colcon.colcon_core.package_identification:_identify(src) by extension 'ignore_ament_install'
[0.614s] Level 1:colcon.colcon_core.package_identification:_identify(src) by extensions ['colcon_pkg']
[0.614s] Level 1:colcon.colcon_core.package_identification:_identify(src) by extension 'colcon_pkg'
[0.614s] Level 1:colcon.colcon_core.package_identification:_identify(src) by extensions ['colcon_meta']
[0.614s] Level 1:colcon.colcon_core.package_identification:_identify(src) by extension 'colcon_meta'
[0.614s] Level 1:colcon.colcon_core.package_identification:_identify(src) by extensions ['ros']
[0.614s] Level 1:colcon.colcon_core.package_identification:_identify(src) by extension 'ros'
[0.614s] Level 1:colcon.colcon_core.package_identification:_identify(src) by extensions ['cmake', 'python']
[0.614s] Level 1:colcon.colcon_core.package_identification:_identify(src) by extension 'cmake'
[0.614s] Level 1:colcon.colcon_core.package_identification:_identify(src) by extension 'python'
[0.614s] Level 1:colcon.colcon_core.package_identification:_identify(src) by extensions ['python_setup_py']
[0.614s] Level 1:colcon.colcon_core.package_identification:_identify(src) by extension 'python_setup_py'
[0.614s] Level 1:colcon.colcon_core.package_identification:_identify(src/respeaker_ros) by extensions ['ignore', 'ignore_ament_install']
[0.614s] Level 1:colcon.colcon_core.package_identification:_identify(src/respeaker_ros) by extension 'ignore'
[0.614s] Level 1:colcon.colcon_core.package_identification:_identify(src/respeaker_ros) by extension 'ignore_ament_install'
[0.614s] Level 1:colcon.colcon_core.package_identification:_identify(src/respeaker_ros) by extensions ['colcon_pkg']
[0.614s] Level 1:colcon.colcon_core.package_identification:_identify(src/respeaker_ros) by extension 'colcon_pkg'
[0.614s] Level 1:colcon.colcon_core.package_identification:_identify(src/respeaker_ros) by extensions ['colcon_meta']
[0.614s] Level 1:colcon.colcon_core.package_identification:_identify(src/respeaker_ros) by extension 'colcon_meta'
[0.614s] Level 1:colcon.colcon_core.package_identification:_identify(src/respeaker_ros) by extensions ['ros']
[0.615s] Level 1:colcon.colcon_core.package_identification:_identify(src/respeaker_ros) by extension 'ros'
[0.616s] DEBUG:colcon.colcon_core.package_identification:Package 'src/respeaker_ros' with type 'ros.ament_python' and name 'respeaker_ros'
[0.617s] Level 1:colcon.colcon_core.package_identification:_identify(src/semubot_bringup) by extensions ['ignore', 'ignore_ament_install']
[0.617s] Level 1:colcon.colcon_core.package_identification:_identify(src/semubot_bringup) by extension 'ignore'
[0.617s] Level 1:colcon.colcon_core.package_identification:_identify(src/semubot_bringup) by extension 'ignore_ament_install'
[0.617s] Level 1:colcon.colcon_core.package_identification:_identify(src/semubot_bringup) by extensions ['colcon_pkg']
[0.617s] Level 1:colcon.colcon_core.package_identification:_identify(src/semubot_bringup) by extension 'colcon_pkg'
[0.617s] Level 1:colcon.colcon_core.package_identification:_identify(src/semubot_bringup) by extensions ['colcon_meta']
[0.617s] Level 1:colcon.colcon_core.package_identification:_identify(src/semubot_bringup) by extension 'colcon_meta'
[0.617s] Level 1:colcon.colcon_core.package_identification:_identify(src/semubot_bringup) by extensions ['ros']
[0.617s] Level 1:colcon.colcon_core.package_identification:_identify(src/semubot_bringup) by extension 'ros'
[0.617s] DEBUG:colcon.colcon_core.package_identification:Package 'src/semubot_bringup' with type 'ros.ament_python' and name 'semubot_bringup'
[0.617s] Level 1:colcon.colcon_core.package_identification:_identify(src/semubot_description) by extensions ['ignore', 'ignore_ament_install']
[0.617s] Level 1:colcon.colcon_core.package_identification:_identify(src/semubot_description) by extension 'ignore'
[0.617s] Level 1:colcon.colcon_core.package_identification:_identify(src/semubot_description) by extension 'ignore_ament_install'
[0.617s] Level 1:colcon.colcon_core.package_identification:_identify(src/semubot_description) by extensions ['colcon_pkg']
[0.617s] Level 1:colcon.colcon_core.package_identification:_identify(src/semubot_description) by extension 'colcon_pkg'
[0.617s] Level 1:colcon.colcon_core.package_identification:_identify(src/semubot_description) by extensions ['colcon_meta']
[0.617s] Level 1:colcon.colcon_core.package_identification:_identify(src/semubot_description) by extension 'colcon_meta'
[0.617s] Level 1:colcon.colcon_core.package_identification:_identify(src/semubot_description) by extensions ['ros']
[0.618s] Level 1:colcon.colcon_core.package_identification:_identify(src/semubot_description) by extension 'ros'
[0.618s] DEBUG:colcon.colcon_core.package_identification:Package 'src/semubot_description' with type 'ros.ament_cmake' and name 'semubot_description'
[0.618s] Level 1:colcon.colcon_core.package_identification:_identify(src/semubot_driver) by extensions ['ignore', 'ignore_ament_install']
[0.618s] Level 1:colcon.colcon_core.package_identification:_identify(src/semubot_driver) by extension 'ignore'
[0.618s] Level 1:colcon.colcon_core.package_identification:_identify(src/semubot_driver) by extension 'ignore_ament_install'
[0.618s] Level 1:colcon.colcon_core.package_identification:_identify(src/semubot_driver) by extensions ['colcon_pkg']
[0.618s] Level 1:colcon.colcon_core.package_identification:_identify(src/semubot_driver) by extension 'colcon_pkg'
[0.618s] Level 1:colcon.colcon_core.package_identification:_identify(src/semubot_driver) by extensions ['colcon_meta']
[0.618s] Level 1:colcon.colcon_core.package_identification:_identify(src/semubot_driver) by extension 'colcon_meta'
[0.618s] Level 1:colcon.colcon_core.package_identification:_identify(src/semubot_driver) by extensions ['ros']
[0.618s] Level 1:colcon.colcon_core.package_identification:_identify(src/semubot_driver) by extension 'ros'
[0.619s] DEBUG:colcon.colcon_core.package_identification:Package 'src/semubot_driver' with type 'ros.ament_cmake' and name 'semubot_driver'
[0.619s] Level 1:colcon.colcon_core.package_identification:_identify(src/semubot_eyes) by extensions ['ignore', 'ignore_ament_install']
[0.619s] Level 1:colcon.colcon_core.package_identification:_identify(src/semubot_eyes) by extension 'ignore'
[0.619s] Level 1:colcon.colcon_core.package_identification:_identify(src/semubot_eyes) by extension 'ignore_ament_install'
[0.619s] Level 1:colcon.colcon_core.package_identification:_identify(src/semubot_eyes) by extensions ['colcon_pkg']
[0.619s] Level 1:colcon.colcon_core.package_identification:_identify(src/semubot_eyes) by extension 'colcon_pkg'
[0.619s] Level 1:colcon.colcon_core.package_identification:_identify(src/semubot_eyes) by extensions ['colcon_meta']
[0.619s] Level 1:colcon.colcon_core.package_identification:_identify(src/semubot_eyes) by extension 'colcon_meta'
[0.619s] Level 1:colcon.colcon_core.package_identification:_identify(src/semubot_eyes) by extensions ['ros']
[0.619s] Level 1:colcon.colcon_core.package_identification:_identify(src/semubot_eyes) by extension 'ros'
[0.619s] DEBUG:colcon.colcon_core.package_identification:Package 'src/semubot_eyes' with type 'ros.ament_python' and name 'semubot_eyes'
[0.619s] Level 1:colcon.colcon_core.package_identification:_identify(src/semubot_ros_control) by extensions ['ignore', 'ignore_ament_install']
[0.619s] Level 1:colcon.colcon_core.package_identification:_identify(src/semubot_ros_control) by extension 'ignore'
[0.619s] Level 1:colcon.colcon_core.package_identification:_identify(src/semubot_ros_control) by extension 'ignore_ament_install'
[0.619s] Level 1:colcon.colcon_core.package_identification:_identify(src/semubot_ros_control) by extensions ['colcon_pkg']
[0.619s] Level 1:colcon.colcon_core.package_identification:_identify(src/semubot_ros_control) by extension 'colcon_pkg'
[0.619s] Level 1:colcon.colcon_core.package_identification:_identify(src/semubot_ros_control) by extensions ['colcon_meta']
[0.619s] Level 1:colcon.colcon_core.package_identification:_identify(src/semubot_ros_control) by extension 'colcon_meta'
[0.619s] Level 1:colcon.colcon_core.package_identification:_identify(src/semubot_ros_control) by extensions ['ros']
[0.619s] Level 1:colcon.colcon_core.package_identification:_identify(src/semubot_ros_control) by extension 'ros'
[0.620s] DEBUG:colcon.colcon_core.package_identification:Package 'src/semubot_ros_control' with type 'ros.ament_cmake' and name 'semubot_ros_control'
[0.620s] Level 1:colcon.colcon_core.package_discovery:discover_packages(recursive) using defaults
[0.620s] Level 1:colcon.colcon_core.package_discovery:discover_packages(ignore) discover
[0.620s] Level 1:colcon.colcon_core.package_discovery:discover_packages(ignore) using defaults
[0.620s] Level 1:colcon.colcon_core.package_discovery:discover_packages(path) discover
[0.620s] Level 1:colcon.colcon_core.package_discovery:discover_packages(path) using defaults
[0.646s] Level 1:colcon.colcon_core.package_discovery:discover_packages(prefix_path) check parameters
[0.646s] Level 1:colcon.colcon_core.package_discovery:discover_packages(prefix_path) discover
[0.648s] Level 1:colcon.colcon_core.package_discovery:discover_packages(prefix_path) using defaults
[0.649s] Level 5:colcon.colcon_core.verb:set package 'respeaker_ros' build argument 'cmake_args' from command line to 'None'
[0.649s] Level 5:colcon.colcon_core.verb:set package 'respeaker_ros' build argument 'cmake_target' from command line to 'None'
[0.649s] Level 5:colcon.colcon_core.verb:set package 'respeaker_ros' build argument 'cmake_target_skip_unavailable' from command line to 'False'
[0.649s] Level 5:colcon.colcon_core.verb:set package 'respeaker_ros' build argument 'cmake_clean_cache' from command line to 'False'
[0.649s] Level 5:colcon.colcon_core.verb:set package 'respeaker_ros' build argument 'cmake_clean_first' from command line to 'False'
[0.649s] Level 5:colcon.colcon_core.verb:set package 'respeaker_ros' build argument 'cmake_force_configure' from command line to 'False'
[0.649s] Level 5:colcon.colcon_core.verb:set package 'respeaker_ros' build argument 'ament_cmake_args' from command line to 'None'
[0.649s] Level 5:colcon.colcon_core.verb:set package 'respeaker_ros' build argument 'catkin_cmake_args' from command line to 'None'
[0.649s] Level 5:colcon.colcon_core.verb:set package 'respeaker_ros' build argument 'catkin_skip_building_tests' from command line to 'False'
[0.649s] DEBUG:colcon.colcon_core.verb:Building package 'respeaker_ros' with the following arguments: {'ament_cmake_args': None, 'build_base': '/home/mykyta-nesterenko/Nesterenko-thesis-2026-ROS-stack/build/respeaker_ros', 'catkin_cmake_args': None, 'catkin_skip_building_tests': False, 'cmake_args': None, 'cmake_clean_cache': False, 'cmake_clean_first': False, 'cmake_force_configure': False, 'cmake_target': None, 'cmake_target_skip_unavailable': False, 'install_base': '/home/mykyta-nesterenko/Nesterenko-thesis-2026-ROS-stack/install/respeaker_ros', 'merge_install': False, 'path': '/home/mykyta-nesterenko/Nesterenko-thesis-2026-ROS-stack/src/respeaker_ros', 'symlink_install': True, 'test_result_base': None}
[0.650s] Level 5:colcon.colcon_core.verb:set package 'semubot_bringup' build argument 'cmake_args' from command line to 'None'
[0.650s] Level 5:colcon.colcon_core.verb:set package 'semubot_bringup' build argument 'cmake_target' from command line to 'None'
[0.650s] Level 5:colcon.colcon_core.verb:set package 'semubot_bringup' build argument 'cmake_target_skip_unavailable' from command line to 'False'
[0.650s] Level 5:colcon.colcon_core.verb:set package 'semubot_bringup' build argument 'cmake_clean_cache' from command line to 'False'
[0.650s] Level 5:colcon.colcon_core.verb:set package 'semubot_bringup' build argument 'cmake_clean_first' from command line to 'False'
[0.650s] Level 5:colcon.colcon_core.verb:set package 'semubot_bringup' build argument 'cmake_force_configure' from command line to 'False'
[0.650s] Level 5:colcon.colcon_core.verb:set package 'semubot_bringup' build argument 'ament_cmake_args' from command line to 'None'
[0.650s] Level 5:colcon.colcon_core.verb:set package 'semubot_bringup' build argument 'catkin_cmake_args' from command line to 'None'
[0.650s] Level 5:colcon.colcon_core.verb:set package 'semubot_bringup' build argument 'catkin_skip_building_tests' from command line to 'False'
[0.650s] DEBUG:colcon.colcon_core.verb:Building package 'semubot_bringup' with the following arguments: {'ament_cmake_args': None, 'build_base': '/home/mykyta-nesterenko/Nesterenko-thesis-2026-ROS-stack/build/semubot_bringup', 'catkin_cmake_args': None, 'catkin_skip_building_tests': False, 'cmake_args': None, 'cmake_clean_cache': False, 'cmake_clean_first': False, 'cmake_force_configure': False, 'cmake_target': None, 'cmake_target_skip_unavailable': False, 'install_base': '/home/mykyta-nesterenko/Nesterenko-thesis-2026-ROS-stack/install/semubot_bringup', 'merge_install': False, 'path': '/home/mykyta-nesterenko/Nesterenko-thesis-2026-ROS-stack/src/semubot_bringup', 'symlink_install': True, 'test_result_base': None}
[0.650s] Level 5:colcon.colcon_core.verb:set package 'semubot_description' build argument 'cmake_args' from command line to 'None'
[0.650s] Level 5:colcon.colcon_core.verb:set package 'semubot_description' build argument 'cmake_target' from command line to 'None'
[0.650s] Level 5:colcon.colcon_core.verb:set package 'semubot_description' build argument 'cmake_target_skip_unavailable' from command line to 'False'
[0.650s] Level 5:colcon.colcon_core.verb:set package 'semubot_description' build argument 'cmake_clean_cache' from command line to 'False'
[0.650s] Level 5:colcon.colcon_core.verb:set package 'semubot_description' build argument 'cmake_clean_first' from command line to 'False'
[0.650s] Level 5:colcon.colcon_core.verb:set package 'semubot_description' build argument 'cmake_force_configure' from command line to 'False'
[0.650s] Level 5:colcon.colcon_core.verb:set package 'semubot_description' build argument 'ament_cmake_args' from command line to 'None'
[0.650s] Level 5:colcon.colcon_core.verb:set package 'semubot_description' build argument 'catkin_cmake_args' from command line to 'None'
[0.650s] Level 5:colcon.colcon_core.verb:set package 'semubot_description' build argument 'catkin_skip_building_tests' from command line to 'False'
[0.650s] DEBUG:colcon.colcon_core.verb:Building package 'semubot_description' with the following arguments: {'ament_cmake_args': None, 'build_base': '/home/mykyta-nesterenko/Nesterenko-thesis-2026-ROS-stack/build/semubot_description', 'catkin_cmake_args': None, 'catkin_skip_building_tests': False, 'cmake_args': None, 'cmake_clean_cache': False, 'cmake_clean_first': False, 'cmake_force_configure': False, 'cmake_target': None, 'cmake_target_skip_unavailable': False, 'install_base': '/home/mykyta-nesterenko/Nesterenko-thesis-2026-ROS-stack/install/semubot_description', 'merge_install': False, 'path': '/home/mykyta-nesterenko/Nesterenko-thesis-2026-ROS-stack/src/semubot_description', 'symlink_install': True, 'test_result_base': None}
[0.650s] Level 5:colcon.colcon_core.verb:set package 'semubot_driver' build argument 'cmake_args' from command line to 'None'
[0.650s] Level 5:colcon.colcon_core.verb:set package 'semubot_driver' build argument 'cmake_target' from command line to 'None'
[0.650s] Level 5:colcon.colcon_core.verb:set package 'semubot_driver' build argument 'cmake_target_skip_unavailable' from command line to 'False'
[0.650s] Level 5:colcon.colcon_core.verb:set package 'semubot_driver' build argument 'cmake_clean_cache' from command line to 'False'
[0.650s] Level 5:colcon.colcon_core.verb:set package 'semubot_driver' build argument 'cmake_clean_first' from command line to 'False'
[0.650s] Level 5:colcon.colcon_core.verb:set package 'semubot_driver' build argument 'cmake_force_configure' from command line to 'False'
[0.650s] Level 5:colcon.colcon_core.verb:set package 'semubot_driver' build argument 'ament_cmake_args' from command line to 'None'
[0.650s] Level 5:colcon.colcon_core.verb:set package 'semubot_driver' build argument 'catkin_cmake_args' from command line to 'None'
[0.650s] Level 5:colcon.colcon_core.verb:set package 'semubot_driver' build argument 'catkin_skip_building_tests' from command line to 'False'
[0.650s] DEBUG:colcon.colcon_core.verb:Building package 'semubot_driver' with the following arguments: {'ament_cmake_args': None, 'build_base': '/home/mykyta-nesterenko/Nesterenko-thesis-2026-ROS-stack/build/semubot_driver', 'catkin_cmake_args': None, 'catkin_skip_building_tests': False, 'cmake_args': None, 'cmake_clean_cache': False, 'cmake_clean_first': False, 'cmake_force_configure': False, 'cmake_target': None, 'cmake_target_skip_unavailable': False, 'install_base': '/home/mykyta-nesterenko/Nesterenko-thesis-2026-ROS-stack/install/semubot_driver', 'merge_install': False, 'path': '/home/mykyta-nesterenko/Nesterenko-thesis-2026-ROS-stack/src/semubot_driver', 'symlink_install': True, 'test_result_base': None}
[0.650s] Level 5:colcon.colcon_core.verb:set package 'semubot_eyes' build argument 'cmake_args' from command line to 'None'
[0.650s] Level 5:colcon.colcon_core.verb:set package 'semubot_eyes' build argument 'cmake_target' from command line to 'None'
[0.650s] Level 5:colcon.colcon_core.verb:set package 'semubot_eyes' build argument 'cmake_target_skip_unavailable' from command line to 'False'
[0.650s] Level 5:colcon.colcon_core.verb:set package 'semubot_eyes' build argument 'cmake_clean_cache' from command line to 'False'
[0.651s] Level 5:colcon.colcon_core.verb:set package 'semubot_eyes' build argument 'cmake_clean_first' from command line to 'False'
[0.651s] Level 5:colcon.colcon_core.verb:set package 'semubot_eyes' build argument 'cmake_force_configure' from command line to 'False'
[0.651s] Level 5:colcon.colcon_core.verb:set package 'semubot_eyes' build argument 'ament_cmake_args' from command line to 'None'
[0.651s] Level 5:colcon.colcon_core.verb:set package 'semubot_eyes' build argument 'catkin_cmake_args' from command line to 'None'
[0.651s] Level 5:colcon.colcon_core.verb:set package 'semubot_eyes' build argument 'catkin_skip_building_tests' from command line to 'False'
[0.651s] DEBUG:colcon.colcon_core.verb:Building package 'semubot_eyes' with the following arguments: {'ament_cmake_args': None, 'build_base': '/home/mykyta-nesterenko/Nesterenko-thesis-2026-ROS-stack/build/semubot_eyes', 'catkin_cmake_args': None, 'catkin_skip_building_tests': False, 'cmake_args': None, 'cmake_clean_cache': False, 'cmake_clean_first': False, 'cmake_force_configure': False, 'cmake_target': None, 'cmake_target_skip_unavailable': False, 'install_base': '/home/mykyta-nesterenko/Nesterenko-thesis-2026-ROS-stack/install/semubot_eyes', 'merge_install': False, 'path': '/home/mykyta-nesterenko/Nesterenko-thesis-2026-ROS-stack/src/semubot_eyes', 'symlink_install': True, 'test_result_base': None}
[0.651s] Level 5:colcon.colcon_core.verb:set package 'semubot_ros_control' build argument 'cmake_args' from command line to 'None'
[0.651s] Level 5:colcon.colcon_core.verb:set package 'semubot_ros_control' build argument 'cmake_target' from command line to 'None'
[0.651s] Level 5:colcon.colcon_core.verb:set package 'semubot_ros_control' build argument 'cmake_target_skip_unavailable' from command line to 'False'
[0.651s] Level 5:colcon.colcon_core.verb:set package 'semubot_ros_control' build argument 'cmake_clean_cache' from command line to 'False'
[0.651s] Level 5:colcon.colcon_core.verb:set package 'semubot_ros_control' build argument 'cmake_clean_first' from command line to 'False'
[0.651s] Level 5:colcon.colcon_core.verb:set package 'semubot_ros_control' build argument 'cmake_force_configure' from command line to 'False'
[0.651s] Level 5:colcon.colcon_core.verb:set package 'semubot_ros_control' build argument 'ament_cmake_args' from command line to 'None'
[0.651s] Level 5:colcon.colcon_core.verb:set package 'semubot_ros_control' build argument 'catkin_cmake_args' from command line to 'None'
[0.651s] Level 5:colcon.colcon_core.verb:set package 'semubot_ros_control' build argument 'catkin_skip_building_tests' from command line to 'False'
[0.651s] DEBUG:colcon.colcon_core.verb:Building package 'semubot_ros_control' with the following arguments: {'ament_cmake_args': None, 'build_base': '/home/mykyta-nesterenko/Nesterenko-thesis-2026-ROS-stack/build/semubot_ros_control', 'catkin_cmake_args': None, 'catkin_skip_building_tests': False, 'cmake_args': None, 'cmake_clean_cache': False, 'cmake_clean_first': False, 'cmake_force_configure': False, 'cmake_target': None, 'cmake_target_skip_unavailable': False, 'install_base': '/home/mykyta-nesterenko/Nesterenko-thesis-2026-ROS-stack/install/semubot_ros_control', 'merge_install': False, 'path': '/home/mykyta-nesterenko/Nesterenko-thesis-2026-ROS-stack/src/semubot_ros_control', 'symlink_install': True, 'test_result_base': None}
[0.651s] INFO:colcon.colcon_core.executor:Executing jobs using 'parallel' executor
[0.652s] DEBUG:colcon.colcon_parallel_executor.executor.parallel:run_until_complete
[0.652s] INFO:colcon.colcon_ros.task.ament_python.build:Building ROS package in '/home/mykyta-nesterenko/Nesterenko-thesis-2026-ROS-stack/src/respeaker_ros' with build type 'ament_python'
[0.653s] Level 1:colcon.colcon_core.shell:create_environment_hook('respeaker_ros', 'ament_prefix_path')
[0.660s] INFO:colcon.colcon_core.plugin_system:Skipping extension 'colcon_core.shell.bat': Not used on non-Windows systems
[0.660s] INFO:colcon.colcon_core.shell:Creating environment hook '/home/mykyta-nesterenko/Nesterenko-thesis-2026-ROS-stack/install/respeaker_ros/share/respeaker_ros/hook/ament_prefix_path.ps1'
[0.663s] INFO:colcon.colcon_core.shell:Creating environment descriptor '/home/mykyta-nesterenko/Nesterenko-thesis-2026-ROS-stack/install/respeaker_ros/share/respeaker_ros/hook/ament_prefix_path.dsv'
[0.664s] INFO:colcon.colcon_core.shell:Creating environment hook '/home/mykyta-nesterenko/Nesterenko-thesis-2026-ROS-stack/install/respeaker_ros/share/respeaker_ros/hook/ament_prefix_path.sh'
[0.666s] INFO:colcon.colcon_core.shell:Skip shell extension 'powershell' for command environment: Not usable outside of PowerShell
[0.666s] DEBUG:colcon.colcon_core.shell:Skip shell extension 'dsv' for command environment
[0.669s] INFO:colcon.colcon_ros.task.ament_python.build:Building ROS package in '/home/mykyta-nesterenko/Nesterenko-thesis-2026-ROS-stack/src/semubot_bringup' with build type 'ament_python'
[0.669s] Level 1:colcon.colcon_core.shell:create_environment_hook('semubot_bringup', 'ament_prefix_path')
[0.669s] INFO:colcon.colcon_core.shell:Creating environment hook '/home/mykyta-nesterenko/Nesterenko-thesis-2026-ROS-stack/install/semubot_bringup/share/semubot_bringup/hook/ament_prefix_path.ps1'
[0.671s] INFO:colcon.colcon_core.shell:Creating environment descriptor '/home/mykyta-nesterenko/Nesterenko-thesis-2026-ROS-stack/install/semubot_bringup/share/semubot_bringup/hook/ament_prefix_path.dsv'
[0.672s] INFO:colcon.colcon_core.shell:Creating environment hook '/home/mykyta-nesterenko/Nesterenko-thesis-2026-ROS-stack/install/semubot_bringup/share/semubot_bringup/hook/ament_prefix_path.sh'
[0.673s] INFO:colcon.colcon_core.shell:Skip shell extension 'powershell' for command environment: Not usable outside of PowerShell
[0.674s] DEBUG:colcon.colcon_core.shell:Skip shell extension 'dsv' for command environment
[0.676s] INFO:colcon.colcon_ros.task.ament_cmake.build:Building ROS package in '/home/mykyta-nesterenko/Nesterenko-thesis-2026-ROS-stack/src/semubot_description' with build type 'ament_cmake'
[0.677s] INFO:colcon.colcon_cmake.task.cmake.build:Building CMake package in '/home/mykyta-nesterenko/Nesterenko-thesis-2026-ROS-stack/src/semubot_description'
[0.677s] INFO:colcon.colcon_core.shell:Skip shell extension 'powershell' for command environment: Not usable outside of PowerShell
[0.677s] DEBUG:colcon.colcon_core.shell:Skip shell extension 'dsv' for command environment
[0.679s] INFO:colcon.colcon_ros.task.ament_cmake.build:Building ROS package in '/home/mykyta-nesterenko/Nesterenko-thesis-2026-ROS-stack/src/semubot_driver' with build type 'ament_cmake'
[0.680s] INFO:colcon.colcon_cmake.task.cmake.build:Building CMake package in '/home/mykyta-nesterenko/Nesterenko-thesis-2026-ROS-stack/src/semubot_driver'
[0.680s] INFO:colcon.colcon_core.shell:Skip shell extension 'powershell' for command environment: Not usable outside of PowerShell
[0.680s] DEBUG:colcon.colcon_core.shell:Skip shell extension 'dsv' for command environment
[0.682s] INFO:colcon.colcon_ros.task.ament_python.build:Building ROS package in '/home/mykyta-nesterenko/Nesterenko-thesis-2026-ROS-stack/src/semubot_eyes' with build type 'ament_python'
[0.683s] Level 1:colcon.colcon_core.shell:create_environment_hook('semubot_eyes', 'ament_prefix_path')
[0.683s] INFO:colcon.colcon_core.shell:Creating environment hook '/home/mykyta-nesterenko/Nesterenko-thesis-2026-ROS-stack/install/semubot_eyes/share/semubot_eyes/hook/ament_prefix_path.ps1'
[0.686s] INFO:colcon.colcon_core.shell:Creating environment descriptor '/home/mykyta-nesterenko/Nesterenko-thesis-2026-ROS-stack/install/semubot_eyes/share/semubot_eyes/hook/ament_prefix_path.dsv'
[0.686s] INFO:colcon.colcon_core.shell:Creating environment hook '/home/mykyta-nesterenko/Nesterenko-thesis-2026-ROS-stack/install/semubot_eyes/share/semubot_eyes/hook/ament_prefix_path.sh'
[0.686s] INFO:colcon.colcon_core.shell:Skip shell extension 'powershell' for command environment: Not usable outside of PowerShell
[0.686s] DEBUG:colcon.colcon_core.shell:Skip shell extension 'dsv' for command environment
[0.687s] INFO:colcon.colcon_ros.task.ament_cmake.build:Building ROS package in '/home/mykyta-nesterenko/Nesterenko-thesis-2026-ROS-stack/src/semubot_ros_control' with build type 'ament_cmake'
[0.687s] INFO:colcon.colcon_cmake.task.cmake.build:Building CMake package in '/home/mykyta-nesterenko/Nesterenko-thesis-2026-ROS-stack/src/semubot_ros_control'
[0.687s] INFO:colcon.colcon_core.shell:Skip shell extension 'powershell' for command environment: Not usable outside of PowerShell
[0.687s] DEBUG:colcon.colcon_core.shell:Skip shell extension 'dsv' for command environment
[0.907s] INFO:colcon.colcon_core.task.python.build:Building Python package in '/home/mykyta-nesterenko/Nesterenko-thesis-2026-ROS-stack/src/respeaker_ros'
[0.907s] INFO:colcon.colcon_core.shell:Skip shell extension 'powershell' for command environment: Not usable outside of PowerShell
[0.907s] DEBUG:colcon.colcon_core.shell:Skip shell extension 'dsv' for command environment
[1.138s] INFO:colcon.colcon_core.task.python.build:Building Python package in '/home/mykyta-nesterenko/Nesterenko-thesis-2026-ROS-stack/src/semubot_bringup'
[1.138s] INFO:colcon.colcon_core.shell:Skip shell extension 'powershell' for command environment: Not usable outside of PowerShell
[1.138s] DEBUG:colcon.colcon_core.shell:Skip shell extension 'dsv' for command environment
[1.145s] DEBUG:colcon.colcon_core.event_handler.log_command:Invoking command in '/home/mykyta-nesterenko/Nesterenko-thesis-2026-ROS-stack/build/semubot_description': DEBUGINFOD_URLS=https://debuginfod.ubuntu.com /usr/bin/cmake /home/mykyta-nesterenko/Nesterenko-thesis-2026-ROS-stack/src/semubot_description -DAMENT_CMAKE_SYMLINK_INSTALL=1 -DCMAKE_INSTALL_PREFIX=/home/mykyta-nesterenko/Nesterenko-thesis-2026-ROS-stack/install/semubot_description
[1.149s] DEBUG:colcon.colcon_core.event_handler.log_command:Invoking command in '/home/mykyta-nesterenko/Nesterenko-thesis-2026-ROS-stack/build/semubot_driver': DEBUGINFOD_URLS=https://debuginfod.ubuntu.com /usr/bin/cmake /home/mykyta-nesterenko/Nesterenko-thesis-2026-ROS-stack/src/semubot_driver -DAMENT_CMAKE_SYMLINK_INSTALL=1 -DCMAKE_INSTALL_PREFIX=/home/mykyta-nesterenko/Nesterenko-thesis-2026-ROS-stack/install/semubot_driver
[1.296s] INFO:colcon.colcon_core.task.python.build:Building Python package in '/home/mykyta-nesterenko/Nesterenko-thesis-2026-ROS-stack/src/semubot_eyes'
[1.296s] INFO:colcon.colcon_core.shell:Skip shell extension 'powershell' for command environment: Not usable outside of PowerShell
[1.297s] DEBUG:colcon.colcon_core.shell:Skip shell extension 'dsv' for command environment
[1.309s] DEBUG:colcon.colcon_core.event_handler.log_command:Invoking command in '/home/mykyta-nesterenko/Nesterenko-thesis-2026-ROS-stack/build/semubot_ros_control': DEBUGINFOD_URLS=https://debuginfod.ubuntu.com /usr/bin/cmake /home/mykyta-nesterenko/Nesterenko-thesis-2026-ROS-stack/src/semubot_ros_control -DAMENT_CMAKE_SYMLINK_INSTALL=1 -DCMAKE_INSTALL_PREFIX=/home/mykyta-nesterenko/Nesterenko-thesis-2026-ROS-stack/install/semubot_ros_control
[1.310s] DEBUG:colcon.colcon_core.event_handler.log_command:Invoked command in '/home/mykyta-nesterenko/Nesterenko-thesis-2026-ROS-stack/build/semubot_description' returned '1': DEBUGINFOD_URLS=https://debuginfod.ubuntu.com /usr/bin/cmake /home/mykyta-nesterenko/Nesterenko-thesis-2026-ROS-stack/src/semubot_description -DAMENT_CMAKE_SYMLINK_INSTALL=1 -DCMAKE_INSTALL_PREFIX=/home/mykyta-nesterenko/Nesterenko-thesis-2026-ROS-stack/install/semubot_description
[1.310s] DEBUG:colcon.colcon_core.event_handler.log_command:Invoked command in '/home/mykyta-nesterenko/Nesterenko-thesis-2026-ROS-stack/build/semubot_driver' returned '1': DEBUGINFOD_URLS=https://debuginfod.ubuntu.com /usr/bin/cmake /home/mykyta-nesterenko/Nesterenko-thesis-2026-ROS-stack/src/semubot_driver -DAMENT_CMAKE_SYMLINK_INSTALL=1 -DCMAKE_INSTALL_PREFIX=/home/mykyta-nesterenko/Nesterenko-thesis-2026-ROS-stack/install/semubot_driver
[1.318s] Level 1:colcon.colcon_core.environment:create_environment_scripts_only(semubot_description)
[1.325s] Level 1:colcon.colcon_core.environment:checking '/home/mykyta-nesterenko/Nesterenko-thesis-2026-ROS-stack/install/semubot_description' for CMake module files
[1.325s] Level 1:colcon.colcon_core.environment:checking '/home/mykyta-nesterenko/Nesterenko-thesis-2026-ROS-stack/install/semubot_description' for CMake config files
[1.326s] Level 1:colcon.colcon_core.environment:checking '/home/mykyta-nesterenko/Nesterenko-thesis-2026-ROS-stack/install/semubot_description/bin'
[1.326s] Level 1:colcon.colcon_core.environment:checking '/home/mykyta-nesterenko/Nesterenko-thesis-2026-ROS-stack/install/semubot_description/lib/pkgconfig/semubot_description.pc'
[1.326s] Level 1:colcon.colcon_core.environment:checking '/home/mykyta-nesterenko/Nesterenko-thesis-2026-ROS-stack/install/semubot_description/lib/python3.12/site-packages'
[1.326s] Level 1:colcon.colcon_core.environment:checking '/home/mykyta-nesterenko/Nesterenko-thesis-2026-ROS-stack/install/semubot_description/bin'
[1.326s] INFO:colcon.colcon_core.shell:Creating package script '/home/mykyta-nesterenko/Nesterenko-thesis-2026-ROS-stack/install/semubot_description/share/semubot_description/package.ps1'
[1.327s] INFO:colcon.colcon_core.shell:Creating package descriptor '/home/mykyta-nesterenko/Nesterenko-thesis-2026-ROS-stack/install/semubot_description/share/semubot_description/package.dsv'
[1.328s] INFO:colcon.colcon_core.shell:Creating package script '/home/mykyta-nesterenko/Nesterenko-thesis-2026-ROS-stack/install/semubot_description/share/semubot_description/package.sh'
[1.328s] INFO:colcon.colcon_core.shell:Creating package script '/home/mykyta-nesterenko/Nesterenko-thesis-2026-ROS-stack/install/semubot_description/share/semubot_description/package.bash'
[1.329s] INFO:colcon.colcon_core.shell:Creating package script '/home/mykyta-nesterenko/Nesterenko-thesis-2026-ROS-stack/install/semubot_description/share/semubot_description/package.zsh'
[1.330s] Level 1:colcon.colcon_core.environment:create_file_with_runtime_dependencies(/home/mykyta-nesterenko/Nesterenko-thesis-2026-ROS-stack/install/semubot_description/share/colcon-core/packages/semubot_description)
[1.330s] Level 1:colcon.colcon_core.environment:create_environment_scripts_only(semubot_driver)
[1.330s] Level 1:colcon.colcon_core.environment:checking '/home/mykyta-nesterenko/Nesterenko-thesis-2026-ROS-stack/install/semubot_driver' for CMake module files
[1.331s] Level 1:colcon.colcon_core.environment:checking '/home/mykyta-nesterenko/Nesterenko-thesis-2026-ROS-stack/install/semubot_driver' for CMake config files
[1.331s] Level 1:colcon.colcon_core.environment:checking '/home/mykyta-nesterenko/Nesterenko-thesis-2026-ROS-stack/install/semubot_driver/bin'
[1.332s] Level 1:colcon.colcon_core.environment:checking '/home/mykyta-nesterenko/Nesterenko-thesis-2026-ROS-stack/install/semubot_driver/lib/pkgconfig/semubot_driver.pc'
[1.332s] Level 1:colcon.colcon_core.environment:checking '/home/mykyta-nesterenko/Nesterenko-thesis-2026-ROS-stack/install/semubot_driver/lib/python3.12/site-packages'
[1.332s] Level 1:colcon.colcon_core.environment:checking '/home/mykyta-nesterenko/Nesterenko-thesis-2026-ROS-stack/install/semubot_driver/bin'
[1.332s] INFO:colcon.colcon_core.shell:Creating package script '/home/mykyta-nesterenko/Nesterenko-thesis-2026-ROS-stack/install/semubot_driver/share/semubot_driver/package.ps1'
[1.332s] INFO:colcon.colcon_core.shell:Creating package descriptor '/home/mykyta-nesterenko/Nesterenko-thesis-2026-ROS-stack/install/semubot_driver/share/semubot_driver/package.dsv'
[1.333s] INFO:colcon.colcon_core.shell:Creating package script '/home/mykyta-nesterenko/Nesterenko-thesis-2026-ROS-stack/install/semubot_driver/share/semubot_driver/package.sh'
[1.333s] INFO:colcon.colcon_core.shell:Creating package script '/home/mykyta-nesterenko/Nesterenko-thesis-2026-ROS-stack/install/semubot_driver/share/semubot_driver/package.bash'
[1.333s] INFO:colcon.colcon_core.shell:Creating package script '/home/mykyta-nesterenko/Nesterenko-thesis-2026-ROS-stack/install/semubot_driver/share/semubot_driver/package.zsh'
[1.333s] Level 1:colcon.colcon_core.environment:create_file_with_runtime_dependencies(/home/mykyta-nesterenko/Nesterenko-thesis-2026-ROS-stack/install/semubot_driver/share/colcon-core/packages/semubot_driver)
[1.902s] DEBUG:colcon.colcon_parallel_executor.executor.parallel:closing loop
[1.902s] DEBUG:colcon.colcon_parallel_executor.executor.parallel:loop closed
[1.902s] DEBUG:colcon.colcon_parallel_executor.executor.parallel:run_until_complete finished with '1'
[1.902s] DEBUG:colcon.colcon_core.event_reactor:joining thread
[1.910s] INFO:colcon.colcon_core.plugin_system:Skipping extension 'colcon_notification.desktop_notification.terminal_notifier': Not used on non-Darwin systems
[1.910s] INFO:colcon.colcon_core.plugin_system:Skipping extension 'colcon_notification.desktop_notification.win32': Not used on non-Windows systems
[1.910s] INFO:colcon.colcon_notification.desktop_notification:Sending desktop notification using 'notify2'
[1.948s] DEBUG:colcon.colcon_core.event_reactor:joined thread
[1.949s] INFO:colcon.colcon_core.shell:Creating prefix script '/home/mykyta-nesterenko/Nesterenko-thesis-2026-ROS-stack/install/local_setup.ps1'
[1.953s] INFO:colcon.colcon_core.shell:Creating prefix util module '/home/mykyta-nesterenko/Nesterenko-thesis-2026-ROS-stack/install/_local_setup_util_ps1.py'
[1.960s] INFO:colcon.colcon_core.shell:Creating prefix chain script '/home/mykyta-nesterenko/Nesterenko-thesis-2026-ROS-stack/install/setup.ps1'
[1.964s] INFO:colcon.colcon_core.shell:Creating prefix script '/home/mykyta-nesterenko/Nesterenko-thesis-2026-ROS-stack/install/local_setup.sh'
[1.967s] INFO:colcon.colcon_core.shell:Creating prefix util module '/home/mykyta-nesterenko/Nesterenko-thesis-2026-ROS-stack/install/_local_setup_util_sh.py'
[1.970s] INFO:colcon.colcon_core.shell:Creating prefix chain script '/home/mykyta-nesterenko/Nesterenko-thesis-2026-ROS-stack/install/setup.sh'
[1.974s] INFO:colcon.colcon_core.shell:Creating prefix script '/home/mykyta-nesterenko/Nesterenko-thesis-2026-ROS-stack/install/local_setup.bash'
[1.977s] INFO:colcon.colcon_core.shell:Creating prefix chain script '/home/mykyta-nesterenko/Nesterenko-thesis-2026-ROS-stack/install/setup.bash'
[1.980s] INFO:colcon.colcon_core.shell:Creating prefix script '/home/mykyta-nesterenko/Nesterenko-thesis-2026-ROS-stack/install/local_setup.zsh'
[1.983s] INFO:colcon.colcon_core.shell:Creating prefix chain script '/home/mykyta-nesterenko/Nesterenko-thesis-2026-ROS-stack/install/setup.zsh'
