[0.484s] Invoking command in '/home/mykyta-nesterenko/Nesterenko-thesis-2026-ROS-stack/build/semubot_description': DEBUGINFOD_URLS=https://debuginfod.ubuntu.com /usr/bin/cmake /home/mykyta-nesterenko/Nesterenko-thesis-2026-ROS-stack/src/semubot_description -DAMENT_CMAKE_SYMLINK_INSTALL=1 -DCMAKE_INSTALL_PREFIX=/home/mykyta-nesterenko/Nesterenko-thesis-2026-ROS-stack/install/semubot_description
[0.675s] -- The C compiler identification is GNU 13.3.0
[0.803s] -- The CXX compiler identification is GNU 13.3.0
[0.822s] -- Detecting C compiler ABI info
[0.893s] -- Detecting C compiler ABI info - done
[0.900s] -- Check for working C compiler: /usr/bin/cc - skipped
[0.900s] -- Detecting C compile features
[0.901s] -- Detecting C compile features - done
[0.907s] -- Detecting CXX compiler ABI info
[0.970s] -- Detecting CXX compiler ABI info - done
[1.008s] -- Check for working CXX compiler: /usr/bin/c++ - skipped
[1.009s] -- Detecting CXX compile features
[1.012s] -- Detecting CXX compile features - done
[1.033s] [31mCMake Error at CMakeLists.txt:8 (find_package):
[1.033s]   By not providing "Findament_cmake.cmake" in CMAKE_MODULE_PATH this project
[1.033s]   has asked CMake to find a package configuration file provided by
[1.033s]   "ament_cmake", but CMake did not find one.
[1.034s] 
[1.034s]   Could not find a package configuration file provided by "ament_cmake" with
[1.034s]   any of the following names:
[1.034s] 
[1.034s]     ament_cmakeConfig.cmake
[1.034s]     ament_cmake-config.cmake
[1.034s] 
[1.034s]   Add the installation prefix of "ament_cmake" to CMAKE_PREFIX_PATH or set
[1.034s]   "ament_cmake_DIR" to a directory containing one of the above files.  If
[1.035s]   "ament_cmake" provides a separate development package or SDK, be sure it
[1.035s]   has been installed.
[1.035s] 
[1.035s] [0m
[1.035s] -- Configuring incomplete, errors occurred!
