running develop
running egg_info
creating semubot_eyes.egg-info
writing semubot_eyes.egg-info/PKG-INFO
writing dependency_links to semubot_eyes.egg-info/dependency_links.txt
writing entry points to semubot_eyes.egg-info/entry_points.txt
writing requirements to semubot_eyes.egg-info/requires.txt
writing top-level names to semubot_eyes.egg-info/top_level.txt
writing manifest file 'semubot_eyes.egg-info/SOURCES.txt'
reading manifest file 'semubot_eyes.egg-info/SOURCES.txt'
writing manifest file 'semubot_eyes.egg-info/SOURCES.txt'
running build_ext
Creating /home/mykyta-nesterenko/Nesterenko-thesis-2026-ROS-stack/install/semubot_eyes/lib/python3.12/site-packages/semubot-eyes.egg-link (link to .)
Installing eye_controller script to /home/mykyta-nesterenko/Nesterenko-thesis-2026-ROS-stack/install/semubot_eyes/lib/semubot_eyes

Installed /home/mykyta-nesterenko/Nesterenko-thesis-2026-ROS-stack/build/semubot_eyes
running symlink_data
creating /home/mykyta-nesterenko/Nesterenko-thesis-2026-ROS-stack/install/semubot_eyes/share/semubot_eyes/images
symbolically linking /home/mykyta-nesterenko/Nesterenko-thesis-2026-ROS-stack/build/semubot_eyes/images/IMG_6479.PNG -> /home/mykyta-nesterenko/Nesterenko-thesis-2026-ROS-stack/install/semubot_eyes/share/semubot_eyes/images
symbolically linking /home/mykyta-nesterenko/Nesterenko-thesis-2026-ROS-stack/build/semubot_eyes/images/IMG_7895.PNG -> /home/mykyta-nesterenko/Nesterenko-thesis-2026-ROS-stack/install/semubot_eyes/share/semubot_eyes/images
symbolically linking /home/mykyta-nesterenko/Nesterenko-thesis-2026-ROS-stack/build/semubot_eyes/images/eyebb.png -> /home/mykyta-nesterenko/Nesterenko-thesis-2026-ROS-stack/install/semubot_eyes/share/semubot_eyes/images
symbolically linking /home/mykyta-nesterenko/Nesterenko-thesis-2026-ROS-stack/build/semubot_eyes/images/mouth5.png -> /home/mykyta-nesterenko/Nesterenko-thesis-2026-ROS-stack/install/semubot_eyes/share/semubot_eyes/images
symbolically linking /home/mykyta-nesterenko/Nesterenko-thesis-2026-ROS-stack/build/semubot_eyes/images/eye2.png -> /home/mykyta-nesterenko/Nesterenko-thesis-2026-ROS-stack/install/semubot_eyes/share/semubot_eyes/images
symbolically linking /home/mykyta-nesterenko/Nesterenko-thesis-2026-ROS-stack/build/semubot_eyes/images/both_eyes.png -> /home/mykyta-nesterenko/Nesterenko-thesis-2026-ROS-stack/install/semubot_eyes/share/semubot_eyes/images
symbolically linking /home/mykyta-nesterenko/Nesterenko-thesis-2026-ROS-stack/build/semubot_eyes/images/mouth.png -> /home/mykyta-nesterenko/Nesterenko-thesis-2026-ROS-stack/install/semubot_eyes/share/semubot_eyes/images
symbolically linking /home/mykyta-nesterenko/Nesterenko-thesis-2026-ROS-stack/build/semubot_eyes/images/IMG_6483.PNG -> /home/mykyta-nesterenko/Nesterenko-thesis-2026-ROS-stack/install/semubot_eyes/share/semubot_eyes/images
symbolically linking /home/mykyta-nesterenko/Nesterenko-thesis-2026-ROS-stack/build/semubot_eyes/images/mouth4.png -> /home/mykyta-nesterenko/Nesterenko-thesis-2026-ROS-stack/install/semubot_eyes/share/semubot_eyes/images
symbolically linking /home/mykyta-nesterenko/Nesterenko-thesis-2026-ROS-stack/build/semubot_eyes/images/IMG_6482.PNG -> /home/mykyta-nesterenko/Nesterenko-thesis-2026-ROS-stack/install/semubot_eyes/share/semubot_eyes/images
symbolically linking /home/mykyta-nesterenko/Nesterenko-thesis-2026-ROS-stack/build/semubot_eyes/images/outline.png -> /home/mykyta-nesterenko/Nesterenko-thesis-2026-ROS-stack/install/semubot_eyes/share/semubot_eyes/images
symbolically linking /home/mykyta-nesterenko/Nesterenko-thesis-2026-ROS-stack/build/semubot_eyes/images/lidst.png -> /home/mykyta-nesterenko/Nesterenko-thesis-2026-ROS-stack/install/semubot_eyes/share/semubot_eyes/images
symbolically linking /home/mykyta-nesterenko/Nesterenko-thesis-2026-ROS-stack/build/semubot_eyes/images/IMG_6481.PNG -> /home/mykyta-nesterenko/Nesterenko-thesis-2026-ROS-stack/install/semubot_eyes/share/semubot_eyes/images
symbolically linking /home/mykyta-nesterenko/Nesterenko-thesis-2026-ROS-stack/build/semubot_eyes/images/mouth2.png -> /home/mykyta-nesterenko/Nesterenko-thesis-2026-ROS-stack/install/semubot_eyes/share/semubot_eyes/images
symbolically linking /home/mykyta-nesterenko/Nesterenko-thesis-2026-ROS-stack/build/semubot_eyes/images/IMG_6486.PNG -> /home/mykyta-nesterenko/Nesterenko-thesis-2026-ROS-stack/install/semubot_eyes/share/semubot_eyes/images
symbolically linking /home/mykyta-nesterenko/Nesterenko-thesis-2026-ROS-stack/build/semubot_eyes/images/eye3.png -> /home/mykyta-nesterenko/Nesterenko-thesis-2026-ROS-stack/install/semubot_eyes/share/semubot_eyes/images
symbolically linking /home/mykyta-nesterenko/Nesterenko-thesis-2026-ROS-stack/build/semubot_eyes/images/eyebrows.png -> /home/mykyta-nesterenko/Nesterenko-thesis-2026-ROS-stack/install/semubot_eyes/share/semubot_eyes/images
symbolically linking /home/mykyta-nesterenko/Nesterenko-thesis-2026-ROS-stack/build/semubot_eyes/images/IMG_6484.PNG -> /home/mykyta-nesterenko/Nesterenko-thesis-2026-ROS-stack/install/semubot_eyes/share/semubot_eyes/images
symbolically linking /home/mykyta-nesterenko/Nesterenko-thesis-2026-ROS-stack/build/semubot_eyes/images/mouth3.png -> /home/mykyta-nesterenko/Nesterenko-thesis-2026-ROS-stack/install/semubot_eyes/share/semubot_eyes/images
symbolically linking /home/mykyta-nesterenko/Nesterenko-thesis-2026-ROS-stack/build/semubot_eyes/images/test.PNG -> /home/mykyta-nesterenko/Nesterenko-thesis-2026-ROS-stack/install/semubot_eyes/share/semubot_eyes/images
symbolically linking /home/mykyta-nesterenko/Nesterenko-thesis-2026-ROS-stack/build/semubot_eyes/images/outline_old.png -> /home/mykyta-nesterenko/Nesterenko-thesis-2026-ROS-stack/install/semubot_eyes/share/semubot_eyes/images
symbolically linking /home/mykyta-nesterenko/Nesterenko-thesis-2026-ROS-stack/build/semubot_eyes/images/IMG_6485.PNG -> /home/mykyta-nesterenko/Nesterenko-thesis-2026-ROS-stack/install/semubot_eyes/share/semubot_eyes/images
symbolically linking /home/mykyta-nesterenko/Nesterenko-thesis-2026-ROS-stack/build/semubot_eyes/images/nose.png -> /home/mykyta-nesterenko/Nesterenko-thesis-2026-ROS-stack/install/semubot_eyes/share/semubot_eyes/images
symbolically linking /home/mykyta-nesterenko/Nesterenko-thesis-2026-ROS-stack/build/semubot_eyes/images/IMG_6480.PNG -> /home/mykyta-nesterenko/Nesterenko-thesis-2026-ROS-stack/install/semubot_eyes/share/semubot_eyes/images
symbolically linking /home/mykyta-nesterenko/Nesterenko-thesis-2026-ROS-stack/build/semubot_eyes/test_speech.wav -> /home/mykyta-nesterenko/Nesterenko-thesis-2026-ROS-stack/install/semubot_eyes/share/semubot_eyes
creating /home/mykyta-nesterenko/Nesterenko-thesis-2026-ROS-stack/install/semubot_eyes/share/ament_index
creating /home/mykyta-nesterenko/Nesterenko-thesis-2026-ROS-stack/install/semubot_eyes/share/ament_index/resource_index
creating /home/mykyta-nesterenko/Nesterenko-thesis-2026-ROS-stack/install/semubot_eyes/share/ament_index/resource_index/packages
symbolically linking /home/mykyta-nesterenko/Nesterenko-thesis-2026-ROS-stack/build/semubot_eyes/resource/semubot_eyes -> /home/mykyta-nesterenko/Nesterenko-thesis-2026-ROS-stack/install/semubot_eyes/share/ament_index/resource_index/packages
symbolically linking /home/mykyta-nesterenko/Nesterenko-thesis-2026-ROS-stack/build/semubot_eyes/package.xml -> /home/mykyta-nesterenko/Nesterenko-thesis-2026-ROS-stack/install/semubot_eyes/share/semubot_eyes
