[1.002s] Invoking command in '/home/mykyta-nesterenko/Nesterenko-thesis-2026-ROS-stack/build/semubot_eyes': DEBUGINFOD_URLS=https://debuginfod.ubuntu.com PYTHONPATH=/home/mykyta-nesterenko/Nesterenko-thesis-2026-ROS-stack/build/semubot_eyes/prefix_override:/usr/lib/python3/dist-packages/colcon_core/task/python/colcon_distutils_commands:/home/mykyta-nesterenko/Nesterenko-thesis-2026-ROS-stack/install/semubot_eyes/lib/python3.12/site-packages:${PYTHONPATH} /usr/bin/python3 -W ignore:setup.py install is deprecated -W ignore:easy_install command is deprecated setup.py develop --editable --build-directory /home/mykyta-nesterenko/Nesterenko-thesis-2026-ROS-stack/build/semubot_eyes/build --no-deps symlink_data
[1.264s] running develop
[1.493s] running egg_info
[1.494s] creating semubot_eyes.egg-info
[1.511s] writing semubot_eyes.egg-info/PKG-INFO
[1.512s] writing dependency_links to semubot_eyes.egg-info/dependency_links.txt
[1.512s] writing entry points to semubot_eyes.egg-info/entry_points.txt
[1.512s] writing requirements to semubot_eyes.egg-info/requires.txt
[1.512s] writing top-level names to semubot_eyes.egg-info/top_level.txt
[1.512s] writing manifest file 'semubot_eyes.egg-info/SOURCES.txt'
[1.545s] reading manifest file 'semubot_eyes.egg-info/SOURCES.txt'
[1.545s] writing manifest file 'semubot_eyes.egg-info/SOURCES.txt'
[1.562s] running build_ext
[1.562s] Creating /home/mykyta-nesterenko/Nesterenko-thesis-2026-ROS-stack/install/semubot_eyes/lib/python3.12/site-packages/semubot-eyes.egg-link (link to .)
[1.562s] Installing eye_controller script to /home/mykyta-nesterenko/Nesterenko-thesis-2026-ROS-stack/install/semubot_eyes/lib/semubot_eyes
[1.563s] 
[1.563s] Installed /home/mykyta-nesterenko/Nesterenko-thesis-2026-ROS-stack/build/semubot_eyes
[1.563s] running symlink_data
[1.563s] creating /home/mykyta-nesterenko/Nesterenko-thesis-2026-ROS-stack/install/semubot_eyes/share/semubot_eyes/images
[1.563s] symbolically linking /home/mykyta-nesterenko/Nesterenko-thesis-2026-ROS-stack/build/semubot_eyes/images/IMG_6479.PNG -> /home/mykyta-nesterenko/Nesterenko-thesis-2026-ROS-stack/install/semubot_eyes/share/semubot_eyes/images
[1.563s] symbolically linking /home/mykyta-nesterenko/Nesterenko-thesis-2026-ROS-stack/build/semubot_eyes/images/IMG_7895.PNG -> /home/mykyta-nesterenko/Nesterenko-thesis-2026-ROS-stack/install/semubot_eyes/share/semubot_eyes/images
[1.563s] symbolically linking /home/mykyta-nesterenko/Nesterenko-thesis-2026-ROS-stack/build/semubot_eyes/images/eyebb.png -> /home/mykyta-nesterenko/Nesterenko-thesis-2026-ROS-stack/install/semubot_eyes/share/semubot_eyes/images
[1.563s] symbolically linking /home/mykyta-nesterenko/Nesterenko-thesis-2026-ROS-stack/build/semubot_eyes/images/mouth5.png -> /home/mykyta-nesterenko/Nesterenko-thesis-2026-ROS-stack/install/semubot_eyes/share/semubot_eyes/images
[1.564s] symbolically linking /home/mykyta-nesterenko/Nesterenko-thesis-2026-ROS-stack/build/semubot_eyes/images/eye2.png -> /home/mykyta-nesterenko/Nesterenko-thesis-2026-ROS-stack/install/semubot_eyes/share/semubot_eyes/images
[1.564s] symbolically linking /home/mykyta-nesterenko/Nesterenko-thesis-2026-ROS-stack/build/semubot_eyes/images/both_eyes.png -> /home/mykyta-nesterenko/Nesterenko-thesis-2026-ROS-stack/install/semubot_eyes/share/semubot_eyes/images
[1.564s] symbolically linking /home/mykyta-nesterenko/Nesterenko-thesis-2026-ROS-stack/build/semubot_eyes/images/mouth.png -> /home/mykyta-nesterenko/Nesterenko-thesis-2026-ROS-stack/install/semubot_eyes/share/semubot_eyes/images
[1.564s] symbolically linking /home/mykyta-nesterenko/Nesterenko-thesis-2026-ROS-stack/build/semubot_eyes/images/IMG_6483.PNG -> /home/mykyta-nesterenko/Nesterenko-thesis-2026-ROS-stack/install/semubot_eyes/share/semubot_eyes/images
[1.564s] symbolically linking /home/mykyta-nesterenko/Nesterenko-thesis-2026-ROS-stack/build/semubot_eyes/images/mouth4.png -> /home/mykyta-nesterenko/Nesterenko-thesis-2026-ROS-stack/install/semubot_eyes/share/semubot_eyes/images
[1.564s] symbolically linking /home/mykyta-nesterenko/Nesterenko-thesis-2026-ROS-stack/build/semubot_eyes/images/IMG_6482.PNG -> /home/mykyta-nesterenko/Nesterenko-thesis-2026-ROS-stack/install/semubot_eyes/share/semubot_eyes/images
[1.565s] symbolically linking /home/mykyta-nesterenko/Nesterenko-thesis-2026-ROS-stack/build/semubot_eyes/images/outline.png -> /home/mykyta-nesterenko/Nesterenko-thesis-2026-ROS-stack/install/semubot_eyes/share/semubot_eyes/images
[1.565s] symbolically linking /home/mykyta-nesterenko/Nesterenko-thesis-2026-ROS-stack/build/semubot_eyes/images/lidst.png -> /home/mykyta-nesterenko/Nesterenko-thesis-2026-ROS-stack/install/semubot_eyes/share/semubot_eyes/images
[1.565s] symbolically linking /home/mykyta-nesterenko/Nesterenko-thesis-2026-ROS-stack/build/semubot_eyes/images/IMG_6481.PNG -> /home/mykyta-nesterenko/Nesterenko-thesis-2026-ROS-stack/install/semubot_eyes/share/semubot_eyes/images
[1.565s] symbolically linking /home/mykyta-nesterenko/Nesterenko-thesis-2026-ROS-stack/build/semubot_eyes/images/mouth2.png -> /home/mykyta-nesterenko/Nesterenko-thesis-2026-ROS-stack/install/semubot_eyes/share/semubot_eyes/images
[1.565s] symbolically linking /home/mykyta-nesterenko/Nesterenko-thesis-2026-ROS-stack/build/semubot_eyes/images/IMG_6486.PNG -> /home/mykyta-nesterenko/Nesterenko-thesis-2026-ROS-stack/install/semubot_eyes/share/semubot_eyes/images
[1.565s] symbolically linking /home/mykyta-nesterenko/Nesterenko-thesis-2026-ROS-stack/build/semubot_eyes/images/eye3.png -> /home/mykyta-nesterenko/Nesterenko-thesis-2026-ROS-stack/install/semubot_eyes/share/semubot_eyes/images
[1.565s] symbolically linking /home/mykyta-nesterenko/Nesterenko-thesis-2026-ROS-stack/build/semubot_eyes/images/eyebrows.png -> /home/mykyta-nesterenko/Nesterenko-thesis-2026-ROS-stack/install/semubot_eyes/share/semubot_eyes/images
[1.565s] symbolically linking /home/mykyta-nesterenko/Nesterenko-thesis-2026-ROS-stack/build/semubot_eyes/images/IMG_6484.PNG -> /home/mykyta-nesterenko/Nesterenko-thesis-2026-ROS-stack/install/semubot_eyes/share/semubot_eyes/images
[1.566s] symbolically linking /home/mykyta-nesterenko/Nesterenko-thesis-2026-ROS-stack/build/semubot_eyes/images/mouth3.png -> /home/mykyta-nesterenko/Nesterenko-thesis-2026-ROS-stack/install/semubot_eyes/share/semubot_eyes/images
[1.566s] symbolically linking /home/mykyta-nesterenko/Nesterenko-thesis-2026-ROS-stack/build/semubot_eyes/images/test.PNG -> /home/mykyta-nesterenko/Nesterenko-thesis-2026-ROS-stack/install/semubot_eyes/share/semubot_eyes/images
[1.566s] symbolically linking /home/mykyta-nesterenko/Nesterenko-thesis-2026-ROS-stack/build/semubot_eyes/images/outline_old.png -> /home/mykyta-nesterenko/Nesterenko-thesis-2026-ROS-stack/install/semubot_eyes/share/semubot_eyes/images
[1.566s] symbolically linking /home/mykyta-nesterenko/Nesterenko-thesis-2026-ROS-stack/build/semubot_eyes/images/IMG_6485.PNG -> /home/mykyta-nesterenko/Nesterenko-thesis-2026-ROS-stack/install/semubot_eyes/share/semubot_eyes/images
[1.566s] symbolically linking /home/mykyta-nesterenko/Nesterenko-thesis-2026-ROS-stack/build/semubot_eyes/images/nose.png -> /home/mykyta-nesterenko/Nesterenko-thesis-2026-ROS-stack/install/semubot_eyes/share/semubot_eyes/images
[1.566s] symbolically linking /home/mykyta-nesterenko/Nesterenko-thesis-2026-ROS-stack/build/semubot_eyes/images/IMG_6480.PNG -> /home/mykyta-nesterenko/Nesterenko-thesis-2026-ROS-stack/install/semubot_eyes/share/semubot_eyes/images
[1.566s] symbolically linking /home/mykyta-nesterenko/Nesterenko-thesis-2026-ROS-stack/build/semubot_eyes/test_speech.wav -> /home/mykyta-nesterenko/Nesterenko-thesis-2026-ROS-stack/install/semubot_eyes/share/semubot_eyes
[1.566s] creating /home/mykyta-nesterenko/Nesterenko-thesis-2026-ROS-stack/install/semubot_eyes/share/ament_index
[1.566s] creating /home/mykyta-nesterenko/Nesterenko-thesis-2026-ROS-stack/install/semubot_eyes/share/ament_index/resource_index
[1.567s] creating /home/mykyta-nesterenko/Nesterenko-thesis-2026-ROS-stack/install/semubot_eyes/share/ament_index/resource_index/packages
[1.567s] symbolically linking /home/mykyta-nesterenko/Nesterenko-thesis-2026-ROS-stack/build/semubot_eyes/resource/semubot_eyes -> /home/mykyta-nesterenko/Nesterenko-thesis-2026-ROS-stack/install/semubot_eyes/share/ament_index/resource_index/packages
[1.567s] symbolically linking /home/mykyta-nesterenko/Nesterenko-thesis-2026-ROS-stack/build/semubot_eyes/package.xml -> /home/mykyta-nesterenko/Nesterenko-thesis-2026-ROS-stack/install/semubot_eyes/share/semubot_eyes
[1.596s] Invoked command in '/home/mykyta-nesterenko/Nesterenko-thesis-2026-ROS-stack/build/semubot_eyes' returned '0': DEBUGINFOD_URLS=https://debuginfod.ubuntu.com PYTHONPATH=/home/mykyta-nesterenko/Nesterenko-thesis-2026-ROS-stack/build/semubot_eyes/prefix_override:/usr/lib/python3/dist-packages/colcon_core/task/python/colcon_distutils_commands:/home/mykyta-nesterenko/Nesterenko-thesis-2026-ROS-stack/install/semubot_eyes/lib/python3.12/site-packages:${PYTHONPATH} /usr/bin/python3 -W ignore:setup.py install is deprecated -W ignore:easy_install command is deprecated setup.py develop --editable --build-directory /home/mykyta-nesterenko/Nesterenko-thesis-2026-ROS-stack/build/semubot_eyes/build --no-deps symlink_data
