-- The C compiler identification is GNU 13.3.0
-- The CXX compiler identification is GNU 13.3.0
-- Detecting C compiler ABI info
-- Detecting C compiler ABI info - done
-- Check for working C compiler: /usr/bin/cc - skipped
-- Detecting C compile features
-- Detecting C compile features - done
-- Detecting CXX compiler ABI info
-- Detecting CXX compiler ABI info - done
-- Check for working CXX compiler: /usr/bin/c++ - skipped
-- Detecting CXX compile features
-- Detecting CXX compile features - done
-- Found ament_cmake: 2.5.6 (/opt/ros/jazzy/share/ament_cmake/cmake)
-- Found Python3: /usr/bin/python3 (found version "3.12.3") found components: Interpreter 
-- Override CMake install command with custom implementation using symlinks instead of copying resources
-- Found rclcpp: 28.1.16 (/opt/ros/jazzy/share/rclcpp/cmake)
-- Found rosidl_generator_c: 4.6.7 (/opt/ros/jazzy/share/rosidl_generator_c/cmake)
-- Found rosidl_generator_cpp: 4.6.7 (/opt/ros/jazzy/share/rosidl_generator_cpp/cmake)
-- Using all available rosidl_typesupport_c: rosidl_typesupport_fastrtps_c;rosidl_typesupport_introspection_c
-- Using all available rosidl_typesupport_cpp: rosidl_typesupport_fastrtps_cpp;rosidl_typesupport_introspection_cpp
-- Found rmw_implementation_cmake: 7.3.3 (/opt/ros/jazzy/share/rmw_implementation_cmake/cmake)
-- Found rmw_fastrtps_cpp: 8.4.3 (/opt/ros/jazzy/share/rmw_fastrtps_cpp/cmake)
-- Found OpenSSL: /usr/lib/x86_64-linux-gnu/libcrypto.so (found version "3.0.13")  
-- Found FastRTPS: /opt/ros/jazzy/include (Required is at least version "2.13") 
-- Using RMW implementation 'rmw_fastrtps_cpp' as default
-- Found geometry_msgs: 5.3.6 (/opt/ros/jazzy/share/geometry_msgs/cmake)
-- Found sensor_msgs: 5.3.6 (/opt/ros/jazzy/share/sensor_msgs/cmake)
-- Configuring done (0.8s)
-- Generating done (0.0s)
-- Build files have been written to: /home/mykyta-nesterenko/Nesterenko-thesis-2026-ROS-stack/build/semubot_driver
[ 33%] [32mBuilding CXX object CMakeFiles/driver_node.dir/src/hardware.cpp.o[0m
[ 33%] [32mBuilding CXX object CMakeFiles/driver_node.dir/src/plugin_joint_state.cpp.o[0m
[ 50%] [32mBuilding CXX object CMakeFiles/driver_node.dir/src/driver.cpp.o[0m
[ 66%] [32mBuilding CXX object CMakeFiles/driver_node.dir/src/plugin_motors.cpp.o[0m
[ 83%] [32mBuilding CXX object CMakeFiles/driver_node.dir/src/driver_node.cpp.o[0m
[100%] [32m[1mLinking CXX executable driver_node[0m
[100%] Built target driver_node
-- Install configuration: ""
-- Execute custom install script
-- Symlinking: /home/mykyta-nesterenko/Nesterenko-thesis-2026-ROS-stack/install/semubot_driver/lib/semubot_driver/driver_node
-- Symlinking: /home/mykyta-nesterenko/Nesterenko-thesis-2026-ROS-stack/install/semubot_driver/include/semubot_driver/driver.hpp
-- Symlinking: /home/mykyta-nesterenko/Nesterenko-thesis-2026-ROS-stack/install/semubot_driver/include/semubot_driver/hardware.hpp
-- Symlinking: /home/mykyta-nesterenko/Nesterenko-thesis-2026-ROS-stack/install/semubot_driver/include/semubot_driver/plugin_joint_state.hpp
-- Symlinking: /home/mykyta-nesterenko/Nesterenko-thesis-2026-ROS-stack/install/semubot_driver/include/semubot_driver/plugin_motors.hpp
-- Symlinking: /home/mykyta-nesterenko/Nesterenko-thesis-2026-ROS-stack/install/semubot_driver/share/semubot_driver/config/joy_config.yaml
-- Symlinking: /home/mykyta-nesterenko/Nesterenko-thesis-2026-ROS-stack/install/semubot_driver/share/semubot_driver/config/parameters.yaml
-- Symlinking: /home/mykyta-nesterenko/Nesterenko-thesis-2026-ROS-stack/install/semubot_driver/share/semubot_driver/launch/semubot_driver.launch.py
-- Symlinking: /home/mykyta-nesterenko/Nesterenko-thesis-2026-ROS-stack/install/semubot_driver/share/ament_index/resource_index/package_run_dependencies/semubot_driver
-- Symlinking: /home/mykyta-nesterenko/Nesterenko-thesis-2026-ROS-stack/install/semubot_driver/share/ament_index/resource_index/parent_prefix_path/semubot_driver
-- Symlinking: /home/mykyta-nesterenko/Nesterenko-thesis-2026-ROS-stack/install/semubot_driver/share/semubot_driver/environment/ament_prefix_path.sh
-- Symlinking: /home/mykyta-nesterenko/Nesterenko-thesis-2026-ROS-stack/install/semubot_driver/share/semubot_driver/environment/ament_prefix_path.dsv
-- Symlinking: /home/mykyta-nesterenko/Nesterenko-thesis-2026-ROS-stack/install/semubot_driver/share/semubot_driver/environment/path.sh
-- Symlinking: /home/mykyta-nesterenko/Nesterenko-thesis-2026-ROS-stack/install/semubot_driver/share/semubot_driver/environment/path.dsv
-- Symlinking: /home/mykyta-nesterenko/Nesterenko-thesis-2026-ROS-stack/install/semubot_driver/share/semubot_driver/local_setup.bash
-- Symlinking: /home/mykyta-nesterenko/Nesterenko-thesis-2026-ROS-stack/install/semubot_driver/share/semubot_driver/local_setup.sh
-- Symlinking: /home/mykyta-nesterenko/Nesterenko-thesis-2026-ROS-stack/install/semubot_driver/share/semubot_driver/local_setup.zsh
-- Symlinking: /home/mykyta-nesterenko/Nesterenko-thesis-2026-ROS-stack/install/semubot_driver/share/semubot_driver/local_setup.dsv
-- Symlinking: /home/mykyta-nesterenko/Nesterenko-thesis-2026-ROS-stack/install/semubot_driver/share/semubot_driver/package.dsv
-- Symlinking: /home/mykyta-nesterenko/Nesterenko-thesis-2026-ROS-stack/install/semubot_driver/share/ament_index/resource_index/packages/semubot_driver
-- Symlinking: /home/mykyta-nesterenko/Nesterenko-thesis-2026-ROS-stack/install/semubot_driver/share/semubot_driver/cmake/semubot_driverConfig.cmake
-- Symlinking: /home/mykyta-nesterenko/Nesterenko-thesis-2026-ROS-stack/install/semubot_driver/share/semubot_driver/cmake/semubot_driverConfig-version.cmake
-- Symlinking: /home/mykyta-nesterenko/Nesterenko-thesis-2026-ROS-stack/install/semubot_driver/share/semubot_driver/package.xml
