[0.467s] Invoking command in '/home/mykyta-nesterenko/Nesterenko-thesis-2026-ROS-stack/build/semubot_description': DEBUGINFOD_URLS=https://debuginfod.ubuntu.com /usr/bin/cmake /home/mykyta-nesterenko/Nesterenko-thesis-2026-ROS-stack/src/semubot_description -DAMENT_CMAKE_SYMLINK_INSTALL=1 -DCMAKE_INSTALL_PREFIX=/home/mykyta-nesterenko/Nesterenko-thesis-2026-ROS-stack/install/semubot_description
[0.625s] -- Configuring incomplete, errors occurred!
[0.626s] [31mCMake Error at CMakeLists.txt:8 (find_package):
[0.626s]   By not providing "Findament_cmake.cmake" in CMAKE_MODULE_PATH this project
[0.626s]   has asked CMake to find a package configuration file provided by
[0.626s]   "ament_cmake", but CMake did not find one.
[0.627s] 
[0.627s]   Could not find a package configuration file provided by "ament_cmake" with
[0.627s]   any of the following names:
[0.627s] 
[0.627s]     ament_cmakeConfig.cmake
[0.627s]     ament_cmake-config.cmake
[0.627s] 
[0.627s]   Add the installation prefix of "ament_cmake" to CMAKE_PREFIX_PATH or set
[0.627s]   "ament_cmake_DIR" to a directory containing one of the above files.  If
[0.627s]   "ament_cmake" provides a separate development package or SDK, be sure it
[0.627s]   has been installed.
[0.628s] 
[0.628s] [0m
[0.632s] Invoked command in '/home/mykyta-nesterenko/Nesterenko-thesis-2026-ROS-stack/build/semubot_description' returned '1': DEBUGINFOD_URLS=https://debuginfod.ubuntu.com /usr/bin/cmake /home/mykyta-nesterenko/Nesterenko-thesis-2026-ROS-stack/src/semubot_description -DAMENT_CMAKE_SYMLINK_INSTALL=1 -DCMAKE_INSTALL_PREFIX=/home/mykyta-nesterenko/Nesterenko-thesis-2026-ROS-stack/install/semubot_description
