[0.069s] DEBUG:colcon:Command line arguments: ['/usr/bin/colcon', 'build', '--packages-select', 'semubot_description']
[0.069s] DEBUG:colcon:Parsed command line arguments: Namespace(log_base=None, log_level=None, verb_name='build', build_base='build', install_base='install', merge_install=False, symlink_install=False, test_result_base=None, continue_on_error=False, executor='parallel', parallel_workers=12, event_handlers=None, ignore_user_meta=False, metas=['./colcon.meta'], base_paths=['.'], packages_ignore=None, packages_ignore_regex=None, paths=None, packages_up_to=None, packages_up_to_regex=None, packages_above=None, packages_above_and_dependencies=None, packages_above_depth=None, packages_select_by_dep=None, packages_skip_by_dep=None, packages_skip_up_to=None, packages_select_build_failed=False, packages_skip_build_finished=False, packages_select_test_failures=False, packages_skip_test_passed=False, packages_select=['semubot_description'], packages_skip=None, packages_select_regex=None, packages_skip_regex=None, packages_start=None, packages_end=None, allow_overriding=[], cmake_args=None, cmake_target=None, cmake_target_skip_unavailable=False, cmake_clean_cache=False, cmake_clean_first=False, cmake_force_configure=False, ament_cmake_args=None, catkin_cmake_args=None, catkin_skip_building_tests=False, mixin_files=None, mixin=None, verb_parser=<colcon_mixin.mixin.mixin_argument.MixinArgumentDecorator object at 0x7c9d96e886b0>, verb_extension=<colcon_core.verb.build.BuildVerb object at 0x7c9d96e67e30>, main=<bound method BuildVerb.main of <colcon_core.verb.build.BuildVerb object at 0x7c9d96e67e30>>, mixin_verb=('build',))
[0.093s] Level 1:colcon.colcon_core.package_discovery:discover_packages(colcon_meta) check parameters
[0.093s] Level 1:colcon.colcon_core.package_discovery:discover_packages(recursive) check parameters
[0.093s] Level 1:colcon.colcon_core.package_discovery:discover_packages(ignore) check parameters
[0.093s] Level 1:colcon.colcon_core.package_discovery:discover_packages(path) check parameters
[0.093s] Level 1:colcon.colcon_core.package_discovery:discover_packages(colcon_meta) discover
[0.093s] Level 1:colcon.colcon_core.package_discovery:discover_packages(recursive) discover
[0.093s] INFO:colcon.colcon_core.package_discovery:Crawling recursively for packages in '/home/mykyta-nesterenko/Nesterenko-thesis-2026-ROS-stack'
[0.093s] Level 1:colcon.colcon_core.package_identification:_identify(.) by extensions ['ignore', 'ignore_ament_install']
[0.093s] Level 1:colcon.colcon_core.package_identification:_identify(.) by extension 'ignore'
[0.093s] Level 1:colcon.colcon_core.package_identification:_identify(.) by extension 'ignore_ament_install'
[0.093s] Level 1:colcon.colcon_core.package_identification:_identify(.) by extensions ['colcon_pkg']
[0.093s] Level 1:colcon.colcon_core.package_identification:_identify(.) by extension 'colcon_pkg'
[0.093s] Level 1:colcon.colcon_core.package_identification:_identify(.) by extensions ['colcon_meta']
[0.093s] Level 1:colcon.colcon_core.package_identification:_identify(.) by extension 'colcon_meta'
[0.093s] Level 1:colcon.colcon_core.package_identification:_identify(.) by extensions ['ros']
[0.093s] Level 1:colcon.colcon_core.package_identification:_identify(.) by extension 'ros'
[0.109s] Level 1:colcon.colcon_core.package_identification:_identify(.) by extensions ['cmake', 'python']
[0.109s] Level 1:colcon.colcon_core.package_identification:_identify(.) by extension 'cmake'
[0.109s] Level 1:colcon.colcon_core.package_identification:_identify(.) by extension 'python'
[0.109s] Level 1:colcon.colcon_core.package_identification:_identify(.) by extensions ['python_setup_py']
[0.109s] Level 1:colcon.colcon_core.package_identification:_identify(.) by extension 'python_setup_py'
[0.109s] Level 1:colcon.colcon_core.package_identification:_identify(build) by extensions ['ignore', 'ignore_ament_install']
[0.109s] Level 1:colcon.colcon_core.package_identification:_identify(build) by extension 'ignore'
[0.109s] Level 1:colcon.colcon_core.package_identification:_identify(build) ignored
[0.110s] Level 1:colcon.colcon_core.package_identification:_identify(install) by extensions ['ignore', 'ignore_ament_install']
[0.110s] Level 1:colcon.colcon_core.package_identification:_identify(install) by extension 'ignore'
[0.110s] Level 1:colcon.colcon_core.package_identification:_identify(install) ignored
[0.110s] Level 1:colcon.colcon_core.package_identification:_identify(log) by extensions ['ignore', 'ignore_ament_install']
[0.110s] Level 1:colcon.colcon_core.package_identification:_identify(log) by extension 'ignore'
[0.110s] Level 1:colcon.colcon_core.package_identification:_identify(log) ignored
[0.110s] Level 1:colcon.colcon_core.package_identification:_identify(src) by extensions ['ignore', 'ignore_ament_install']
[0.110s] Level 1:colcon.colcon_core.package_identification:_identify(src) by extension 'ignore'
[0.110s] Level 1:colcon.colcon_core.package_identification:_identify(src) by extension 'ignore_ament_install'
[0.110s] Level 1:colcon.colcon_core.package_identification:_identify(src) by extensions ['colcon_pkg']
[0.110s] Level 1:colcon.colcon_core.package_identification:_identify(src) by extension 'colcon_pkg'
[0.110s] Level 1:colcon.colcon_core.package_identification:_identify(src) by extensions ['colcon_meta']
[0.110s] Level 1:colcon.colcon_core.package_identification:_identify(src) by extension 'colcon_meta'
[0.110s] Level 1:colcon.colcon_core.package_identification:_identify(src) by extensions ['ros']
[0.110s] Level 1:colcon.colcon_core.package_identification:_identify(src) by extension 'ros'
[0.110s] Level 1:colcon.colcon_core.package_identification:_identify(src) by extensions ['cmake', 'python']
[0.110s] Level 1:colcon.colcon_core.package_identification:_identify(src) by extension 'cmake'
[0.110s] Level 1:colcon.colcon_core.package_identification:_identify(src) by extension 'python'
[0.110s] Level 1:colcon.colcon_core.package_identification:_identify(src) by extensions ['python_setup_py']
[0.110s] Level 1:colcon.colcon_core.package_identification:_identify(src) by extension 'python_setup_py'
[0.110s] Level 1:colcon.colcon_core.package_identification:_identify(src/respeaker_ros) by extensions ['ignore', 'ignore_ament_install']
[0.110s] Level 1:colcon.colcon_core.package_identification:_identify(src/respeaker_ros) by extension 'ignore'
[0.110s] Level 1:colcon.colcon_core.package_identification:_identify(src/respeaker_ros) by extension 'ignore_ament_install'
[0.110s] Level 1:colcon.colcon_core.package_identification:_identify(src/respeaker_ros) by extensions ['colcon_pkg']
[0.110s] Level 1:colcon.colcon_core.package_identification:_identify(src/respeaker_ros) by extension 'colcon_pkg'
[0.110s] Level 1:colcon.colcon_core.package_identification:_identify(src/respeaker_ros) by extensions ['colcon_meta']
[0.110s] Level 1:colcon.colcon_core.package_identification:_identify(src/respeaker_ros) by extension 'colcon_meta'
[0.110s] Level 1:colcon.colcon_core.package_identification:_identify(src/respeaker_ros) by extensions ['ros']
[0.110s] Level 1:colcon.colcon_core.package_identification:_identify(src/respeaker_ros) by extension 'ros'
[0.112s] DEBUG:colcon.colcon_core.package_identification:Package 'src/respeaker_ros' with type 'ros.ament_python' and name 'respeaker_ros'
[0.112s] Level 1:colcon.colcon_core.package_identification:_identify(src/semubot_bringup) by extensions ['ignore', 'ignore_ament_install']
[0.112s] Level 1:colcon.colcon_core.package_identification:_identify(src/semubot_bringup) by extension 'ignore'
[0.112s] Level 1:colcon.colcon_core.package_identification:_identify(src/semubot_bringup) by extension 'ignore_ament_install'
[0.112s] Level 1:colcon.colcon_core.package_identification:_identify(src/semubot_bringup) by extensions ['colcon_pkg']
[0.112s] Level 1:colcon.colcon_core.package_identification:_identify(src/semubot_bringup) by extension 'colcon_pkg'
[0.112s] Level 1:colcon.colcon_core.package_identification:_identify(src/semubot_bringup) by extensions ['colcon_meta']
[0.112s] Level 1:colcon.colcon_core.package_identification:_identify(src/semubot_bringup) by extension 'colcon_meta'
[0.112s] Level 1:colcon.colcon_core.package_identification:_identify(src/semubot_bringup) by extensions ['ros']
[0.112s] Level 1:colcon.colcon_core.package_identification:_identify(src/semubot_bringup) by extension 'ros'
[0.113s] DEBUG:colcon.colcon_core.package_identification:Package 'src/semubot_bringup' with type 'ros.ament_python' and name 'semubot_bringup'
[0.113s] Level 1:colcon.colcon_core.package_identification:_identify(src/semubot_description) by extensions ['ignore', 'ignore_ament_install']
[0.113s] Level 1:colcon.colcon_core.package_identification:_identify(src/semubot_description) by extension 'ignore'
[0.113s] Level 1:colcon.colcon_core.package_identification:_identify(src/semubot_description) by extension 'ignore_ament_install'
[0.113s] Level 1:colcon.colcon_core.package_identification:_identify(src/semubot_description) by extensions ['colcon_pkg']
[0.113s] Level 1:colcon.colcon_core.package_identification:_identify(src/semubot_description) by extension 'colcon_pkg'
[0.113s] Level 1:colcon.colcon_core.package_identification:_identify(src/semubot_description) by extensions ['colcon_meta']
[0.113s] Level 1:colcon.colcon_core.package_identification:_identify(src/semubot_description) by extension 'colcon_meta'
[0.113s] Level 1:colcon.colcon_core.package_identification:_identify(src/semubot_description) by extensions ['ros']
[0.113s] Level 1:colcon.colcon_core.package_identification:_identify(src/semubot_description) by extension 'ros'
[0.113s] DEBUG:colcon.colcon_core.package_identification:Package 'src/semubot_description' with type 'ros.ament_cmake' and name 'semubot_description'
[0.113s] Level 1:colcon.colcon_core.package_identification:_identify(src/semubot_driver) by extensions ['ignore', 'ignore_ament_install']
[0.113s] Level 1:colcon.colcon_core.package_identification:_identify(src/semubot_driver) by extension 'ignore'
[0.113s] Level 1:colcon.colcon_core.package_identification:_identify(src/semubot_driver) by extension 'ignore_ament_install'
[0.113s] Level 1:colcon.colcon_core.package_identification:_identify(src/semubot_driver) by extensions ['colcon_pkg']
[0.114s] Level 1:colcon.colcon_core.package_identification:_identify(src/semubot_driver) by extension 'colcon_pkg'
[0.114s] Level 1:colcon.colcon_core.package_identification:_identify(src/semubot_driver) by extensions ['colcon_meta']
[0.114s] Level 1:colcon.colcon_core.package_identification:_identify(src/semubot_driver) by extension 'colcon_meta'
[0.114s] Level 1:colcon.colcon_core.package_identification:_identify(src/semubot_driver) by extensions ['ros']
[0.114s] Level 1:colcon.colcon_core.package_identification:_identify(src/semubot_driver) by extension 'ros'
[0.114s] DEBUG:colcon.colcon_core.package_identification:Package 'src/semubot_driver' with type 'ros.ament_cmake' and name 'semubot_driver'
[0.114s] Level 1:colcon.colcon_core.package_identification:_identify(src/semubot_eyes) by extensions ['ignore', 'ignore_ament_install']
[0.114s] Level 1:colcon.colcon_core.package_identification:_identify(src/semubot_eyes) by extension 'ignore'
[0.114s] Level 1:colcon.colcon_core.package_identification:_identify(src/semubot_eyes) by extension 'ignore_ament_install'
[0.114s] Level 1:colcon.colcon_core.package_identification:_identify(src/semubot_eyes) by extensions ['colcon_pkg']
[0.114s] Level 1:colcon.colcon_core.package_identification:_identify(src/semubot_eyes) by extension 'colcon_pkg'
[0.114s] Level 1:colcon.colcon_core.package_identification:_identify(src/semubot_eyes) by extensions ['colcon_meta']
[0.114s] Level 1:colcon.colcon_core.package_identification:_identify(src/semubot_eyes) by extension 'colcon_meta'
[0.114s] Level 1:colcon.colcon_core.package_identification:_identify(src/semubot_eyes) by extensions ['ros']
[0.114s] Level 1:colcon.colcon_core.package_identification:_identify(src/semubot_eyes) by extension 'ros'
[0.115s] DEBUG:colcon.colcon_core.package_identification:Package 'src/semubot_eyes' with type 'ros.ament_python' and name 'semubot_eyes'
[0.115s] Level 1:colcon.colcon_core.package_identification:_identify(src/semubot_ros_control) by extensions ['ignore', 'ignore_ament_install']
[0.115s] Level 1:colcon.colcon_core.package_identification:_identify(src/semubot_ros_control) by extension 'ignore'
[0.115s] Level 1:colcon.colcon_core.package_identification:_identify(src/semubot_ros_control) by extension 'ignore_ament_install'
[0.115s] Level 1:colcon.colcon_core.package_identification:_identify(src/semubot_ros_control) by extensions ['colcon_pkg']
[0.115s] Level 1:colcon.colcon_core.package_identification:_identify(src/semubot_ros_control) by extension 'colcon_pkg'
[0.115s] Level 1:colcon.colcon_core.package_identification:_identify(src/semubot_ros_control) by extensions ['colcon_meta']
[0.115s] Level 1:colcon.colcon_core.package_identification:_identify(src/semubot_ros_control) by extension 'colcon_meta'
[0.115s] Level 1:colcon.colcon_core.package_identification:_identify(src/semubot_ros_control) by extensions ['ros']
[0.115s] Level 1:colcon.colcon_core.package_identification:_identify(src/semubot_ros_control) by extension 'ros'
[0.116s] DEBUG:colcon.colcon_core.package_identification:Package 'src/semubot_ros_control' with type 'ros.ament_cmake' and name 'semubot_ros_control'
[0.116s] Level 1:colcon.colcon_core.package_discovery:discover_packages(recursive) using defaults
[0.116s] Level 1:colcon.colcon_core.package_discovery:discover_packages(ignore) discover
[0.116s] Level 1:colcon.colcon_core.package_discovery:discover_packages(ignore) using defaults
[0.116s] Level 1:colcon.colcon_core.package_discovery:discover_packages(path) discover
[0.116s] Level 1:colcon.colcon_core.package_discovery:discover_packages(path) using defaults
[0.127s] INFO:colcon.colcon_core.package_selection:Skipping not selected package 'respeaker_ros' in 'src/respeaker_ros'
[0.127s] INFO:colcon.colcon_core.package_selection:Skipping not selected package 'semubot_bringup' in 'src/semubot_bringup'
[0.127s] INFO:colcon.colcon_core.package_selection:Skipping not selected package 'semubot_driver' in 'src/semubot_driver'
[0.127s] INFO:colcon.colcon_core.package_selection:Skipping not selected package 'semubot_eyes' in 'src/semubot_eyes'
[0.127s] INFO:colcon.colcon_core.package_selection:Skipping not selected package 'semubot_ros_control' in 'src/semubot_ros_control'
[0.127s] Level 1:colcon.colcon_core.package_discovery:discover_packages(prefix_path) check parameters
[0.127s] Level 1:colcon.colcon_core.package_discovery:discover_packages(prefix_path) discover
[0.128s] DEBUG:colcon.colcon_installed_package_information.package_discovery:Found 1 installed packages in /home/mykyta-nesterenko/Huseynli-thesis-2025-ROS-integration/semubot_ros2_ws/install
[0.129s] DEBUG:colcon.colcon_installed_package_information.package_discovery:Found 310 installed packages in /opt/ros/jazzy
[0.130s] Level 1:colcon.colcon_core.package_discovery:discover_packages(prefix_path) using defaults
[0.157s] Level 5:colcon.colcon_core.verb:set package 'semubot_description' build argument 'cmake_args' from command line to 'None'
[0.157s] Level 5:colcon.colcon_core.verb:set package 'semubot_description' build argument 'cmake_target' from command line to 'None'
[0.157s] Level 5:colcon.colcon_core.verb:set package 'semubot_description' build argument 'cmake_target_skip_unavailable' from command line to 'False'
[0.157s] Level 5:colcon.colcon_core.verb:set package 'semubot_description' build argument 'cmake_clean_cache' from command line to 'False'
[0.157s] Level 5:colcon.colcon_core.verb:set package 'semubot_description' build argument 'cmake_clean_first' from command line to 'False'
[0.157s] Level 5:colcon.colcon_core.verb:set package 'semubot_description' build argument 'cmake_force_configure' from command line to 'False'
[0.157s] Level 5:colcon.colcon_core.verb:set package 'semubot_description' build argument 'ament_cmake_args' from command line to 'None'
[0.157s] Level 5:colcon.colcon_core.verb:set package 'semubot_description' build argument 'catkin_cmake_args' from command line to 'None'
[0.157s] Level 5:colcon.colcon_core.verb:set package 'semubot_description' build argument 'catkin_skip_building_tests' from command line to 'False'
[0.157s] DEBUG:colcon.colcon_core.verb:Building package 'semubot_description' with the following arguments: {'ament_cmake_args': None, 'build_base': '/home/mykyta-nesterenko/Nesterenko-thesis-2026-ROS-stack/build/semubot_description', 'catkin_cmake_args': None, 'catkin_skip_building_tests': False, 'cmake_args': None, 'cmake_clean_cache': False, 'cmake_clean_first': False, 'cmake_force_configure': False, 'cmake_target': None, 'cmake_target_skip_unavailable': False, 'install_base': '/home/mykyta-nesterenko/Nesterenko-thesis-2026-ROS-stack/install/semubot_description', 'merge_install': False, 'path': '/home/mykyta-nesterenko/Nesterenko-thesis-2026-ROS-stack/src/semubot_description', 'symlink_install': False, 'test_result_base': None}
[0.157s] INFO:colcon.colcon_core.executor:Executing jobs using 'parallel' executor
[0.157s] DEBUG:colcon.colcon_parallel_executor.executor.parallel:run_until_complete
[0.158s] INFO:colcon.colcon_ros.task.ament_cmake.build:Building ROS package in '/home/mykyta-nesterenko/Nesterenko-thesis-2026-ROS-stack/src/semubot_description' with build type 'ament_cmake'
[0.158s] INFO:colcon.colcon_cmake.task.cmake.build:Building CMake package in '/home/mykyta-nesterenko/Nesterenko-thesis-2026-ROS-stack/src/semubot_description'
[0.159s] INFO:colcon.colcon_core.plugin_system:Skipping extension 'colcon_core.shell.bat': Not used on non-Windows systems
[0.159s] INFO:colcon.colcon_core.shell:Skip shell extension 'powershell' for command environment: Not usable outside of PowerShell
[0.159s] DEBUG:colcon.colcon_core.shell:Skip shell extension 'dsv' for command environment
[0.164s] DEBUG:colcon.colcon_core.event_handler.log_command:Invoking command in '/home/mykyta-nesterenko/Nesterenko-thesis-2026-ROS-stack/build/semubot_description': CMAKE_PREFIX_PATH=${CMAKE_PREFIX_PATH}:/opt/ros/jazzy DEBUGINFOD_URLS=https://debuginfod.ubuntu.com /usr/bin/cmake --build /home/mykyta-nesterenko/Nesterenko-thesis-2026-ROS-stack/build/semubot_description -- -j12 -l12
[0.186s] DEBUG:colcon.colcon_core.event_handler.log_command:Invoked command in '/home/mykyta-nesterenko/Nesterenko-thesis-2026-ROS-stack/build/semubot_description' returned '0': CMAKE_PREFIX_PATH=${CMAKE_PREFIX_PATH}:/opt/ros/jazzy DEBUGINFOD_URLS=https://debuginfod.ubuntu.com /usr/bin/cmake --build /home/mykyta-nesterenko/Nesterenko-thesis-2026-ROS-stack/build/semubot_description -- -j12 -l12
[0.198s] DEBUG:colcon.colcon_core.event_handler.log_command:Invoking command in '/home/mykyta-nesterenko/Nesterenko-thesis-2026-ROS-stack/build/semubot_description': CMAKE_PREFIX_PATH=${CMAKE_PREFIX_PATH}:/opt/ros/jazzy DEBUGINFOD_URLS=https://debuginfod.ubuntu.com /usr/bin/cmake --install /home/mykyta-nesterenko/Nesterenko-thesis-2026-ROS-stack/build/semubot_description
[0.218s] Level 1:colcon.colcon_core.environment:create_environment_scripts_only(semubot_description)
[0.218s] DEBUG:colcon.colcon_core.event_handler.log_command:Invoked command in '/home/mykyta-nesterenko/Nesterenko-thesis-2026-ROS-stack/build/semubot_description' returned '0': CMAKE_PREFIX_PATH=${CMAKE_PREFIX_PATH}:/opt/ros/jazzy DEBUGINFOD_URLS=https://debuginfod.ubuntu.com /usr/bin/cmake --install /home/mykyta-nesterenko/Nesterenko-thesis-2026-ROS-stack/build/semubot_description
[0.219s] Level 1:colcon.colcon_core.environment:checking '/home/mykyta-nesterenko/Nesterenko-thesis-2026-ROS-stack/install/semubot_description' for CMake module files
[0.219s] Level 1:colcon.colcon_core.environment:checking '/home/mykyta-nesterenko/Nesterenko-thesis-2026-ROS-stack/install/semubot_description' for CMake config files
[0.220s] Level 1:colcon.colcon_core.shell:create_environment_hook('semubot_description', 'cmake_prefix_path')
[0.220s] INFO:colcon.colcon_core.shell:Creating environment hook '/home/mykyta-nesterenko/Nesterenko-thesis-2026-ROS-stack/install/semubot_description/share/semubot_description/hook/cmake_prefix_path.ps1'
[0.220s] INFO:colcon.colcon_core.shell:Creating environment descriptor '/home/mykyta-nesterenko/Nesterenko-thesis-2026-ROS-stack/install/semubot_description/share/semubot_description/hook/cmake_prefix_path.dsv'
[0.220s] INFO:colcon.colcon_core.shell:Creating environment hook '/home/mykyta-nesterenko/Nesterenko-thesis-2026-ROS-stack/install/semubot_description/share/semubot_description/hook/cmake_prefix_path.sh'
[0.221s] Level 1:colcon.colcon_core.environment:checking '/home/mykyta-nesterenko/Nesterenko-thesis-2026-ROS-stack/install/semubot_description/bin'
[0.221s] Level 1:colcon.colcon_core.environment:checking '/home/mykyta-nesterenko/Nesterenko-thesis-2026-ROS-stack/install/semubot_description/lib/pkgconfig/semubot_description.pc'
[0.221s] Level 1:colcon.colcon_core.environment:checking '/home/mykyta-nesterenko/Nesterenko-thesis-2026-ROS-stack/install/semubot_description/lib/python3.12/site-packages'
[0.221s] Level 1:colcon.colcon_core.environment:checking '/home/mykyta-nesterenko/Nesterenko-thesis-2026-ROS-stack/install/semubot_description/bin'
[0.221s] INFO:colcon.colcon_core.shell:Creating package script '/home/mykyta-nesterenko/Nesterenko-thesis-2026-ROS-stack/install/semubot_description/share/semubot_description/package.ps1'
[0.222s] INFO:colcon.colcon_core.shell:Creating package descriptor '/home/mykyta-nesterenko/Nesterenko-thesis-2026-ROS-stack/install/semubot_description/share/semubot_description/package.dsv'
[0.222s] INFO:colcon.colcon_core.shell:Creating package script '/home/mykyta-nesterenko/Nesterenko-thesis-2026-ROS-stack/install/semubot_description/share/semubot_description/package.sh'
[0.222s] INFO:colcon.colcon_core.shell:Creating package script '/home/mykyta-nesterenko/Nesterenko-thesis-2026-ROS-stack/install/semubot_description/share/semubot_description/package.bash'
[0.223s] INFO:colcon.colcon_core.shell:Creating package script '/home/mykyta-nesterenko/Nesterenko-thesis-2026-ROS-stack/install/semubot_description/share/semubot_description/package.zsh'
[0.223s] Level 1:colcon.colcon_core.environment:create_file_with_runtime_dependencies(/home/mykyta-nesterenko/Nesterenko-thesis-2026-ROS-stack/install/semubot_description/share/colcon-core/packages/semubot_description)
[0.223s] Level 1:colcon.colcon_core.environment:create_environment_scripts_only(semubot_description)
[0.224s] Level 1:colcon.colcon_core.environment:checking '/home/mykyta-nesterenko/Nesterenko-thesis-2026-ROS-stack/install/semubot_description' for CMake module files
[0.224s] Level 1:colcon.colcon_core.environment:checking '/home/mykyta-nesterenko/Nesterenko-thesis-2026-ROS-stack/install/semubot_description' for CMake config files
[0.224s] Level 1:colcon.colcon_core.shell:create_environment_hook('semubot_description', 'cmake_prefix_path')
[0.224s] INFO:colcon.colcon_core.shell:Creating environment hook '/home/mykyta-nesterenko/Nesterenko-thesis-2026-ROS-stack/install/semubot_description/share/semubot_description/hook/cmake_prefix_path.ps1'
[0.224s] INFO:colcon.colcon_core.shell:Creating environment descriptor '/home/mykyta-nesterenko/Nesterenko-thesis-2026-ROS-stack/install/semubot_description/share/semubot_description/hook/cmake_prefix_path.dsv'
[0.224s] INFO:colcon.colcon_core.shell:Creating environment hook '/home/mykyta-nesterenko/Nesterenko-thesis-2026-ROS-stack/install/semubot_description/share/semubot_description/hook/cmake_prefix_path.sh'
[0.225s] Level 1:colcon.colcon_core.environment:checking '/home/mykyta-nesterenko/Nesterenko-thesis-2026-ROS-stack/install/semubot_description/bin'
[0.225s] Level 1:colcon.colcon_core.environment:checking '/home/mykyta-nesterenko/Nesterenko-thesis-2026-ROS-stack/install/semubot_description/lib/pkgconfig/semubot_description.pc'
[0.225s] Level 1:colcon.colcon_core.environment:checking '/home/mykyta-nesterenko/Nesterenko-thesis-2026-ROS-stack/install/semubot_description/lib/python3.12/site-packages'
[0.225s] Level 1:colcon.colcon_core.environment:checking '/home/mykyta-nesterenko/Nesterenko-thesis-2026-ROS-stack/install/semubot_description/bin'
[0.225s] INFO:colcon.colcon_core.shell:Creating package script '/home/mykyta-nesterenko/Nesterenko-thesis-2026-ROS-stack/install/semubot_description/share/semubot_description/package.ps1'
[0.226s] INFO:colcon.colcon_core.shell:Creating package descriptor '/home/mykyta-nesterenko/Nesterenko-thesis-2026-ROS-stack/install/semubot_description/share/semubot_description/package.dsv'
[0.226s] INFO:colcon.colcon_core.shell:Creating package script '/home/mykyta-nesterenko/Nesterenko-thesis-2026-ROS-stack/install/semubot_description/share/semubot_description/package.sh'
[0.226s] INFO:colcon.colcon_core.shell:Creating package script '/home/mykyta-nesterenko/Nesterenko-thesis-2026-ROS-stack/install/semubot_description/share/semubot_description/package.bash'
[0.226s] INFO:colcon.colcon_core.shell:Creating package script '/home/mykyta-nesterenko/Nesterenko-thesis-2026-ROS-stack/install/semubot_description/share/semubot_description/package.zsh'
[0.226s] Level 1:colcon.colcon_core.environment:create_file_with_runtime_dependencies(/home/mykyta-nesterenko/Nesterenko-thesis-2026-ROS-stack/install/semubot_description/share/colcon-core/packages/semubot_description)
[0.227s] DEBUG:colcon.colcon_parallel_executor.executor.parallel:closing loop
[0.227s] DEBUG:colcon.colcon_parallel_executor.executor.parallel:loop closed
[0.227s] DEBUG:colcon.colcon_parallel_executor.executor.parallel:run_until_complete finished with '0'
[0.227s] DEBUG:colcon.colcon_core.event_reactor:joining thread
[0.231s] INFO:colcon.colcon_core.plugin_system:Skipping extension 'colcon_notification.desktop_notification.terminal_notifier': Not used on non-Darwin systems
[0.231s] INFO:colcon.colcon_core.plugin_system:Skipping extension 'colcon_notification.desktop_notification.win32': Not used on non-Windows systems
[0.231s] INFO:colcon.colcon_notification.desktop_notification:Sending desktop notification using 'notify2'
[0.238s] DEBUG:colcon.colcon_core.event_reactor:joined thread
[0.238s] INFO:colcon.colcon_core.shell:Creating prefix script '/home/mykyta-nesterenko/Nesterenko-thesis-2026-ROS-stack/install/local_setup.ps1'
[0.239s] INFO:colcon.colcon_core.shell:Creating prefix util module '/home/mykyta-nesterenko/Nesterenko-thesis-2026-ROS-stack/install/_local_setup_util_ps1.py'
[0.240s] INFO:colcon.colcon_core.shell:Creating prefix chain script '/home/mykyta-nesterenko/Nesterenko-thesis-2026-ROS-stack/install/setup.ps1'
[0.240s] INFO:colcon.colcon_core.shell:Creating prefix script '/home/mykyta-nesterenko/Nesterenko-thesis-2026-ROS-stack/install/local_setup.sh'
[0.241s] INFO:colcon.colcon_core.shell:Creating prefix util module '/home/mykyta-nesterenko/Nesterenko-thesis-2026-ROS-stack/install/_local_setup_util_sh.py'
[0.241s] INFO:colcon.colcon_core.shell:Creating prefix chain script '/home/mykyta-nesterenko/Nesterenko-thesis-2026-ROS-stack/install/setup.sh'
[0.241s] INFO:colcon.colcon_core.shell:Creating prefix script '/home/mykyta-nesterenko/Nesterenko-thesis-2026-ROS-stack/install/local_setup.bash'
[0.242s] INFO:colcon.colcon_core.shell:Creating prefix chain script '/home/mykyta-nesterenko/Nesterenko-thesis-2026-ROS-stack/install/setup.bash'
[0.242s] INFO:colcon.colcon_core.shell:Creating prefix script '/home/mykyta-nesterenko/Nesterenko-thesis-2026-ROS-stack/install/local_setup.zsh'
[0.242s] INFO:colcon.colcon_core.shell:Creating prefix chain script '/home/mykyta-nesterenko/Nesterenko-thesis-2026-ROS-stack/install/setup.zsh'
