[01m[K/home/mykyta-nesterenko/Nesterenko-thesis-2026-ROS-stack/src/semubot_ros_control/src/semubot_hardware_interface.cpp:[m[K In member function ‘[01m[Kvirtual hardware_interface::CallbackReturn semubot_hardware_interface::SemubotHardwareInterface::[01;32m[Kon_init[m[K(const hardware_interface::HardwareInfo&)[m[K’:
[01m[K/home/mykyta-nesterenko/Nesterenko-thesis-2026-ROS-stack/src/semubot_ros_control/src/semubot_hardware_interface.cpp:12:51:[m[K [01;35m[Kwarning: [m[K‘[01m[Kvirtual rclcpp_lifecycle::node_interfaces::LifecycleNodeInterface::CallbackReturn hardware_interface::HardwareComponentInterface::[01;32m[Kon_init[m[K(const hardware_interface::HardwareInfo&)[m[K’ is deprecated: Use on_init(const HardwareComponentInterfaceParams & params) instead. [[01;35m[K]8;;https://gcc.gnu.org/onlinedocs/gcc/Warning-Options.html#index-Wdeprecated-declarations-Wdeprecated-declarations]8;;[m[K]
   12 |   if ([01;35m[Khardware_interface::SystemInterface::on_init(info)[m[K !=
      |       [01;35m[K~~~~~~~~~~~~~~~~~~~~~~~~~~~~~~~~~~~~~~~~~~~~^~~~~~[m[K
In file included from [01m[K/opt/ros/jazzy/include/hardware_interface/hardware_interface/system_interface.hpp:18[m[K,
                 from [01m[K/home/mykyta-nesterenko/Nesterenko-thesis-2026-ROS-stack/src/semubot_ros_control/include/semubot_hardware_interface.hpp:10[m[K,
                 from [01m[K/home/mykyta-nesterenko/Nesterenko-thesis-2026-ROS-stack/src/semubot_ros_control/src/semubot_hardware_interface.cpp:1[m[K:
[01m[K/opt/ros/jazzy/include/hardware_interface/hardware_interface/hardware_component_interface.hpp:140:26:[m[K [01;36m[Knote: [m[Kdeclared here
  140 |   virtual CallbackReturn [01;36m[Kon_init[m[K(const HardwareInfo & hardware_info);
      |                          [01;36m[K^~~~~~~[m[K
[01m[K/home/mykyta-nesterenko/Nesterenko-thesis-2026-ROS-stack/src/semubot_ros_control/src/semubot_velocity_controller.cpp:[m[K In member function ‘[01m[Kvirtual controller_interface::return_type semubot_velocity_controller::SemubotVelocityController::[01;32m[Kupdate[m[K(const rclcpp::Time&, const rclcpp::Duration&)[m[K’:
[01m[K/home/mykyta-nesterenko/Nesterenko-thesis-2026-ROS-stack/src/semubot_ros_control/src/semubot_velocity_controller.cpp:193:37:[m[K [01;35m[Kwarning: [m[Kignoring return value of ‘[01m[Kbool hardware_interface::LoanedCommandInterface::[01;32m[Kset_value[m[K(const T&, unsigned int) [35m[K[with T = double][m[K[m[K’, declared with attribute ‘[01m[Knodiscard[m[K’ [[01;35m[K]8;;https://gcc.gnu.org/onlinedocs/gcc/Warning-Options.html#index-Wunused-result-Wunused-result]8;;[m[K]
  193 |     [01;35m[Kcommand_interfaces_[i].set_value(output[i])[m[K;
      |     [01;35m[K~~~~~~~~~~~~~~~~~~~~~~~~~~~~~~~~^~~~~~~~~~~[m[K
In file included from [01m[K/opt/ros/jazzy/include/controller_interface/controller_interface/controller_interface_base.hpp:29[m[K,
                 from [01m[K/opt/ros/jazzy/include/controller_interface/controller_interface/controller_interface.hpp:21[m[K,
                 from [01m[K/home/mykyta-nesterenko/Nesterenko-thesis-2026-ROS-stack/src/semubot_ros_control/include/semubot_velocity_controller.hpp:10[m[K,
                 from [01m[K/home/mykyta-nesterenko/Nesterenko-thesis-2026-ROS-stack/src/semubot_ros_control/src/semubot_velocity_controller.cpp:1[m[K:
[01m[K/opt/ros/jazzy/include/hardware_interface/hardware_interface/loaned_command_interface.hpp:117:22:[m[K [01;36m[Knote: [m[Kdeclared here
  117 |   [[nodiscard]] bool [01;36m[Kset_value[m[K(const T & value, unsigned int max_tries = 10)
      |                      [01;36m[K^~~~~~~~~[m[K
