-- The C compiler identification is GNU 13.3.0
-- The CXX compiler identification is GNU 13.3.0
-- Detecting C compiler ABI info
-- Detecting C compiler ABI info - done
-- Check for working C compiler: /usr/bin/cc - skipped
-- Detecting C compile features
-- Detecting C compile features - done
-- Detecting CXX compiler ABI info
-- Detecting CXX compiler ABI info - done
-- Check for working CXX compiler: /usr/bin/c++ - skipped
-- Detecting CXX compile features
-- Detecting CXX compile features - done
-- Found ament_cmake: 2.5.6 (/opt/ros/jazzy/share/ament_cmake/cmake)
-- Found Python3: /usr/bin/python3 (found version "3.12.3") found components: Interpreter 
-- Override CMake install command with custom implementation using symlinks instead of copying resources
-- Found hardware_interface: 4.44.0 (/opt/ros/jazzy/share/hardware_interface/cmake)
-- Found rosidl_generator_c: 4.6.7 (/opt/ros/jazzy/share/rosidl_generator_c/cmake)
-- Found rosidl_generator_cpp: 4.6.7 (/opt/ros/jazzy/share/rosidl_generator_cpp/cmake)
-- Using all available rosidl_typesupport_c: rosidl_typesupport_fastrtps_c;rosidl_typesupport_introspection_c
-- Using all available rosidl_typesupport_cpp: rosidl_typesupport_fastrtps_cpp;rosidl_typesupport_introspection_cpp
-- Found TinyXML2 via Config file: /usr/lib/x86_64-linux-gnu/cmake/tinyxml2
-- Found rmw_implementation_cmake: 7.3.3 (/opt/ros/jazzy/share/rmw_implementation_cmake/cmake)
-- Found rmw_fastrtps_cpp: 8.4.3 (/opt/ros/jazzy/share/rmw_fastrtps_cpp/cmake)
-- Found TinyXML2 via Config file: /usr/lib/x86_64-linux-gnu/cmake/tinyxml2
-- Found OpenSSL: /usr/lib/x86_64-linux-gnu/libcrypto.so (found version "3.0.13")  
-- Found TinyXML2 via Config file: /usr/lib/x86_64-linux-gnu/cmake/tinyxml2
-- Found FastRTPS: /opt/ros/jazzy/include (Required is at least version "2.13") 
-- Found TinyXML2 via Config file: /usr/lib/x86_64-linux-gnu/cmake/tinyxml2
-- Found TinyXML2 via Config file: /usr/lib/x86_64-linux-gnu/cmake/tinyxml2
-- Using RMW implementation 'rmw_fastrtps_cpp' as default
-- Found controller_interface: 4.44.0 (/opt/ros/jazzy/share/controller_interface/cmake)
-- Found nav_msgs: 5.3.6 (/opt/ros/jazzy/share/nav_msgs/cmake)
-- Found tf2: 0.36.19 (/opt/ros/jazzy/share/tf2/cmake)
-- Configuring done (1.1s)
-- Generating done (0.0s)
-- Build files have been written to: /home/mykyta-nesterenko/Nesterenko-thesis-2026-ROS-stack/build/semubot_ros_control
[ 25%] [32mBuilding CXX object CMakeFiles/semubot_hardware_interface.dir/src/semubot_hardware_interface.cpp.o[0m
[ 50%] [32mBuilding CXX object CMakeFiles/semubot_velocity_controller.dir/src/semubot_velocity_controller.cpp.o[0m
[ 75%] [32m[1mLinking CXX shared library libsemubot_hardware_interface.so[0m
[ 75%] Built target semubot_hardware_interface
[100%] [32m[1mLinking CXX shared library libsemubot_velocity_controller.so[0m
[100%] Built target semubot_velocity_controller
-- Install configuration: ""
-- Execute custom install script
-- Symlinking: /home/mykyta-nesterenko/Nesterenko-thesis-2026-ROS-stack/install/semubot_ros_control/share/semubot_ros_control//semubot_hardware_interface_plugin.xml
-- Symlinking: /home/mykyta-nesterenko/Nesterenko-thesis-2026-ROS-stack/install/semubot_ros_control/share/semubot_ros_control//semubot_velocity_controller_plugin.xml
-- Symlinking: /home/mykyta-nesterenko/Nesterenko-thesis-2026-ROS-stack/install/semubot_ros_control/include/omni_robot_control/semubot_hardware_interface.hpp
-- Symlinking: /home/mykyta-nesterenko/Nesterenko-thesis-2026-ROS-stack/install/semubot_ros_control/include/omni_robot_control/semubot_velocity_controller.hpp
-- Up-to-date symlink: /home/mykyta-nesterenko/Nesterenko-thesis-2026-ROS-stack/install/semubot_ros_control/share/semubot_ros_control/semubot_hardware_interface_plugin.xml
-- Up-to-date symlink: /home/mykyta-nesterenko/Nesterenko-thesis-2026-ROS-stack/install/semubot_ros_control/share/semubot_ros_control/semubot_velocity_controller_plugin.xml
-- Symlinking: /home/mykyta-nesterenko/Nesterenko-thesis-2026-ROS-stack/install/semubot_ros_control/share/semubot_ros_control//launch/semubot_control.launch.py
-- Symlinking: /home/mykyta-nesterenko/Nesterenko-thesis-2026-ROS-stack/install/semubot_ros_control/share/semubot_ros_control//config/joy_config.yaml
-- Symlinking: /home/mykyta-nesterenko/Nesterenko-thesis-2026-ROS-stack/install/semubot_ros_control/share/semubot_ros_control//config/semubot_controllers.yaml
-- Symlinking: /home/mykyta-nesterenko/Nesterenko-thesis-2026-ROS-stack/install/semubot_ros_control/share/semubot_ros_control/environment/library_path.sh
-- Symlinking: /home/mykyta-nesterenko/Nesterenko-thesis-2026-ROS-stack/install/semubot_ros_control/share/semubot_ros_control/environment/library_path.dsv
-- Symlinking: /home/mykyta-nesterenko/Nesterenko-thesis-2026-ROS-stack/install/semubot_ros_control/share/ament_index/resource_index/package_run_dependencies/semubot_ros_control
-- Symlinking: /home/mykyta-nesterenko/Nesterenko-thesis-2026-ROS-stack/install/semubot_ros_control/share/ament_index/resource_index/parent_prefix_path/semubot_ros_control
-- Symlinking: /home/mykyta-nesterenko/Nesterenko-thesis-2026-ROS-stack/install/semubot_ros_control/share/semubot_ros_control/environment/ament_prefix_path.sh
-- Symlinking: /home/mykyta-nesterenko/Nesterenko-thesis-2026-ROS-stack/install/semubot_ros_control/share/semubot_ros_control/environment/ament_prefix_path.dsv
-- Symlinking: /home/mykyta-nesterenko/Nesterenko-thesis-2026-ROS-stack/install/semubot_ros_control/share/semubot_ros_control/environment/path.sh
-- Symlinking: /home/mykyta-nesterenko/Nesterenko-thesis-2026-ROS-stack/install/semubot_ros_control/share/semubot_ros_control/environment/path.dsv
-- Symlinking: /home/mykyta-nesterenko/Nesterenko-thesis-2026-ROS-stack/install/semubot_ros_control/share/semubot_ros_control/local_setup.bash
-- Symlinking: /home/mykyta-nesterenko/Nesterenko-thesis-2026-ROS-stack/install/semubot_ros_control/share/semubot_ros_control/local_setup.sh
-- Symlinking: /home/mykyta-nesterenko/Nesterenko-thesis-2026-ROS-stack/install/semubot_ros_control/share/semubot_ros_control/local_setup.zsh
-- Symlinking: /home/mykyta-nesterenko/Nesterenko-thesis-2026-ROS-stack/install/semubot_ros_control/share/semubot_ros_control/local_setup.dsv
-- Symlinking: /home/mykyta-nesterenko/Nesterenko-thesis-2026-ROS-stack/install/semubot_ros_control/share/semubot_ros_control/package.dsv
-- Symlinking: /home/mykyta-nesterenko/Nesterenko-thesis-2026-ROS-stack/install/semubot_ros_control/share/ament_index/resource_index/packages/semubot_ros_control
-- Symlinking: /home/mykyta-nesterenko/Nesterenko-thesis-2026-ROS-stack/install/semubot_ros_control/share/ament_index/resource_index/hardware_interface__pluginlib__plugin/semubot_ros_control
-- Symlinking: /home/mykyta-nesterenko/Nesterenko-thesis-2026-ROS-stack/install/semubot_ros_control/share/ament_index/resource_index/controller_interface__pluginlib__plugin/semubot_ros_control
-- Symlinking: /home/mykyta-nesterenko/Nesterenko-thesis-2026-ROS-stack/install/semubot_ros_control/share/semubot_ros_control/cmake/ament_cmake_export_targets-extras.cmake
-- Symlinking: /home/mykyta-nesterenko/Nesterenko-thesis-2026-ROS-stack/install/semubot_ros_control/share/semubot_ros_control/cmake/ament_cmake_export_dependencies-extras.cmake
-- Symlinking: /home/mykyta-nesterenko/Nesterenko-thesis-2026-ROS-stack/install/semubot_ros_control/share/semubot_ros_control/cmake/semubot_ros_controlConfig.cmake
-- Symlinking: /home/mykyta-nesterenko/Nesterenko-thesis-2026-ROS-stack/install/semubot_ros_control/share/semubot_ros_control/cmake/semubot_ros_controlConfig-version.cmake
-- Symlinking: /home/mykyta-nesterenko/Nesterenko-thesis-2026-ROS-stack/install/semubot_ros_control/share/semubot_ros_control/package.xml
-- Installing: /home/mykyta-nesterenko/Nesterenko-thesis-2026-ROS-stack/install/semubot_ros_control/lib/libsemubot_hardware_interface.so
-- Set non-toolchain portion of runtime path of "/home/mykyta-nesterenko/Nesterenko-thesis-2026-ROS-stack/install/semubot_ros_control/lib/libsemubot_hardware_interface.so" to ""
-- Installing: /home/mykyta-nesterenko/Nesterenko-thesis-2026-ROS-stack/install/semubot_ros_control/lib/libsemubot_velocity_controller.so
-- Set non-toolchain portion of runtime path of "/home/mykyta-nesterenko/Nesterenko-thesis-2026-ROS-stack/install/semubot_ros_control/lib/libsemubot_velocity_controller.so" to ""
-- Installing: /home/mykyta-nesterenko/Nesterenko-thesis-2026-ROS-stack/install/semubot_ros_control/share/semubot_ros_control/cmake/export_omni_robot_controlExport.cmake
-- Installing: /home/mykyta-nesterenko/Nesterenko-thesis-2026-ROS-stack/install/semubot_ros_control/share/semubot_ros_control/cmake/export_omni_robot_controlExport-noconfig.cmake
