[0.488s] Invoking command in '/home/mykyta-nesterenko/Nesterenko-thesis-2026-ROS-stack/build/semubot_driver': DEBUGINFOD_URLS=https://debuginfod.ubuntu.com /usr/bin/cmake /home/mykyta-nesterenko/Nesterenko-thesis-2026-ROS-stack/src/semubot_driver -DAMENT_CMAKE_SYMLINK_INSTALL=1 -DCMAKE_INSTALL_PREFIX=/home/mykyta-nesterenko/Nesterenko-thesis-2026-ROS-stack/install/semubot_driver
[0.674s] -- The C compiler identification is GNU 13.3.0
[0.800s] -- The CXX compiler identification is GNU 13.3.0
[0.820s] -- Detecting C compiler ABI info
[0.892s] -- Detecting C compiler ABI info - done
[0.898s] -- Check for working C compiler: /usr/bin/cc - skipped
[0.898s] -- Detecting C compile features
[0.899s] -- Detecting C compile features - done
[0.905s] -- Detecting CXX compiler ABI info
[0.967s] -- Detecting CXX compiler ABI info - done
[0.988s] -- Check for working CXX compiler: /usr/bin/c++ - skipped
[0.988s] -- Detecting CXX compile features
[0.989s] -- Detecting CXX compile features - done
[1.008s] [31mCMake Error at CMakeLists.txt:8 (find_package):
[1.008s]   By not providing "Findament_cmake.cmake" in CMAKE_MODULE_PATH this project
[1.008s]   has asked CMake to find a package configuration file provided by
[1.008s]   "ament_cmake", but CMake did not find one.
[1.009s] 
[1.009s]   Could not find a package configuration file provided by "ament_cmake" with
[1.009s]   any of the following names:
[1.009s] 
[1.009s]     ament_cmakeConfig.cmake
[1.009s]     ament_cmake-config.cmake
[1.009s] 
[1.009s]   Add the installation prefix of "ament_cmake" to CMAKE_PREFIX_PATH or set
[1.009s]   "ament_cmake_DIR" to a directory containing one of the above files.  If
[1.010s]   "ament_cmake" provides a separate development package or SDK, be sure it
[1.010s]   has been installed.
[1.010s] 
[1.010s] [0m
[1.010s] -- Configuring incomplete, errors occurred!
[1.014s] Invoked command in '/home/mykyta-nesterenko/Nesterenko-thesis-2026-ROS-stack/build/semubot_driver' returned '1': DEBUGINFOD_URLS=https://debuginfod.ubuntu.com /usr/bin/cmake /home/mykyta-nesterenko/Nesterenko-thesis-2026-ROS-stack/src/semubot_driver -DAMENT_CMAKE_SYMLINK_INSTALL=1 -DCMAKE_INSTALL_PREFIX=/home/mykyta-nesterenko/Nesterenko-thesis-2026-ROS-stack/install/semubot_driver
